[0.008s] Invoking command in '/home/victor-22/go2_ws/slam_ws/catkin_point_lio_unilidar/build/point_lio': CMAKE_PREFIX_PATH=${CMAKE_PREFIX_PATH}:/opt/ros/humble /usr/bin/cmake /home/victor-22/go2_ws/slam_ws/catkin_point_lio_unilidar/src/point_lio_ros2 -DAMENT_CMAKE_SYMLINK_INSTALL=1 -DCMAKE_INSTALL_PREFIX=/home/victor-22/go2_ws/slam_ws/catkin_point_lio_unilidar/install/point_lio
[0.056s] -- The C compiler identification is GNU 11.4.0
[0.110s] -- The CXX compiler identification is GNU 11.4.0
[0.117s] -- Detecting C compiler ABI info
[0.180s] -- Detecting C compiler ABI info - done
[0.188s] -- Check for working C compiler: /usr/bin/cc - skipped
[0.189s] -- Detecting C compile features
[0.189s] -- Detecting C compile features - done
[0.192s] -- Detecting CXX compiler ABI info
[0.267s] -- Detecting CXX compiler ABI info - done
[0.276s] -- Check for working CXX compiler: /usr/bin/c++ - skipped
[0.276s] -- Detecting CXX compile features
[0.277s] -- Detecting CXX compile features - done
[0.277s] -- Current CPU architecture: x86_64
[0.281s] -- Processor number:  8
[0.281s] -- core for MP:  3
[0.282s] -- Found ament_cmake: 1.3.12 (/opt/ros/humble/share/ament_cmake/cmake)
[0.429s] -- Found Python3: /usr/bin/python3 (found version "3.10.12") found components: Interpreter 
[0.489s] -- Override CMake install command with custom implementation using symlinks instead of copying resources
[0.508s] -- Found rclcpp: 16.0.15 (/opt/ros/humble/share/rclcpp/cmake)
[0.544s] -- Found rosidl_generator_c: 3.1.7 (/opt/ros/humble/share/rosidl_generator_c/cmake)
[0.548s] -- Found rosidl_adapter: 3.1.7 (/opt/ros/humble/share/rosidl_adapter/cmake)
[0.555s] -- Found rosidl_generator_cpp: 3.1.7 (/opt/ros/humble/share/rosidl_generator_cpp/cmake)
[0.566s] -- Using all available rosidl_typesupport_c: rosidl_typesupport_fastrtps_c;rosidl_typesupport_introspection_c
[0.580s] -- Using all available rosidl_typesupport_cpp: rosidl_typesupport_fastrtps_cpp;rosidl_typesupport_introspection_cpp
[0.619s] -- Found rmw_implementation_cmake: 6.1.2 (/opt/ros/humble/share/rmw_implementation_cmake/cmake)
[0.621s] -- Found rmw_fastrtps_cpp: 6.2.9 (/opt/ros/humble/share/rmw_fastrtps_cpp/cmake)
[0.690s] -- Found OpenSSL: /usr/lib/x86_64-linux-gnu/libcrypto.so (found version "3.0.2")  
[0.714s] -- Found FastRTPS: /opt/ros/humble/include  
[0.750s] -- Using RMW implementation 'rmw_fastrtps_cpp' as default
[0.757s] -- Looking for pthread.h
[0.822s] -- Looking for pthread.h - found
[0.822s] -- Performing Test CMAKE_HAVE_LIBC_PTHREAD
[0.891s] -- Performing Test CMAKE_HAVE_LIBC_PTHREAD - Success
[0.892s] -- Found Threads: TRUE  
[0.943s] -- Found rclpy: 3.3.17 (/opt/ros/humble/share/rclpy/cmake)
[0.944s] -- Found geometry_msgs: 4.9.0 (/opt/ros/humble/share/geometry_msgs/cmake)
[0.957s] -- Found nav_msgs: 4.9.0 (/opt/ros/humble/share/nav_msgs/cmake)
[0.975s] -- Found sensor_msgs: 4.9.0 (/opt/ros/humble/share/sensor_msgs/cmake)
[0.994s] -- Found pcl_ros: 2.4.5 (/opt/ros/humble/share/pcl_ros/cmake)
[1.035s] -- Checking for module 'eigen3'
[1.046s] --   Found eigen3, version 3.4.0
[1.071s] -- Found Eigen: /usr/include/eigen3 (Required is at least version "3.1") 
[1.071s] -- Eigen found (include: /usr/include/eigen3, version: 3.4.0)
[1.098s] -- Checking for module 'flann'
[1.108s] --   Found flann, version 1.9.1
[1.140s] -- Found FLANN: /usr/lib/x86_64-linux-gnu/libflann_cpp.so  
[1.141s] -- FLANN found (include: /usr/include, lib: /usr/lib/x86_64-linux-gnu/libflann_cpp.so)
[1.956s] -- Checking for module 'libusb-1.0'
[1.968s] --   Found libusb-1.0, version 1.0.25
[1.997s] -- Found libusb: /usr/lib/x86_64-linux-gnu/libusb-1.0.so  
[1.998s] -- OpenNI found (version: 1.5.4.0, include: /usr/include/ni, lib: /usr/lib/libOpenNI.so;libusb::libusb)
[2.045s] -- OpenNI2 found (version: 2.2.0.33, include: /usr/include/openni2, lib: /usr/lib/x86_64-linux-gnu/libOpenNI2.so;libusb::libusb)
[2.192s] -- Eigen found (include: /usr/include/eigen3, version: 3.4.0)
[2.199s] -- OpenNI found (version: 1.5.4.0, include: /usr/include/ni, lib: /usr/lib/libOpenNI.so;libusb::libusb)
[2.204s] -- OpenNI2 found (version: 2.2.0.33, include: /usr/include/openni2, lib: /usr/lib/x86_64-linux-gnu/libOpenNI2.so;libusb::libusb)
[2.339s] -- Found Qhull version 8.0.2
[2.478s] -- OpenNI found (version: 1.5.4.0, include: /usr/include/ni, lib: /usr/lib/libOpenNI.so;libusb::libusb)
[2.615s] -- Found PCL_COMMON: /usr/lib/x86_64-linux-gnu/libpcl_common.so  
[2.616s] -- Found PCL_KDTREE: /usr/lib/x86_64-linux-gnu/libpcl_kdtree.so  
[2.616s] -- Found PCL_OCTREE: /usr/lib/x86_64-linux-gnu/libpcl_octree.so  
[2.617s] -- Found PCL_SEARCH: /usr/lib/x86_64-linux-gnu/libpcl_search.so  
[2.618s] -- Found PCL_SAMPLE_CONSENSUS: /usr/lib/x86_64-linux-gnu/libpcl_sample_consensus.so  
[2.619s] -- Found PCL_FILTERS: /usr/lib/x86_64-linux-gnu/libpcl_filters.so  
[2.619s] -- Found PCL_2D: /usr/include/pcl-1.12  
[2.619s] -- Found PCL_GEOMETRY: /usr/include/pcl-1.12  
[2.620s] -- Found PCL_IO: /usr/lib/x86_64-linux-gnu/libpcl_io.so  
[2.621s] -- Found PCL_FEATURES: /usr/lib/x86_64-linux-gnu/libpcl_features.so  
[2.622s] -- Found PCL_ML: /usr/lib/x86_64-linux-gnu/libpcl_ml.so  
[2.623s] -- Found PCL_SEGMENTATION: /usr/lib/x86_64-linux-gnu/libpcl_segmentation.so  
[2.624s] -- Found PCL_VISUALIZATION: /usr/lib/x86_64-linux-gnu/libpcl_visualization.so  
[2.625s] -- Found PCL_SURFACE: /usr/lib/x86_64-linux-gnu/libpcl_surface.so  
[2.626s] -- Found PCL_REGISTRATION: /usr/lib/x86_64-linux-gnu/libpcl_registration.so  
[2.627s] -- Found PCL_KEYPOINTS: /usr/lib/x86_64-linux-gnu/libpcl_keypoints.so  
[2.628s] -- Found PCL_TRACKING: /usr/lib/x86_64-linux-gnu/libpcl_tracking.so  
[2.629s] -- Found PCL_RECOGNITION: /usr/lib/x86_64-linux-gnu/libpcl_recognition.so  
[2.631s] -- Found PCL_STEREO: /usr/lib/x86_64-linux-gnu/libpcl_stereo.so  
[2.631s] -- Found PCL_APPS: /usr/lib/x86_64-linux-gnu/libpcl_apps.so  
[2.632s] -- Found PCL_IN_HAND_SCANNER: /usr/include/pcl-1.12  
[2.633s] -- Found PCL_MODELER: /usr/include/pcl-1.12  
[2.633s] -- Found PCL_POINT_CLOUD_EDITOR: /usr/include/pcl-1.12  
[2.634s] -- Found PCL_OUTOFCORE: /usr/lib/x86_64-linux-gnu/libpcl_outofcore.so  
[2.635s] -- Found PCL_PEOPLE: /usr/lib/x86_64-linux-gnu/libpcl_people.so  
[2.664s] -- Found eigen3_cmake_module: 0.1.1 (/opt/ros/humble/share/eigen3_cmake_module/cmake)
[2.666s] -- Found Eigen3: TRUE (found version "3.4.0") 
[2.666s] -- Ensuring Eigen3 include directory is part of orocos-kdl CMake target
[2.755s] -- Found visualization_msgs: 4.9.0 (/opt/ros/humble/share/visualization_msgs/cmake)
[3.089s] -- Found PythonLibs: /usr/lib/x86_64-linux-gnu/libpython3.10.so (found version "3.10.12") 
[3.166s] -- Configuring done
[3.209s] -- Generating done
[3.220s] -- Build files have been written to: /home/victor-22/go2_ws/slam_ws/catkin_point_lio_unilidar/build/point_lio
[3.240s] Invoked command in '/home/victor-22/go2_ws/slam_ws/catkin_point_lio_unilidar/build/point_lio' returned '0': CMAKE_PREFIX_PATH=${CMAKE_PREFIX_PATH}:/opt/ros/humble /usr/bin/cmake /home/victor-22/go2_ws/slam_ws/catkin_point_lio_unilidar/src/point_lio_ros2 -DAMENT_CMAKE_SYMLINK_INSTALL=1 -DCMAKE_INSTALL_PREFIX=/home/victor-22/go2_ws/slam_ws/catkin_point_lio_unilidar/install/point_lio
[3.243s] Invoking command in '/home/victor-22/go2_ws/slam_ws/catkin_point_lio_unilidar/build/point_lio': CMAKE_PREFIX_PATH=${CMAKE_PREFIX_PATH}:/opt/ros/humble /usr/bin/cmake --build /home/victor-22/go2_ws/slam_ws/catkin_point_lio_unilidar/build/point_lio -- -j8 -l8
[3.298s] [ 16%] [32mBuilding CXX object CMakeFiles/pointlio_mapping.dir/src/Estimator.cpp.o[0m
[3.299s] [ 66%] [32mBuilding CXX object CMakeFiles/pointlio_mapping.dir/src/laserMapping.cpp.o[0m
[3.299s] [ 66%] [32mBuilding CXX object CMakeFiles/pointlio_mapping.dir/include/ikd-Tree/ikd_Tree.cpp.o[0m
[3.299s] [ 66%] [32mBuilding CXX object CMakeFiles/pointlio_mapping.dir/src/parameters.cpp.o[0m
[3.299s] [ 83%] [32mBuilding CXX object CMakeFiles/pointlio_mapping.dir/src/preprocess.cpp.o[0m
[68.536s] [100%] [32m[1mLinking CXX executable pointlio_mapping[0m
[69.883s] [100%] Built target pointlio_mapping
[69.898s] Invoked command in '/home/victor-22/go2_ws/slam_ws/catkin_point_lio_unilidar/build/point_lio' returned '0': CMAKE_PREFIX_PATH=${CMAKE_PREFIX_PATH}:/opt/ros/humble /usr/bin/cmake --build /home/victor-22/go2_ws/slam_ws/catkin_point_lio_unilidar/build/point_lio -- -j8 -l8
[69.910s] Invoking command in '/home/victor-22/go2_ws/slam_ws/catkin_point_lio_unilidar/build/point_lio': CMAKE_PREFIX_PATH=${CMAKE_PREFIX_PATH}:/opt/ros/humble /usr/bin/cmake --install /home/victor-22/go2_ws/slam_ws/catkin_point_lio_unilidar/build/point_lio
[69.919s] -- Install configuration: ""
[69.920s] -- Execute custom install script
[69.920s] -- Symlinking: /home/victor-22/go2_ws/slam_ws/catkin_point_lio_unilidar/install/point_lio/lib/point_lio/pointlio_mapping
[69.930s] -- Symlinking: /home/victor-22/go2_ws/slam_ws/catkin_point_lio_unilidar/install/point_lio/share/point_lio/config/avia.yaml
[69.939s] -- Symlinking: /home/victor-22/go2_ws/slam_ws/catkin_point_lio_unilidar/install/point_lio/share/point_lio/config/horizon.yaml
[69.949s] -- Symlinking: /home/victor-22/go2_ws/slam_ws/catkin_point_lio_unilidar/install/point_lio/share/point_lio/config/mid360.yaml
[69.958s] -- Symlinking: /home/victor-22/go2_ws/slam_ws/catkin_point_lio_unilidar/install/point_lio/share/point_lio/config/ouster64.yaml
[69.967s] -- Symlinking: /home/victor-22/go2_ws/slam_ws/catkin_point_lio_unilidar/install/point_lio/share/point_lio/config/unilidar_l1.yaml
[69.976s] -- Symlinking: /home/victor-22/go2_ws/slam_ws/catkin_point_lio_unilidar/install/point_lio/share/point_lio/config/unilidar_l2.yaml
[69.985s] -- Symlinking: /home/victor-22/go2_ws/slam_ws/catkin_point_lio_unilidar/install/point_lio/share/point_lio/config/velody16.yaml
[69.994s] -- Symlinking: /home/victor-22/go2_ws/slam_ws/catkin_point_lio_unilidar/install/point_lio/share/point_lio/launch/correct_odom_unilidar_l1.launch.py
[70.003s] -- Symlinking: /home/victor-22/go2_ws/slam_ws/catkin_point_lio_unilidar/install/point_lio/share/point_lio/launch/correct_odom_unilidar_l2.launch.py
[70.012s] -- Symlinking: /home/victor-22/go2_ws/slam_ws/catkin_point_lio_unilidar/install/point_lio/share/point_lio/launch/gdb_debug_example.launch.py
[70.020s] -- Symlinking: /home/victor-22/go2_ws/slam_ws/catkin_point_lio_unilidar/install/point_lio/share/point_lio/launch/mapping_avia.launch.py
[70.029s] -- Symlinking: /home/victor-22/go2_ws/slam_ws/catkin_point_lio_unilidar/install/point_lio/share/point_lio/launch/mapping_horizon.launch.py
[70.038s] -- Symlinking: /home/victor-22/go2_ws/slam_ws/catkin_point_lio_unilidar/install/point_lio/share/point_lio/launch/mapping_mid360.launch.py
[70.047s] -- Symlinking: /home/victor-22/go2_ws/slam_ws/catkin_point_lio_unilidar/install/point_lio/share/point_lio/launch/mapping_ouster64.launch.py
[70.055s] -- Symlinking: /home/victor-22/go2_ws/slam_ws/catkin_point_lio_unilidar/install/point_lio/share/point_lio/launch/mapping_unilidar_l1.launch.py
[70.064s] -- Symlinking: /home/victor-22/go2_ws/slam_ws/catkin_point_lio_unilidar/install/point_lio/share/point_lio/launch/mapping_unilidar_l2.launch.py
[70.073s] -- Symlinking: /home/victor-22/go2_ws/slam_ws/catkin_point_lio_unilidar/install/point_lio/share/point_lio/launch/mapping_velody16.launch.py
[70.083s] -- Symlinking: /home/victor-22/go2_ws/slam_ws/catkin_point_lio_unilidar/install/point_lio/share/point_lio/rviz_cfg/loam_livox.rviz
[70.092s] -- Symlinking: /home/victor-22/go2_ws/slam_ws/catkin_point_lio_unilidar/install/point_lio/share/ament_index/resource_index/package_run_dependencies/point_lio
[70.101s] -- Symlinking: /home/victor-22/go2_ws/slam_ws/catkin_point_lio_unilidar/install/point_lio/share/ament_index/resource_index/parent_prefix_path/point_lio
[70.110s] -- Symlinking: /home/victor-22/go2_ws/slam_ws/catkin_point_lio_unilidar/install/point_lio/share/point_lio/environment/ament_prefix_path.sh
[70.119s] -- Symlinking: /home/victor-22/go2_ws/slam_ws/catkin_point_lio_unilidar/install/point_lio/share/point_lio/environment/ament_prefix_path.dsv
[70.128s] -- Symlinking: /home/victor-22/go2_ws/slam_ws/catkin_point_lio_unilidar/install/point_lio/share/point_lio/environment/path.sh
[70.137s] -- Symlinking: /home/victor-22/go2_ws/slam_ws/catkin_point_lio_unilidar/install/point_lio/share/point_lio/environment/path.dsv
[70.147s] -- Symlinking: /home/victor-22/go2_ws/slam_ws/catkin_point_lio_unilidar/install/point_lio/share/point_lio/local_setup.bash
[70.156s] -- Symlinking: /home/victor-22/go2_ws/slam_ws/catkin_point_lio_unilidar/install/point_lio/share/point_lio/local_setup.sh
[70.165s] -- Symlinking: /home/victor-22/go2_ws/slam_ws/catkin_point_lio_unilidar/install/point_lio/share/point_lio/local_setup.zsh
[70.174s] -- Symlinking: /home/victor-22/go2_ws/slam_ws/catkin_point_lio_unilidar/install/point_lio/share/point_lio/local_setup.dsv
[70.184s] -- Symlinking: /home/victor-22/go2_ws/slam_ws/catkin_point_lio_unilidar/install/point_lio/share/point_lio/package.dsv
[70.193s] -- Symlinking: /home/victor-22/go2_ws/slam_ws/catkin_point_lio_unilidar/install/point_lio/share/ament_index/resource_index/packages/point_lio
[70.202s] -- Symlinking: /home/victor-22/go2_ws/slam_ws/catkin_point_lio_unilidar/install/point_lio/share/point_lio/cmake/ament_cmake_export_dependencies-extras.cmake
[70.212s] -- Symlinking: /home/victor-22/go2_ws/slam_ws/catkin_point_lio_unilidar/install/point_lio/share/point_lio/cmake/point_lioConfig.cmake
[70.221s] -- Symlinking: /home/victor-22/go2_ws/slam_ws/catkin_point_lio_unilidar/install/point_lio/share/point_lio/cmake/point_lioConfig-version.cmake
[70.230s] -- Symlinking: /home/victor-22/go2_ws/slam_ws/catkin_point_lio_unilidar/install/point_lio/share/point_lio/package.xml
[70.241s] Invoked command in '/home/victor-22/go2_ws/slam_ws/catkin_point_lio_unilidar/build/point_lio' returned '0': CMAKE_PREFIX_PATH=${CMAKE_PREFIX_PATH}:/opt/ros/humble /usr/bin/cmake --install /home/victor-22/go2_ws/slam_ws/catkin_point_lio_unilidar/build/point_lio
