[0.194s] DEBUG:colcon:Command line arguments: ['/usr/bin/colcon', 'build', '--packages-select', 'flatten_pointcloud']
[0.194s] DEBUG:colcon:Parsed command line arguments: Namespace(log_base=None, log_level=None, verb_name='build', build_base='build', install_base='install', merge_install=False, symlink_install=False, test_result_base=None, continue_on_error=False, executor='parallel', parallel_workers=8, event_handlers=None, ignore_user_meta=False, metas=['./colcon.meta'], base_paths=['.'], packages_ignore=None, packages_ignore_regex=None, paths=None, packages_up_to=None, packages_up_to_regex=None, packages_above=None, packages_above_and_dependencies=None, packages_above_depth=None, packages_select_by_dep=None, packages_skip_by_dep=None, packages_skip_up_to=None, packages_select_build_failed=False, packages_skip_build_finished=False, packages_select_test_failures=False, packages_skip_test_passed=False, packages_select=['flatten_pointcloud'], packages_skip=None, packages_select_regex=None, packages_skip_regex=None, packages_start=None, packages_end=None, allow_overriding=[], cmake_args=None, cmake_target=None, cmake_target_skip_unavailable=False, cmake_clean_cache=False, cmake_clean_first=False, cmake_force_configure=False, ament_cmake_args=None, catkin_cmake_args=None, catkin_skip_building_tests=False, mixin_files=None, mixin=None, verb_parser=<colcon_mixin.mixin.mixin_argument.MixinArgumentDecorator object at 0x7066ee4d22f0>, verb_extension=<colcon_core.verb.build.BuildVerb object at 0x7066ee4d1930>, main=<bound method BuildVerb.main of <colcon_core.verb.build.BuildVerb object at 0x7066ee4d1930>>, mixin_verb=('build',))
[0.448s] Level 1:colcon.colcon_core.package_discovery:discover_packages(colcon_meta) check parameters
[0.448s] Level 1:colcon.colcon_core.package_discovery:discover_packages(recursive) check parameters
[0.448s] Level 1:colcon.colcon_core.package_discovery:discover_packages(ignore) check parameters
[0.448s] Level 1:colcon.colcon_core.package_discovery:discover_packages(path) check parameters
[0.448s] Level 1:colcon.colcon_core.package_discovery:discover_packages(colcon_meta) discover
[0.448s] Level 1:colcon.colcon_core.package_discovery:discover_packages(recursive) discover
[0.448s] INFO:colcon.colcon_core.package_discovery:Crawling recursively for packages in '/home/victor-22/go2_ws/slam_ws/flatten_point_cloud_ws'
[0.448s] Level 1:colcon.colcon_core.package_identification:_identify(.) by extensions ['ignore', 'ignore_ament_install']
[0.448s] Level 1:colcon.colcon_core.package_identification:_identify(.) by extension 'ignore'
[0.448s] Level 1:colcon.colcon_core.package_identification:_identify(.) by extension 'ignore_ament_install'
[0.448s] Level 1:colcon.colcon_core.package_identification:_identify(.) by extensions ['colcon_pkg']
[0.448s] Level 1:colcon.colcon_core.package_identification:_identify(.) by extension 'colcon_pkg'
[0.448s] Level 1:colcon.colcon_core.package_identification:_identify(.) by extensions ['colcon_meta']
[0.448s] Level 1:colcon.colcon_core.package_identification:_identify(.) by extension 'colcon_meta'
[0.448s] Level 1:colcon.colcon_core.package_identification:_identify(.) by extensions ['ros']
[0.448s] Level 1:colcon.colcon_core.package_identification:_identify(.) by extension 'ros'
[0.463s] DEBUG:colcon.colcon_core.package_identification:Package '.' with type 'ros.ament_cmake' and name 'flatten_pointcloud'
[0.463s] Level 1:colcon.colcon_core.package_discovery:discover_packages(recursive) using defaults
[0.463s] Level 1:colcon.colcon_core.package_discovery:discover_packages(ignore) discover
[0.463s] Level 1:colcon.colcon_core.package_discovery:discover_packages(ignore) using defaults
[0.463s] Level 1:colcon.colcon_core.package_discovery:discover_packages(path) discover
[0.463s] Level 1:colcon.colcon_core.package_discovery:discover_packages(path) using defaults
[0.501s] Level 1:colcon.colcon_core.package_discovery:discover_packages(prefix_path) check parameters
[0.501s] Level 1:colcon.colcon_core.package_discovery:discover_packages(prefix_path) discover
[0.502s] WARNING:colcon.colcon_core.prefix_path.colcon:The path '/home/victor-22/go2_ws/slam_ws/laser_scan_bridge_ws/install' in the environment variable COLCON_PREFIX_PATH doesn't exist
[0.502s] WARNING:colcon.colcon_ros.prefix_path.ament:The path '/home/victor-22/go2_ws/slam_ws/laser_scan_bridge_ws/install/laser_scan_bridge' in the environment variable AMENT_PREFIX_PATH doesn't exist
[0.503s] WARNING:colcon.colcon_ros.prefix_path.catkin:The path '/home/victor-22/go2_ws/slam_ws/laser_scan_bridge_ws/install/laser_scan_bridge' in the environment variable CMAKE_PREFIX_PATH doesn't exist
[0.505s] DEBUG:colcon.colcon_installed_package_information.package_discovery:Found 3 installed packages in /home/victor-22/unitree_ros2/cyclonedds_ws/install
[0.506s] DEBUG:colcon.colcon_installed_package_information.package_discovery:Found 282 installed packages in /opt/ros/humble
[0.508s] Level 1:colcon.colcon_core.package_discovery:discover_packages(prefix_path) using defaults
[0.576s] Level 5:colcon.colcon_core.verb:set package 'flatten_pointcloud' build argument 'cmake_args' from command line to 'None'
[0.576s] Level 5:colcon.colcon_core.verb:set package 'flatten_pointcloud' build argument 'cmake_target' from command line to 'None'
[0.576s] Level 5:colcon.colcon_core.verb:set package 'flatten_pointcloud' build argument 'cmake_target_skip_unavailable' from command line to 'False'
[0.576s] Level 5:colcon.colcon_core.verb:set package 'flatten_pointcloud' build argument 'cmake_clean_cache' from command line to 'False'
[0.576s] Level 5:colcon.colcon_core.verb:set package 'flatten_pointcloud' build argument 'cmake_clean_first' from command line to 'False'
[0.576s] Level 5:colcon.colcon_core.verb:set package 'flatten_pointcloud' build argument 'cmake_force_configure' from command line to 'False'
[0.576s] Level 5:colcon.colcon_core.verb:set package 'flatten_pointcloud' build argument 'ament_cmake_args' from command line to 'None'
[0.576s] Level 5:colcon.colcon_core.verb:set package 'flatten_pointcloud' build argument 'catkin_cmake_args' from command line to 'None'
[0.576s] Level 5:colcon.colcon_core.verb:set package 'flatten_pointcloud' build argument 'catkin_skip_building_tests' from command line to 'False'
[0.576s] DEBUG:colcon.colcon_core.verb:Building package 'flatten_pointcloud' with the following arguments: {'ament_cmake_args': None, 'build_base': '/home/victor-22/go2_ws/slam_ws/flatten_point_cloud_ws/build/flatten_pointcloud', 'catkin_cmake_args': None, 'catkin_skip_building_tests': False, 'cmake_args': None, 'cmake_clean_cache': False, 'cmake_clean_first': False, 'cmake_force_configure': False, 'cmake_target': None, 'cmake_target_skip_unavailable': False, 'install_base': '/home/victor-22/go2_ws/slam_ws/flatten_point_cloud_ws/install/flatten_pointcloud', 'merge_install': False, 'path': '/home/victor-22/go2_ws/slam_ws/flatten_point_cloud_ws', 'symlink_install': False, 'test_result_base': None}
[0.576s] INFO:colcon.colcon_core.executor:Executing jobs using 'parallel' executor
[0.577s] DEBUG:colcon.colcon_parallel_executor.executor.parallel:run_until_complete
[0.577s] INFO:colcon.colcon_ros.task.ament_cmake.build:Building ROS package in '/home/victor-22/go2_ws/slam_ws/flatten_point_cloud_ws' with build type 'ament_cmake'
[0.577s] INFO:colcon.colcon_cmake.task.cmake.build:Building CMake package in '/home/victor-22/go2_ws/slam_ws/flatten_point_cloud_ws'
[0.581s] INFO:colcon.colcon_core.plugin_system:Skipping extension 'colcon_core.shell.bat': Not used on non-Windows systems
[0.581s] INFO:colcon.colcon_core.shell:Skip shell extension 'powershell' for command environment: Not usable outside of PowerShell
[0.581s] DEBUG:colcon.colcon_core.shell:Skip shell extension 'dsv' for command environment
[0.587s] DEBUG:colcon.colcon_core.event_handler.log_command:Invoking command in '/home/victor-22/go2_ws/slam_ws/flatten_point_cloud_ws/build/flatten_pointcloud': CMAKE_PREFIX_PATH=${CMAKE_PREFIX_PATH}:/opt/ros/humble /home/victor-22/.local/bin/cmake /home/victor-22/go2_ws/slam_ws/flatten_point_cloud_ws -DCMAKE_INSTALL_PREFIX=/home/victor-22/go2_ws/slam_ws/flatten_point_cloud_ws/install/flatten_pointcloud
[1.739s] DEBUG:colcon.colcon_core.event_handler.log_command:Invoked command in '/home/victor-22/go2_ws/slam_ws/flatten_point_cloud_ws/build/flatten_pointcloud' returned '1': CMAKE_PREFIX_PATH=${CMAKE_PREFIX_PATH}:/opt/ros/humble /home/victor-22/.local/bin/cmake /home/victor-22/go2_ws/slam_ws/flatten_point_cloud_ws -DCMAKE_INSTALL_PREFIX=/home/victor-22/go2_ws/slam_ws/flatten_point_cloud_ws/install/flatten_pointcloud
[1.812s] Level 1:colcon.colcon_core.environment:create_environment_scripts_only(flatten_pointcloud)
[1.816s] Level 1:colcon.colcon_core.environment:checking '/home/victor-22/go2_ws/slam_ws/flatten_point_cloud_ws/install/flatten_pointcloud' for CMake module files
[1.816s] Level 1:colcon.colcon_core.environment:checking '/home/victor-22/go2_ws/slam_ws/flatten_point_cloud_ws/install/flatten_pointcloud' for CMake config files
[1.817s] Level 1:colcon.colcon_core.environment:checking '/home/victor-22/go2_ws/slam_ws/flatten_point_cloud_ws/install/flatten_pointcloud/bin'
[1.817s] Level 1:colcon.colcon_core.environment:checking '/home/victor-22/go2_ws/slam_ws/flatten_point_cloud_ws/install/flatten_pointcloud/lib/pkgconfig/flatten_pointcloud.pc'
[1.817s] Level 1:colcon.colcon_core.environment:checking '/home/victor-22/go2_ws/slam_ws/flatten_point_cloud_ws/install/flatten_pointcloud/lib/python3.10/site-packages'
[1.817s] Level 1:colcon.colcon_core.environment:checking '/home/victor-22/go2_ws/slam_ws/flatten_point_cloud_ws/install/flatten_pointcloud/bin'
[1.818s] INFO:colcon.colcon_core.shell:Creating package script '/home/victor-22/go2_ws/slam_ws/flatten_point_cloud_ws/install/flatten_pointcloud/share/flatten_pointcloud/package.ps1'
[1.819s] INFO:colcon.colcon_core.shell:Creating package descriptor '/home/victor-22/go2_ws/slam_ws/flatten_point_cloud_ws/install/flatten_pointcloud/share/flatten_pointcloud/package.dsv'
[1.819s] INFO:colcon.colcon_core.shell:Creating package script '/home/victor-22/go2_ws/slam_ws/flatten_point_cloud_ws/install/flatten_pointcloud/share/flatten_pointcloud/package.sh'
[1.820s] INFO:colcon.colcon_core.shell:Creating package script '/home/victor-22/go2_ws/slam_ws/flatten_point_cloud_ws/install/flatten_pointcloud/share/flatten_pointcloud/package.bash'
[1.821s] INFO:colcon.colcon_core.shell:Creating package script '/home/victor-22/go2_ws/slam_ws/flatten_point_cloud_ws/install/flatten_pointcloud/share/flatten_pointcloud/package.zsh'
[1.821s] Level 1:colcon.colcon_core.environment:create_file_with_runtime_dependencies(/home/victor-22/go2_ws/slam_ws/flatten_point_cloud_ws/install/flatten_pointcloud/share/colcon-core/packages/flatten_pointcloud)
[1.832s] DEBUG:colcon.colcon_parallel_executor.executor.parallel:closing loop
[1.832s] DEBUG:colcon.colcon_parallel_executor.executor.parallel:loop closed
[1.832s] DEBUG:colcon.colcon_parallel_executor.executor.parallel:run_until_complete finished with '1'
[1.832s] DEBUG:colcon.colcon_core.event_reactor:joining thread
[1.840s] INFO:colcon.colcon_core.plugin_system:Skipping extension 'colcon_notification.desktop_notification.terminal_notifier': Not used on non-Darwin systems
[1.840s] INFO:colcon.colcon_core.plugin_system:Skipping extension 'colcon_notification.desktop_notification.win32': Not used on non-Windows systems
[1.840s] INFO:colcon.colcon_notification.desktop_notification:Sending desktop notification using 'notify2'
[1.886s] DEBUG:colcon.colcon_core.event_reactor:joined thread
[1.887s] INFO:colcon.colcon_core.shell:Creating prefix script '/home/victor-22/go2_ws/slam_ws/flatten_point_cloud_ws/install/local_setup.ps1'
[1.889s] INFO:colcon.colcon_core.shell:Creating prefix util module '/home/victor-22/go2_ws/slam_ws/flatten_point_cloud_ws/install/_local_setup_util_ps1.py'
[1.891s] INFO:colcon.colcon_core.shell:Creating prefix chain script '/home/victor-22/go2_ws/slam_ws/flatten_point_cloud_ws/install/setup.ps1'
[1.894s] INFO:colcon.colcon_core.shell:Creating prefix script '/home/victor-22/go2_ws/slam_ws/flatten_point_cloud_ws/install/local_setup.sh'
[1.895s] INFO:colcon.colcon_core.shell:Creating prefix util module '/home/victor-22/go2_ws/slam_ws/flatten_point_cloud_ws/install/_local_setup_util_sh.py'
[1.896s] INFO:colcon.colcon_core.shell:Creating prefix chain script '/home/victor-22/go2_ws/slam_ws/flatten_point_cloud_ws/install/setup.sh'
[1.898s] INFO:colcon.colcon_core.shell:Creating prefix script '/home/victor-22/go2_ws/slam_ws/flatten_point_cloud_ws/install/local_setup.bash'
[1.899s] INFO:colcon.colcon_core.shell:Creating prefix chain script '/home/victor-22/go2_ws/slam_ws/flatten_point_cloud_ws/install/setup.bash'
[1.901s] INFO:colcon.colcon_core.shell:Creating prefix script '/home/victor-22/go2_ws/slam_ws/flatten_point_cloud_ws/install/local_setup.zsh'
[1.902s] INFO:colcon.colcon_core.shell:Creating prefix chain script '/home/victor-22/go2_ws/slam_ws/flatten_point_cloud_ws/install/setup.zsh'
