[0.142s] DEBUG:colcon:Command line arguments: ['/usr/bin/colcon', 'build']
[0.142s] DEBUG:colcon:Parsed command line arguments: Namespace(log_base=None, log_level=None, verb_name='build', build_base='build', install_base='install', merge_install=False, symlink_install=False, test_result_base=None, continue_on_error=False, executor='parallel', parallel_workers=8, event_handlers=None, ignore_user_meta=False, metas=['./colcon.meta'], base_paths=['.'], packages_ignore=None, packages_ignore_regex=None, paths=None, packages_up_to=None, packages_up_to_regex=None, packages_above=None, packages_above_and_dependencies=None, packages_above_depth=None, packages_select_by_dep=None, packages_skip_by_dep=None, packages_skip_up_to=None, packages_select_build_failed=False, packages_skip_build_finished=False, packages_select_test_failures=False, packages_skip_test_passed=False, packages_select=None, packages_skip=None, packages_select_regex=None, packages_skip_regex=None, packages_start=None, packages_end=None, allow_overriding=[], cmake_args=None, cmake_target=None, cmake_target_skip_unavailable=False, cmake_clean_cache=False, cmake_clean_first=False, cmake_force_configure=False, ament_cmake_args=None, catkin_cmake_args=None, catkin_skip_building_tests=False, mixin_files=None, mixin=None, verb_parser=<colcon_mixin.mixin.mixin_argument.MixinArgumentDecorator object at 0x7e04a156a2c0>, verb_extension=<colcon_core.verb.build.BuildVerb object at 0x7e04a1569900>, main=<bound method BuildVerb.main of <colcon_core.verb.build.BuildVerb object at 0x7e04a1569900>>, mixin_verb=('build',))
[0.379s] Level 1:colcon.colcon_core.package_discovery:discover_packages(colcon_meta) check parameters
[0.379s] Level 1:colcon.colcon_core.package_discovery:discover_packages(recursive) check parameters
[0.379s] Level 1:colcon.colcon_core.package_discovery:discover_packages(ignore) check parameters
[0.379s] Level 1:colcon.colcon_core.package_discovery:discover_packages(path) check parameters
[0.379s] Level 1:colcon.colcon_core.package_discovery:discover_packages(colcon_meta) discover
[0.379s] Level 1:colcon.colcon_core.package_discovery:discover_packages(recursive) discover
[0.379s] INFO:colcon.colcon_core.package_discovery:Crawling recursively for packages in '/home/victor-22/go2_ws/slam_ws/cartographer_ws'
[0.379s] Level 1:colcon.colcon_core.package_identification:_identify(.) by extensions ['ignore', 'ignore_ament_install']
[0.379s] Level 1:colcon.colcon_core.package_identification:_identify(.) by extension 'ignore'
[0.379s] Level 1:colcon.colcon_core.package_identification:_identify(.) by extension 'ignore_ament_install'
[0.379s] Level 1:colcon.colcon_core.package_identification:_identify(.) by extensions ['colcon_pkg']
[0.379s] Level 1:colcon.colcon_core.package_identification:_identify(.) by extension 'colcon_pkg'
[0.379s] Level 1:colcon.colcon_core.package_identification:_identify(.) by extensions ['colcon_meta']
[0.379s] Level 1:colcon.colcon_core.package_identification:_identify(.) by extension 'colcon_meta'
[0.380s] Level 1:colcon.colcon_core.package_identification:_identify(.) by extensions ['ros']
[0.380s] Level 1:colcon.colcon_core.package_identification:_identify(.) by extension 'ros'
[0.391s] Level 1:colcon.colcon_core.package_identification:_identify(.) by extensions ['cmake', 'python']
[0.391s] Level 1:colcon.colcon_core.package_identification:_identify(.) by extension 'cmake'
[0.391s] Level 1:colcon.colcon_core.package_identification:_identify(.) by extension 'python'
[0.391s] Level 1:colcon.colcon_core.package_identification:_identify(.) by extensions ['python_setup_py']
[0.391s] Level 1:colcon.colcon_core.package_identification:_identify(.) by extension 'python_setup_py'
[0.391s] Level 1:colcon.colcon_core.package_identification:_identify(__pycache__) by extensions ['ignore', 'ignore_ament_install']
[0.391s] Level 1:colcon.colcon_core.package_identification:_identify(__pycache__) by extension 'ignore'
[0.391s] Level 1:colcon.colcon_core.package_identification:_identify(__pycache__) by extension 'ignore_ament_install'
[0.391s] Level 1:colcon.colcon_core.package_identification:_identify(__pycache__) by extensions ['colcon_pkg']
[0.391s] Level 1:colcon.colcon_core.package_identification:_identify(__pycache__) by extension 'colcon_pkg'
[0.391s] Level 1:colcon.colcon_core.package_identification:_identify(__pycache__) by extensions ['colcon_meta']
[0.391s] Level 1:colcon.colcon_core.package_identification:_identify(__pycache__) by extension 'colcon_meta'
[0.391s] Level 1:colcon.colcon_core.package_identification:_identify(__pycache__) by extensions ['ros']
[0.392s] Level 1:colcon.colcon_core.package_identification:_identify(__pycache__) by extension 'ros'
[0.392s] Level 1:colcon.colcon_core.package_identification:_identify(__pycache__) by extensions ['cmake', 'python']
[0.392s] Level 1:colcon.colcon_core.package_identification:_identify(__pycache__) by extension 'cmake'
[0.392s] Level 1:colcon.colcon_core.package_identification:_identify(__pycache__) by extension 'python'
[0.392s] Level 1:colcon.colcon_core.package_identification:_identify(__pycache__) by extensions ['python_setup_py']
[0.392s] Level 1:colcon.colcon_core.package_identification:_identify(__pycache__) by extension 'python_setup_py'
[0.392s] Level 1:colcon.colcon_core.package_identification:_identify(build) by extensions ['ignore', 'ignore_ament_install']
[0.392s] Level 1:colcon.colcon_core.package_identification:_identify(build) by extension 'ignore'
[0.392s] Level 1:colcon.colcon_core.package_identification:_identify(build) ignored
[0.392s] Level 1:colcon.colcon_core.package_identification:_identify(install) by extensions ['ignore', 'ignore_ament_install']
[0.392s] Level 1:colcon.colcon_core.package_identification:_identify(install) by extension 'ignore'
[0.392s] Level 1:colcon.colcon_core.package_identification:_identify(install) ignored
[0.392s] Level 1:colcon.colcon_core.package_identification:_identify(log) by extensions ['ignore', 'ignore_ament_install']
[0.392s] Level 1:colcon.colcon_core.package_identification:_identify(log) by extension 'ignore'
[0.392s] Level 1:colcon.colcon_core.package_identification:_identify(log) ignored
[0.392s] Level 1:colcon.colcon_core.package_identification:_identify(src) by extensions ['ignore', 'ignore_ament_install']
[0.392s] Level 1:colcon.colcon_core.package_identification:_identify(src) by extension 'ignore'
[0.392s] Level 1:colcon.colcon_core.package_identification:_identify(src) by extension 'ignore_ament_install'
[0.393s] Level 1:colcon.colcon_core.package_identification:_identify(src) by extensions ['colcon_pkg']
[0.393s] Level 1:colcon.colcon_core.package_identification:_identify(src) by extension 'colcon_pkg'
[0.393s] Level 1:colcon.colcon_core.package_identification:_identify(src) by extensions ['colcon_meta']
[0.393s] Level 1:colcon.colcon_core.package_identification:_identify(src) by extension 'colcon_meta'
[0.393s] Level 1:colcon.colcon_core.package_identification:_identify(src) by extensions ['ros']
[0.393s] Level 1:colcon.colcon_core.package_identification:_identify(src) by extension 'ros'
[0.393s] Level 1:colcon.colcon_core.package_identification:_identify(src) by extensions ['cmake', 'python']
[0.393s] Level 1:colcon.colcon_core.package_identification:_identify(src) by extension 'cmake'
[0.393s] Level 1:colcon.colcon_core.package_identification:_identify(src) by extension 'python'
[0.393s] Level 1:colcon.colcon_core.package_identification:_identify(src) by extensions ['python_setup_py']
[0.393s] Level 1:colcon.colcon_core.package_identification:_identify(src) by extension 'python_setup_py'
[0.393s] Level 1:colcon.colcon_core.package_identification:_identify(src/go2_cartographer) by extensions ['ignore', 'ignore_ament_install']
[0.393s] Level 1:colcon.colcon_core.package_identification:_identify(src/go2_cartographer) by extension 'ignore'
[0.393s] Level 1:colcon.colcon_core.package_identification:_identify(src/go2_cartographer) by extension 'ignore_ament_install'
[0.393s] Level 1:colcon.colcon_core.package_identification:_identify(src/go2_cartographer) by extensions ['colcon_pkg']
[0.393s] Level 1:colcon.colcon_core.package_identification:_identify(src/go2_cartographer) by extension 'colcon_pkg'
[0.393s] Level 1:colcon.colcon_core.package_identification:_identify(src/go2_cartographer) by extensions ['colcon_meta']
[0.393s] Level 1:colcon.colcon_core.package_identification:_identify(src/go2_cartographer) by extension 'colcon_meta'
[0.393s] Level 1:colcon.colcon_core.package_identification:_identify(src/go2_cartographer) by extensions ['ros']
[0.393s] Level 1:colcon.colcon_core.package_identification:_identify(src/go2_cartographer) by extension 'ros'
[0.396s] DEBUG:colcon.colcon_core.package_identification:Package 'src/go2_cartographer' with type 'ros.ament_cmake' and name 'go2_cartographer'
[0.396s] Level 1:colcon.colcon_core.package_discovery:discover_packages(recursive) using defaults
[0.396s] Level 1:colcon.colcon_core.package_discovery:discover_packages(ignore) discover
[0.396s] Level 1:colcon.colcon_core.package_discovery:discover_packages(ignore) using defaults
[0.396s] Level 1:colcon.colcon_core.package_discovery:discover_packages(path) discover
[0.396s] Level 1:colcon.colcon_core.package_discovery:discover_packages(path) using defaults
[0.432s] Level 1:colcon.colcon_core.package_discovery:discover_packages(prefix_path) check parameters
[0.432s] Level 1:colcon.colcon_core.package_discovery:discover_packages(prefix_path) discover
[0.435s] DEBUG:colcon.colcon_installed_package_information.package_discovery:Found 1 installed packages in /home/victor-22/go2_ws/slam_ws/cartographer_ws/install
[0.436s] DEBUG:colcon.colcon_installed_package_information.package_discovery:Found 3 installed packages in /home/victor-22/unitree_ros2/cyclonedds_ws/install
[0.437s] DEBUG:colcon.colcon_installed_package_information.package_discovery:Found 286 installed packages in /opt/ros/humble
[0.438s] Level 1:colcon.colcon_core.package_discovery:discover_packages(prefix_path) using defaults
[0.504s] Level 5:colcon.colcon_core.verb:set package 'go2_cartographer' build argument 'cmake_args' from command line to 'None'
[0.504s] Level 5:colcon.colcon_core.verb:set package 'go2_cartographer' build argument 'cmake_target' from command line to 'None'
[0.504s] Level 5:colcon.colcon_core.verb:set package 'go2_cartographer' build argument 'cmake_target_skip_unavailable' from command line to 'False'
[0.504s] Level 5:colcon.colcon_core.verb:set package 'go2_cartographer' build argument 'cmake_clean_cache' from command line to 'False'
[0.504s] Level 5:colcon.colcon_core.verb:set package 'go2_cartographer' build argument 'cmake_clean_first' from command line to 'False'
[0.504s] Level 5:colcon.colcon_core.verb:set package 'go2_cartographer' build argument 'cmake_force_configure' from command line to 'False'
[0.504s] Level 5:colcon.colcon_core.verb:set package 'go2_cartographer' build argument 'ament_cmake_args' from command line to 'None'
[0.504s] Level 5:colcon.colcon_core.verb:set package 'go2_cartographer' build argument 'catkin_cmake_args' from command line to 'None'
[0.504s] Level 5:colcon.colcon_core.verb:set package 'go2_cartographer' build argument 'catkin_skip_building_tests' from command line to 'False'
[0.504s] DEBUG:colcon.colcon_core.verb:Building package 'go2_cartographer' with the following arguments: {'ament_cmake_args': None, 'build_base': '/home/victor-22/go2_ws/slam_ws/cartographer_ws/build/go2_cartographer', 'catkin_cmake_args': None, 'catkin_skip_building_tests': False, 'cmake_args': None, 'cmake_clean_cache': False, 'cmake_clean_first': False, 'cmake_force_configure': False, 'cmake_target': None, 'cmake_target_skip_unavailable': False, 'install_base': '/home/victor-22/go2_ws/slam_ws/cartographer_ws/install/go2_cartographer', 'merge_install': False, 'path': '/home/victor-22/go2_ws/slam_ws/cartographer_ws/src/go2_cartographer', 'symlink_install': False, 'test_result_base': None}
[0.504s] INFO:colcon.colcon_core.executor:Executing jobs using 'parallel' executor
[0.505s] DEBUG:colcon.colcon_parallel_executor.executor.parallel:run_until_complete
[0.505s] INFO:colcon.colcon_ros.task.ament_cmake.build:Building ROS package in '/home/victor-22/go2_ws/slam_ws/cartographer_ws/src/go2_cartographer' with build type 'ament_cmake'
[0.506s] INFO:colcon.colcon_cmake.task.cmake.build:Building CMake package in '/home/victor-22/go2_ws/slam_ws/cartographer_ws/src/go2_cartographer'
[0.509s] INFO:colcon.colcon_core.plugin_system:Skipping extension 'colcon_core.shell.bat': Not used on non-Windows systems
[0.509s] INFO:colcon.colcon_core.shell:Skip shell extension 'powershell' for command environment: Not usable outside of PowerShell
[0.509s] DEBUG:colcon.colcon_core.shell:Skip shell extension 'dsv' for command environment
[0.517s] DEBUG:colcon.colcon_core.event_handler.log_command:Invoking command in '/home/victor-22/go2_ws/slam_ws/cartographer_ws/build/go2_cartographer': CMAKE_PREFIX_PATH=${CMAKE_PREFIX_PATH}:/opt/ros/humble /home/victor-22/.local/bin/cmake --build /home/victor-22/go2_ws/slam_ws/cartographer_ws/build/go2_cartographer -- -j8 -l8
[0.916s] DEBUG:colcon.colcon_core.event_handler.log_command:Invoked command in '/home/victor-22/go2_ws/slam_ws/cartographer_ws/build/go2_cartographer' returned '0': CMAKE_PREFIX_PATH=${CMAKE_PREFIX_PATH}:/opt/ros/humble /home/victor-22/.local/bin/cmake --build /home/victor-22/go2_ws/slam_ws/cartographer_ws/build/go2_cartographer -- -j8 -l8
[0.989s] DEBUG:colcon.colcon_core.event_handler.log_command:Invoking command in '/home/victor-22/go2_ws/slam_ws/cartographer_ws/build/go2_cartographer': CMAKE_PREFIX_PATH=${CMAKE_PREFIX_PATH}:/opt/ros/humble /home/victor-22/.local/bin/cmake --install /home/victor-22/go2_ws/slam_ws/cartographer_ws/build/go2_cartographer
[1.062s] Level 1:colcon.colcon_core.environment:create_environment_scripts_only(go2_cartographer)
[1.063s] DEBUG:colcon.colcon_core.event_handler.log_command:Invoked command in '/home/victor-22/go2_ws/slam_ws/cartographer_ws/build/go2_cartographer' returned '0': CMAKE_PREFIX_PATH=${CMAKE_PREFIX_PATH}:/opt/ros/humble /home/victor-22/.local/bin/cmake --install /home/victor-22/go2_ws/slam_ws/cartographer_ws/build/go2_cartographer
[1.067s] Level 1:colcon.colcon_core.environment:checking '/home/victor-22/go2_ws/slam_ws/cartographer_ws/install/go2_cartographer' for CMake module files
[1.067s] Level 1:colcon.colcon_core.environment:checking '/home/victor-22/go2_ws/slam_ws/cartographer_ws/install/go2_cartographer' for CMake config files
[1.067s] Level 1:colcon.colcon_core.shell:create_environment_hook('go2_cartographer', 'cmake_prefix_path')
[1.068s] INFO:colcon.colcon_core.shell:Creating environment hook '/home/victor-22/go2_ws/slam_ws/cartographer_ws/install/go2_cartographer/share/go2_cartographer/hook/cmake_prefix_path.ps1'
[1.068s] INFO:colcon.colcon_core.shell:Creating environment descriptor '/home/victor-22/go2_ws/slam_ws/cartographer_ws/install/go2_cartographer/share/go2_cartographer/hook/cmake_prefix_path.dsv'
[1.069s] INFO:colcon.colcon_core.shell:Creating environment hook '/home/victor-22/go2_ws/slam_ws/cartographer_ws/install/go2_cartographer/share/go2_cartographer/hook/cmake_prefix_path.sh'
[1.070s] Level 1:colcon.colcon_core.environment:checking '/home/victor-22/go2_ws/slam_ws/cartographer_ws/install/go2_cartographer/bin'
[1.070s] Level 1:colcon.colcon_core.environment:checking '/home/victor-22/go2_ws/slam_ws/cartographer_ws/install/go2_cartographer/lib/pkgconfig/go2_cartographer.pc'
[1.070s] Level 1:colcon.colcon_core.environment:checking '/home/victor-22/go2_ws/slam_ws/cartographer_ws/install/go2_cartographer/lib/python3.10/site-packages'
[1.070s] Level 1:colcon.colcon_core.environment:checking '/home/victor-22/go2_ws/slam_ws/cartographer_ws/install/go2_cartographer/bin'
[1.071s] INFO:colcon.colcon_core.shell:Creating package script '/home/victor-22/go2_ws/slam_ws/cartographer_ws/install/go2_cartographer/share/go2_cartographer/package.ps1'
[1.071s] INFO:colcon.colcon_core.shell:Creating package descriptor '/home/victor-22/go2_ws/slam_ws/cartographer_ws/install/go2_cartographer/share/go2_cartographer/package.dsv'
[1.072s] INFO:colcon.colcon_core.shell:Creating package script '/home/victor-22/go2_ws/slam_ws/cartographer_ws/install/go2_cartographer/share/go2_cartographer/package.sh'
[1.072s] INFO:colcon.colcon_core.shell:Creating package script '/home/victor-22/go2_ws/slam_ws/cartographer_ws/install/go2_cartographer/share/go2_cartographer/package.bash'
[1.073s] INFO:colcon.colcon_core.shell:Creating package script '/home/victor-22/go2_ws/slam_ws/cartographer_ws/install/go2_cartographer/share/go2_cartographer/package.zsh'
[1.074s] Level 1:colcon.colcon_core.environment:create_file_with_runtime_dependencies(/home/victor-22/go2_ws/slam_ws/cartographer_ws/install/go2_cartographer/share/colcon-core/packages/go2_cartographer)
[1.075s] Level 1:colcon.colcon_core.environment:create_environment_scripts_only(go2_cartographer)
[1.075s] Level 1:colcon.colcon_core.environment:checking '/home/victor-22/go2_ws/slam_ws/cartographer_ws/install/go2_cartographer' for CMake module files
[1.075s] Level 1:colcon.colcon_core.environment:checking '/home/victor-22/go2_ws/slam_ws/cartographer_ws/install/go2_cartographer' for CMake config files
[1.075s] Level 1:colcon.colcon_core.shell:create_environment_hook('go2_cartographer', 'cmake_prefix_path')
[1.076s] INFO:colcon.colcon_core.shell:Creating environment hook '/home/victor-22/go2_ws/slam_ws/cartographer_ws/install/go2_cartographer/share/go2_cartographer/hook/cmake_prefix_path.ps1'
[1.076s] INFO:colcon.colcon_core.shell:Creating environment descriptor '/home/victor-22/go2_ws/slam_ws/cartographer_ws/install/go2_cartographer/share/go2_cartographer/hook/cmake_prefix_path.dsv'
[1.076s] INFO:colcon.colcon_core.shell:Creating environment hook '/home/victor-22/go2_ws/slam_ws/cartographer_ws/install/go2_cartographer/share/go2_cartographer/hook/cmake_prefix_path.sh'
[1.077s] Level 1:colcon.colcon_core.environment:checking '/home/victor-22/go2_ws/slam_ws/cartographer_ws/install/go2_cartographer/bin'
[1.077s] Level 1:colcon.colcon_core.environment:checking '/home/victor-22/go2_ws/slam_ws/cartographer_ws/install/go2_cartographer/lib/pkgconfig/go2_cartographer.pc'
[1.077s] Level 1:colcon.colcon_core.environment:checking '/home/victor-22/go2_ws/slam_ws/cartographer_ws/install/go2_cartographer/lib/python3.10/site-packages'
[1.077s] Level 1:colcon.colcon_core.environment:checking '/home/victor-22/go2_ws/slam_ws/cartographer_ws/install/go2_cartographer/bin'
[1.077s] INFO:colcon.colcon_core.shell:Creating package script '/home/victor-22/go2_ws/slam_ws/cartographer_ws/install/go2_cartographer/share/go2_cartographer/package.ps1'
[1.078s] INFO:colcon.colcon_core.shell:Creating package descriptor '/home/victor-22/go2_ws/slam_ws/cartographer_ws/install/go2_cartographer/share/go2_cartographer/package.dsv'
[1.078s] INFO:colcon.colcon_core.shell:Creating package script '/home/victor-22/go2_ws/slam_ws/cartographer_ws/install/go2_cartographer/share/go2_cartographer/package.sh'
[1.078s] INFO:colcon.colcon_core.shell:Creating package script '/home/victor-22/go2_ws/slam_ws/cartographer_ws/install/go2_cartographer/share/go2_cartographer/package.bash'
[1.079s] INFO:colcon.colcon_core.shell:Creating package script '/home/victor-22/go2_ws/slam_ws/cartographer_ws/install/go2_cartographer/share/go2_cartographer/package.zsh'
[1.079s] Level 1:colcon.colcon_core.environment:create_file_with_runtime_dependencies(/home/victor-22/go2_ws/slam_ws/cartographer_ws/install/go2_cartographer/share/colcon-core/packages/go2_cartographer)
[1.079s] DEBUG:colcon.colcon_parallel_executor.executor.parallel:closing loop
[1.080s] DEBUG:colcon.colcon_parallel_executor.executor.parallel:loop closed
[1.080s] DEBUG:colcon.colcon_parallel_executor.executor.parallel:run_until_complete finished with '0'
[1.080s] DEBUG:colcon.colcon_core.event_reactor:joining thread
[1.088s] INFO:colcon.colcon_core.plugin_system:Skipping extension 'colcon_notification.desktop_notification.terminal_notifier': Not used on non-Darwin systems
[1.088s] INFO:colcon.colcon_core.plugin_system:Skipping extension 'colcon_notification.desktop_notification.win32': Not used on non-Windows systems
[1.088s] INFO:colcon.colcon_notification.desktop_notification:Sending desktop notification using 'notify2'
[1.108s] DEBUG:colcon.colcon_core.event_reactor:joined thread
[1.108s] INFO:colcon.colcon_core.shell:Creating prefix script '/home/victor-22/go2_ws/slam_ws/cartographer_ws/install/local_setup.ps1'
[1.109s] INFO:colcon.colcon_core.shell:Creating prefix util module '/home/victor-22/go2_ws/slam_ws/cartographer_ws/install/_local_setup_util_ps1.py'
[1.111s] INFO:colcon.colcon_core.shell:Creating prefix chain script '/home/victor-22/go2_ws/slam_ws/cartographer_ws/install/setup.ps1'
[1.113s] INFO:colcon.colcon_core.shell:Creating prefix script '/home/victor-22/go2_ws/slam_ws/cartographer_ws/install/local_setup.sh'
[1.114s] INFO:colcon.colcon_core.shell:Creating prefix util module '/home/victor-22/go2_ws/slam_ws/cartographer_ws/install/_local_setup_util_sh.py'
[1.115s] INFO:colcon.colcon_core.shell:Creating prefix chain script '/home/victor-22/go2_ws/slam_ws/cartographer_ws/install/setup.sh'
[1.116s] INFO:colcon.colcon_core.shell:Creating prefix script '/home/victor-22/go2_ws/slam_ws/cartographer_ws/install/local_setup.bash'
[1.116s] INFO:colcon.colcon_core.shell:Creating prefix chain script '/home/victor-22/go2_ws/slam_ws/cartographer_ws/install/setup.bash'
[1.117s] INFO:colcon.colcon_core.shell:Creating prefix script '/home/victor-22/go2_ws/slam_ws/cartographer_ws/install/local_setup.zsh'
[1.118s] INFO:colcon.colcon_core.shell:Creating prefix chain script '/home/victor-22/go2_ws/slam_ws/cartographer_ws/install/setup.zsh'
