[0.010s] Invoking command in '/home/victor-22/go2_ws/slam_ws/cartographer_ws/src/go2_cartographer/build/go2_cartographer': CMAKE_PREFIX_PATH=${CMAKE_PREFIX_PATH}:/opt/ros/humble /home/victor-22/.local/bin/cmake /home/victor-22/go2_ws/slam_ws/cartographer_ws/src/go2_cartographer -DCMAKE_INSTALL_PREFIX=/home/victor-22/go2_ws/slam_ws/cartographer_ws/src/go2_cartographer/install/go2_cartographer
[0.107s] [0mCMake Deprecation Warning at CMakeLists.txt:1 (cmake_minimum_required):
[0.107s]   Compatibility with CMake < 3.10 will be removed from a future version of
[0.108s]   CMake.
[0.108s] 
[0.108s]   Update the VERSION argument <min> value.  Or, use the <min>...<max> syntax
[0.108s]   to tell CMake that the project requires at least <min> but has been updated
[0.108s]   to work with policies introduced by <max> or earlier.
[0.108s] 
[0.108s] [0m
[0.197s] -- The C compiler identification is GNU 11.4.0
[0.283s] -- The CXX compiler identification is GNU 11.4.0
[0.293s] -- Detecting C compiler ABI info
[0.346s] -- Detecting C compiler ABI info - done
[0.363s] -- Check for working C compiler: /usr/bin/cc - skipped
[0.363s] -- Detecting C compile features
[0.364s] -- Detecting C compile features - done
[0.376s] -- Detecting CXX compiler ABI info
[0.432s] -- Detecting CXX compiler ABI info - done
[0.448s] -- Check for working CXX compiler: /usr/bin/c++ - skipped
[0.448s] -- Detecting CXX compile features
[0.449s] -- Detecting CXX compile features - done
[0.460s] -- Found ament_cmake: 1.3.12 (/opt/ros/humble/share/ament_cmake/cmake)
[0.580s] -- Found Python3: /usr/bin/python3 (found version "3.10.12") found components: Interpreter
[0.688s] -- Found ament_lint_auto: 0.12.14 (/opt/ros/humble/share/ament_lint_auto/cmake)
[0.769s] -- Added test 'copyright' to check source files copyright and LICENSE
[0.775s] -- Added test 'cppcheck' to perform static code analysis on C / C++ code
[0.775s] -- Configured cppcheck include dirs: 
[0.776s] -- Configured cppcheck exclude dirs and/or files: 
[0.781s] -- Added test 'cpplint' to check C / C++ code against the Google style
[0.781s] -- Configured cpplint exclude dirs and/or files: 
[0.782s] -- Added test 'flake8' to check Python code syntax and style conventions
[0.784s] -- Added test 'lint_cmake' to check CMake code style
[0.785s] -- Added test 'pep257' to check Python code against some of the docstring style conventions in PEP 257
[0.790s] -- Added test 'uncrustify' to check C / C++ code style
[0.790s] -- Configured uncrustify additional arguments: 
[0.792s] -- Added test 'xmllint' to check XML markup files
[0.793s] -- Configuring done (0.7s)
[0.797s] -- Generating done (0.0s)
[0.798s] -- Build files have been written to: /home/victor-22/go2_ws/slam_ws/cartographer_ws/src/go2_cartographer/build/go2_cartographer
[0.803s] Invoked command in '/home/victor-22/go2_ws/slam_ws/cartographer_ws/src/go2_cartographer/build/go2_cartographer' returned '0': CMAKE_PREFIX_PATH=${CMAKE_PREFIX_PATH}:/opt/ros/humble /home/victor-22/.local/bin/cmake /home/victor-22/go2_ws/slam_ws/cartographer_ws/src/go2_cartographer -DCMAKE_INSTALL_PREFIX=/home/victor-22/go2_ws/slam_ws/cartographer_ws/src/go2_cartographer/install/go2_cartographer
[0.805s] Invoking command in '/home/victor-22/go2_ws/slam_ws/cartographer_ws/src/go2_cartographer/build/go2_cartographer': CMAKE_PREFIX_PATH=${CMAKE_PREFIX_PATH}:/opt/ros/humble /home/victor-22/.local/bin/cmake --build /home/victor-22/go2_ws/slam_ws/cartographer_ws/src/go2_cartographer/build/go2_cartographer -- -j8 -l8
[0.887s] Invoked command in '/home/victor-22/go2_ws/slam_ws/cartographer_ws/src/go2_cartographer/build/go2_cartographer' returned '0': CMAKE_PREFIX_PATH=${CMAKE_PREFIX_PATH}:/opt/ros/humble /home/victor-22/.local/bin/cmake --build /home/victor-22/go2_ws/slam_ws/cartographer_ws/src/go2_cartographer/build/go2_cartographer -- -j8 -l8
[0.960s] Invoking command in '/home/victor-22/go2_ws/slam_ws/cartographer_ws/src/go2_cartographer/build/go2_cartographer': CMAKE_PREFIX_PATH=${CMAKE_PREFIX_PATH}:/opt/ros/humble /home/victor-22/.local/bin/cmake --install /home/victor-22/go2_ws/slam_ws/cartographer_ws/src/go2_cartographer/build/go2_cartographer
[1.027s] -- Install configuration: ""
[1.028s] -- Installing: /home/victor-22/go2_ws/slam_ws/cartographer_ws/src/go2_cartographer/install/go2_cartographer/share/go2_cartographer//launch
[1.028s] -- Installing: /home/victor-22/go2_ws/slam_ws/cartographer_ws/src/go2_cartographer/install/go2_cartographer/share/go2_cartographer//launch/go2_cartographer.launch.py
[1.028s] -- Installing: /home/victor-22/go2_ws/slam_ws/cartographer_ws/src/go2_cartographer/install/go2_cartographer/share/go2_cartographer//launch/__pycache__
[1.028s] -- Installing: /home/victor-22/go2_ws/slam_ws/cartographer_ws/src/go2_cartographer/install/go2_cartographer/share/go2_cartographer//launch/__pycache__/go2_cartographer.launch.cpython-310.pyc
[1.029s] -- Installing: /home/victor-22/go2_ws/slam_ws/cartographer_ws/src/go2_cartographer/install/go2_cartographer/share/go2_cartographer//launch/occupancy_grid.launch.py
[1.029s] -- Installing: /home/victor-22/go2_ws/slam_ws/cartographer_ws/src/go2_cartographer/install/go2_cartographer/share/go2_cartographer//config
[1.029s] -- Installing: /home/victor-22/go2_ws/slam_ws/cartographer_ws/src/go2_cartographer/install/go2_cartographer/share/go2_cartographer//config/cartographer_qos.yaml
[1.030s] -- Installing: /home/victor-22/go2_ws/slam_ws/cartographer_ws/src/go2_cartographer/install/go2_cartographer/share/go2_cartographer//config/go2_cartographer.lua
[1.030s] -- Installing: /home/victor-22/go2_ws/slam_ws/cartographer_ws/src/go2_cartographer/install/go2_cartographer/share/go2_cartographer//rviz
[1.030s] -- Installing: /home/victor-22/go2_ws/slam_ws/cartographer_ws/src/go2_cartographer/install/go2_cartographer/share/go2_cartographer//rviz/go2_cartographer.rviz
[1.030s] -- Installing: /home/victor-22/go2_ws/slam_ws/cartographer_ws/src/go2_cartographer/install/go2_cartographer/share/ament_index/resource_index/package_run_dependencies/go2_cartographer
[1.030s] -- Installing: /home/victor-22/go2_ws/slam_ws/cartographer_ws/src/go2_cartographer/install/go2_cartographer/share/ament_index/resource_index/parent_prefix_path/go2_cartographer
[1.030s] -- Installing: /home/victor-22/go2_ws/slam_ws/cartographer_ws/src/go2_cartographer/install/go2_cartographer/share/go2_cartographer/environment/ament_prefix_path.sh
[1.031s] -- Installing: /home/victor-22/go2_ws/slam_ws/cartographer_ws/src/go2_cartographer/install/go2_cartographer/share/go2_cartographer/environment/ament_prefix_path.dsv
[1.031s] -- Installing: /home/victor-22/go2_ws/slam_ws/cartographer_ws/src/go2_cartographer/install/go2_cartographer/share/go2_cartographer/environment/path.sh
[1.031s] -- Installing: /home/victor-22/go2_ws/slam_ws/cartographer_ws/src/go2_cartographer/install/go2_cartographer/share/go2_cartographer/environment/path.dsv
[1.031s] -- Installing: /home/victor-22/go2_ws/slam_ws/cartographer_ws/src/go2_cartographer/install/go2_cartographer/share/go2_cartographer/local_setup.bash
[1.031s] -- Installing: /home/victor-22/go2_ws/slam_ws/cartographer_ws/src/go2_cartographer/install/go2_cartographer/share/go2_cartographer/local_setup.sh
[1.031s] -- Installing: /home/victor-22/go2_ws/slam_ws/cartographer_ws/src/go2_cartographer/install/go2_cartographer/share/go2_cartographer/local_setup.zsh
[1.031s] -- Installing: /home/victor-22/go2_ws/slam_ws/cartographer_ws/src/go2_cartographer/install/go2_cartographer/share/go2_cartographer/local_setup.dsv
[1.031s] -- Installing: /home/victor-22/go2_ws/slam_ws/cartographer_ws/src/go2_cartographer/install/go2_cartographer/share/go2_cartographer/package.dsv
[1.031s] -- Installing: /home/victor-22/go2_ws/slam_ws/cartographer_ws/src/go2_cartographer/install/go2_cartographer/share/ament_index/resource_index/packages/go2_cartographer
[1.031s] -- Installing: /home/victor-22/go2_ws/slam_ws/cartographer_ws/src/go2_cartographer/install/go2_cartographer/share/go2_cartographer/cmake/go2_cartographerConfig.cmake
[1.032s] -- Installing: /home/victor-22/go2_ws/slam_ws/cartographer_ws/src/go2_cartographer/install/go2_cartographer/share/go2_cartographer/cmake/go2_cartographerConfig-version.cmake
[1.032s] -- Installing: /home/victor-22/go2_ws/slam_ws/cartographer_ws/src/go2_cartographer/install/go2_cartographer/share/go2_cartographer/package.xml
[1.033s] Invoked command in '/home/victor-22/go2_ws/slam_ws/cartographer_ws/src/go2_cartographer/build/go2_cartographer' returned '0': CMAKE_PREFIX_PATH=${CMAKE_PREFIX_PATH}:/opt/ros/humble /home/victor-22/.local/bin/cmake --install /home/victor-22/go2_ws/slam_ws/cartographer_ws/src/go2_cartographer/build/go2_cartographer
