[0.009s] Invoking command in '/home/victor-22/go2_ws/slam_ws/catkin_point_lio_unilidar/build/point_lio': CMAKE_PREFIX_PATH=${CMAKE_PREFIX_PATH}:/opt/ros/humble /usr/bin/cmake --build /home/victor-22/go2_ws/slam_ws/catkin_point_lio_unilidar/build/point_lio -- -j8 -l8
[0.083s] [100%] Built target pointlio_mapping
[0.093s] Invoked command in '/home/victor-22/go2_ws/slam_ws/catkin_point_lio_unilidar/build/point_lio' returned '0': CMAKE_PREFIX_PATH=${CMAKE_PREFIX_PATH}:/opt/ros/humble /usr/bin/cmake --build /home/victor-22/go2_ws/slam_ws/catkin_point_lio_unilidar/build/point_lio -- -j8 -l8
[0.103s] Invoking command in '/home/victor-22/go2_ws/slam_ws/catkin_point_lio_unilidar/build/point_lio': CMAKE_PREFIX_PATH=${CMAKE_PREFIX_PATH}:/opt/ros/humble /usr/bin/cmake --install /home/victor-22/go2_ws/slam_ws/catkin_point_lio_unilidar/build/point_lio
[0.109s] -- Install configuration: ""
[0.110s] -- Execute custom install script
[0.110s] -- Up-to-date symlink: /home/victor-22/go2_ws/slam_ws/catkin_point_lio_unilidar/install/point_lio/lib/point_lio/pointlio_mapping
[0.110s] -- Up-to-date symlink: /home/victor-22/go2_ws/slam_ws/catkin_point_lio_unilidar/install/point_lio/share/point_lio/config/avia.yaml
[0.110s] -- Up-to-date symlink: /home/victor-22/go2_ws/slam_ws/catkin_point_lio_unilidar/install/point_lio/share/point_lio/config/horizon.yaml
[0.111s] -- Up-to-date symlink: /home/victor-22/go2_ws/slam_ws/catkin_point_lio_unilidar/install/point_lio/share/point_lio/config/mid360.yaml
[0.111s] -- Up-to-date symlink: /home/victor-22/go2_ws/slam_ws/catkin_point_lio_unilidar/install/point_lio/share/point_lio/config/ouster64.yaml
[0.111s] -- Up-to-date symlink: /home/victor-22/go2_ws/slam_ws/catkin_point_lio_unilidar/install/point_lio/share/point_lio/config/unilidar_l1.yaml
[0.111s] -- Up-to-date symlink: /home/victor-22/go2_ws/slam_ws/catkin_point_lio_unilidar/install/point_lio/share/point_lio/config/unilidar_l2.yaml
[0.111s] -- Up-to-date symlink: /home/victor-22/go2_ws/slam_ws/catkin_point_lio_unilidar/install/point_lio/share/point_lio/config/velody16.yaml
[0.111s] -- Up-to-date symlink: /home/victor-22/go2_ws/slam_ws/catkin_point_lio_unilidar/install/point_lio/share/point_lio/launch/correct_odom_unilidar_l1.launch.py
[0.111s] -- Up-to-date symlink: /home/victor-22/go2_ws/slam_ws/catkin_point_lio_unilidar/install/point_lio/share/point_lio/launch/correct_odom_unilidar_l2.launch.py
[0.111s] -- Up-to-date symlink: /home/victor-22/go2_ws/slam_ws/catkin_point_lio_unilidar/install/point_lio/share/point_lio/launch/gdb_debug_example.launch.py
[0.112s] -- Up-to-date symlink: /home/victor-22/go2_ws/slam_ws/catkin_point_lio_unilidar/install/point_lio/share/point_lio/launch/mapping_avia.launch.py
[0.112s] -- Up-to-date symlink: /home/victor-22/go2_ws/slam_ws/catkin_point_lio_unilidar/install/point_lio/share/point_lio/launch/mapping_horizon.launch.py
[0.112s] -- Up-to-date symlink: /home/victor-22/go2_ws/slam_ws/catkin_point_lio_unilidar/install/point_lio/share/point_lio/launch/mapping_mid360.launch.py
[0.112s] -- Up-to-date symlink: /home/victor-22/go2_ws/slam_ws/catkin_point_lio_unilidar/install/point_lio/share/point_lio/launch/mapping_ouster64.launch.py
[0.112s] -- Up-to-date symlink: /home/victor-22/go2_ws/slam_ws/catkin_point_lio_unilidar/install/point_lio/share/point_lio/launch/mapping_unilidar_l1.launch.py
[0.112s] -- Up-to-date symlink: /home/victor-22/go2_ws/slam_ws/catkin_point_lio_unilidar/install/point_lio/share/point_lio/launch/mapping_unilidar_l2.launch.py
[0.112s] -- Up-to-date symlink: /home/victor-22/go2_ws/slam_ws/catkin_point_lio_unilidar/install/point_lio/share/point_lio/launch/mapping_velody16.launch.py
[0.112s] -- Up-to-date symlink: /home/victor-22/go2_ws/slam_ws/catkin_point_lio_unilidar/install/point_lio/share/point_lio/rviz_cfg/loam_livox.rviz
[0.113s] -- Up-to-date symlink: /home/victor-22/go2_ws/slam_ws/catkin_point_lio_unilidar/install/point_lio/share/ament_index/resource_index/package_run_dependencies/point_lio
[0.113s] -- Up-to-date symlink: /home/victor-22/go2_ws/slam_ws/catkin_point_lio_unilidar/install/point_lio/share/ament_index/resource_index/parent_prefix_path/point_lio
[0.113s] -- Up-to-date symlink: /home/victor-22/go2_ws/slam_ws/catkin_point_lio_unilidar/install/point_lio/share/point_lio/environment/ament_prefix_path.sh
[0.113s] -- Up-to-date symlink: /home/victor-22/go2_ws/slam_ws/catkin_point_lio_unilidar/install/point_lio/share/point_lio/environment/ament_prefix_path.dsv
[0.113s] -- Up-to-date symlink: /home/victor-22/go2_ws/slam_ws/catkin_point_lio_unilidar/install/point_lio/share/point_lio/environment/path.sh
[0.113s] -- Up-to-date symlink: /home/victor-22/go2_ws/slam_ws/catkin_point_lio_unilidar/install/point_lio/share/point_lio/environment/path.dsv
[0.114s] -- Up-to-date symlink: /home/victor-22/go2_ws/slam_ws/catkin_point_lio_unilidar/install/point_lio/share/point_lio/local_setup.bash
[0.114s] -- Up-to-date symlink: /home/victor-22/go2_ws/slam_ws/catkin_point_lio_unilidar/install/point_lio/share/point_lio/local_setup.sh
[0.114s] -- Up-to-date symlink: /home/victor-22/go2_ws/slam_ws/catkin_point_lio_unilidar/install/point_lio/share/point_lio/local_setup.zsh
[0.114s] -- Up-to-date symlink: /home/victor-22/go2_ws/slam_ws/catkin_point_lio_unilidar/install/point_lio/share/point_lio/local_setup.dsv
[0.114s] -- Symlinking: /home/victor-22/go2_ws/slam_ws/catkin_point_lio_unilidar/install/point_lio/share/point_lio/package.dsv
[0.123s] -- Up-to-date symlink: /home/victor-22/go2_ws/slam_ws/catkin_point_lio_unilidar/install/point_lio/share/ament_index/resource_index/packages/point_lio
[0.123s] -- Up-to-date symlink: /home/victor-22/go2_ws/slam_ws/catkin_point_lio_unilidar/install/point_lio/share/point_lio/cmake/ament_cmake_export_dependencies-extras.cmake
[0.123s] -- Up-to-date symlink: /home/victor-22/go2_ws/slam_ws/catkin_point_lio_unilidar/install/point_lio/share/point_lio/cmake/point_lioConfig.cmake
[0.123s] -- Up-to-date symlink: /home/victor-22/go2_ws/slam_ws/catkin_point_lio_unilidar/install/point_lio/share/point_lio/cmake/point_lioConfig-version.cmake
[0.123s] -- Up-to-date symlink: /home/victor-22/go2_ws/slam_ws/catkin_point_lio_unilidar/install/point_lio/share/point_lio/package.xml
[0.125s] Invoked command in '/home/victor-22/go2_ws/slam_ws/catkin_point_lio_unilidar/build/point_lio' returned '0': CMAKE_PREFIX_PATH=${CMAKE_PREFIX_PATH}:/opt/ros/humble /usr/bin/cmake --install /home/victor-22/go2_ws/slam_ws/catkin_point_lio_unilidar/build/point_lio
