[0.125s] DEBUG:colcon:Command line arguments: ['/usr/bin/colcon', 'build']
[0.125s] DEBUG:colcon:Parsed command line arguments: Namespace(log_base=None, log_level=None, verb_name='build', build_base='build', install_base='install', merge_install=False, symlink_install=False, test_result_base=None, continue_on_error=False, executor='parallel', parallel_workers=8, event_handlers=None, ignore_user_meta=False, metas=['./colcon.meta'], base_paths=['.'], packages_ignore=None, packages_ignore_regex=None, paths=None, packages_up_to=None, packages_up_to_regex=None, packages_above=None, packages_above_and_dependencies=None, packages_above_depth=None, packages_select_by_dep=None, packages_skip_by_dep=None, packages_skip_up_to=None, packages_select_build_failed=False, packages_skip_build_finished=False, packages_select_test_failures=False, packages_skip_test_passed=False, packages_select=None, packages_skip=None, packages_select_regex=None, packages_skip_regex=None, packages_start=None, packages_end=None, allow_overriding=[], cmake_args=None, cmake_target=None, cmake_target_skip_unavailable=False, cmake_clean_cache=False, cmake_clean_first=False, cmake_force_configure=False, ament_cmake_args=None, catkin_cmake_args=None, catkin_skip_building_tests=False, mixin_files=None, mixin=None, verb_parser=<colcon_mixin.mixin.mixin_argument.MixinArgumentDecorator object at 0x7aa0bcf68f10>, verb_extension=<colcon_core.verb.build.BuildVerb object at 0x7aa0bcf68550>, main=<bound method BuildVerb.main of <colcon_core.verb.build.BuildVerb object at 0x7aa0bcf68550>>, mixin_verb=('build',))
[0.302s] Level 1:colcon.colcon_core.package_discovery:discover_packages(colcon_meta) check parameters
[0.302s] Level 1:colcon.colcon_core.package_discovery:discover_packages(recursive) check parameters
[0.302s] Level 1:colcon.colcon_core.package_discovery:discover_packages(ignore) check parameters
[0.302s] Level 1:colcon.colcon_core.package_discovery:discover_packages(path) check parameters
[0.302s] Level 1:colcon.colcon_core.package_discovery:discover_packages(colcon_meta) discover
[0.302s] Level 1:colcon.colcon_core.package_discovery:discover_packages(recursive) discover
[0.302s] INFO:colcon.colcon_core.package_discovery:Crawling recursively for packages in '/home/victor-22/go2_ws/slam_ws/catkin_point_lio_unilidar'
[0.302s] Level 1:colcon.colcon_core.package_identification:_identify(.) by extensions ['ignore', 'ignore_ament_install']
[0.302s] Level 1:colcon.colcon_core.package_identification:_identify(.) by extension 'ignore'
[0.302s] Level 1:colcon.colcon_core.package_identification:_identify(.) by extension 'ignore_ament_install'
[0.302s] Level 1:colcon.colcon_core.package_identification:_identify(.) by extensions ['colcon_pkg']
[0.302s] Level 1:colcon.colcon_core.package_identification:_identify(.) by extension 'colcon_pkg'
[0.302s] Level 1:colcon.colcon_core.package_identification:_identify(.) by extensions ['colcon_meta']
[0.302s] Level 1:colcon.colcon_core.package_identification:_identify(.) by extension 'colcon_meta'
[0.302s] Level 1:colcon.colcon_core.package_identification:_identify(.) by extensions ['ros']
[0.302s] Level 1:colcon.colcon_core.package_identification:_identify(.) by extension 'ros'
[0.315s] Level 1:colcon.colcon_core.package_identification:_identify(.) by extensions ['cmake', 'python']
[0.315s] Level 1:colcon.colcon_core.package_identification:_identify(.) by extension 'cmake'
[0.315s] Level 1:colcon.colcon_core.package_identification:_identify(.) by extension 'python'
[0.315s] Level 1:colcon.colcon_core.package_identification:_identify(.) by extensions ['python_setup_py']
[0.315s] Level 1:colcon.colcon_core.package_identification:_identify(.) by extension 'python_setup_py'
[0.315s] Level 1:colcon.colcon_core.package_identification:_identify(build) by extensions ['ignore', 'ignore_ament_install']
[0.315s] Level 1:colcon.colcon_core.package_identification:_identify(build) by extension 'ignore'
[0.315s] Level 1:colcon.colcon_core.package_identification:_identify(build) ignored
[0.315s] Level 1:colcon.colcon_core.package_identification:_identify(install) by extensions ['ignore', 'ignore_ament_install']
[0.315s] Level 1:colcon.colcon_core.package_identification:_identify(install) by extension 'ignore'
[0.315s] Level 1:colcon.colcon_core.package_identification:_identify(install) ignored
[0.315s] Level 1:colcon.colcon_core.package_identification:_identify(log) by extensions ['ignore', 'ignore_ament_install']
[0.316s] Level 1:colcon.colcon_core.package_identification:_identify(log) by extension 'ignore'
[0.316s] Level 1:colcon.colcon_core.package_identification:_identify(log) ignored
[0.316s] Level 1:colcon.colcon_core.package_identification:_identify(src) by extensions ['ignore', 'ignore_ament_install']
[0.316s] Level 1:colcon.colcon_core.package_identification:_identify(src) by extension 'ignore'
[0.316s] Level 1:colcon.colcon_core.package_identification:_identify(src) by extension 'ignore_ament_install'
[0.316s] Level 1:colcon.colcon_core.package_identification:_identify(src) by extensions ['colcon_pkg']
[0.316s] Level 1:colcon.colcon_core.package_identification:_identify(src) by extension 'colcon_pkg'
[0.316s] Level 1:colcon.colcon_core.package_identification:_identify(src) by extensions ['colcon_meta']
[0.316s] Level 1:colcon.colcon_core.package_identification:_identify(src) by extension 'colcon_meta'
[0.316s] Level 1:colcon.colcon_core.package_identification:_identify(src) by extensions ['ros']
[0.316s] Level 1:colcon.colcon_core.package_identification:_identify(src) by extension 'ros'
[0.316s] Level 1:colcon.colcon_core.package_identification:_identify(src) by extensions ['cmake', 'python']
[0.316s] Level 1:colcon.colcon_core.package_identification:_identify(src) by extension 'cmake'
[0.316s] Level 1:colcon.colcon_core.package_identification:_identify(src) by extension 'python'
[0.316s] Level 1:colcon.colcon_core.package_identification:_identify(src) by extensions ['python_setup_py']
[0.316s] Level 1:colcon.colcon_core.package_identification:_identify(src) by extension 'python_setup_py'
[0.316s] Level 1:colcon.colcon_core.package_identification:_identify(src/point_lio_ros2) by extensions ['ignore', 'ignore_ament_install']
[0.316s] Level 1:colcon.colcon_core.package_identification:_identify(src/point_lio_ros2) by extension 'ignore'
[0.316s] Level 1:colcon.colcon_core.package_identification:_identify(src/point_lio_ros2) by extension 'ignore_ament_install'
[0.317s] Level 1:colcon.colcon_core.package_identification:_identify(src/point_lio_ros2) by extensions ['colcon_pkg']
[0.317s] Level 1:colcon.colcon_core.package_identification:_identify(src/point_lio_ros2) by extension 'colcon_pkg'
[0.317s] Level 1:colcon.colcon_core.package_identification:_identify(src/point_lio_ros2) by extensions ['colcon_meta']
[0.317s] Level 1:colcon.colcon_core.package_identification:_identify(src/point_lio_ros2) by extension 'colcon_meta'
[0.317s] Level 1:colcon.colcon_core.package_identification:_identify(src/point_lio_ros2) by extensions ['ros']
[0.317s] Level 1:colcon.colcon_core.package_identification:_identify(src/point_lio_ros2) by extension 'ros'
[0.321s] DEBUG:colcon.colcon_core.package_identification:Package 'src/point_lio_ros2' with type 'ros.ament_cmake' and name 'point_lio'
[0.321s] Level 1:colcon.colcon_core.package_discovery:discover_packages(recursive) using defaults
[0.321s] Level 1:colcon.colcon_core.package_discovery:discover_packages(ignore) discover
[0.321s] Level 1:colcon.colcon_core.package_discovery:discover_packages(ignore) using defaults
[0.321s] Level 1:colcon.colcon_core.package_discovery:discover_packages(path) discover
[0.321s] Level 1:colcon.colcon_core.package_discovery:discover_packages(path) using defaults
[0.357s] Level 1:colcon.colcon_core.package_discovery:discover_packages(prefix_path) check parameters
[0.357s] Level 1:colcon.colcon_core.package_discovery:discover_packages(prefix_path) discover
[0.358s] WARNING:colcon.colcon_core.prefix_path.colcon:The path '/home/victor-22/go2_ws/slam_ws/unilidar_sdk/unitree_lidar_ros2/src/catkin_point_lio_unilidar/install' in the environment variable COLCON_PREFIX_PATH doesn't exist
[0.358s] WARNING:colcon.colcon_ros.prefix_path.ament:The path '/home/victor-22/go2_ws/slam_ws/unilidar_sdk/unitree_lidar_ros2/src/catkin_point_lio_unilidar/install/point_lio' in the environment variable AMENT_PREFIX_PATH doesn't exist
[0.358s] WARNING:colcon.colcon_ros.prefix_path.catkin:The path '/home/victor-22/go2_ws/slam_ws/unilidar_sdk/unitree_lidar_ros2/src/catkin_point_lio_unilidar/install/point_lio' in the environment variable CMAKE_PREFIX_PATH doesn't exist
[0.359s] DEBUG:colcon.colcon_installed_package_information.package_discovery:Found 1 installed packages in /home/victor-22/go2_ws/slam_ws/catkin_point_lio_unilidar/install
[0.361s] DEBUG:colcon.colcon_installed_package_information.package_discovery:Found 274 installed packages in /opt/ros/humble
[0.362s] Level 1:colcon.colcon_core.package_discovery:discover_packages(prefix_path) using defaults
[0.408s] Level 5:colcon.colcon_core.verb:set package 'point_lio' build argument 'cmake_args' from command line to 'None'
[0.408s] Level 5:colcon.colcon_core.verb:set package 'point_lio' build argument 'cmake_target' from command line to 'None'
[0.408s] Level 5:colcon.colcon_core.verb:set package 'point_lio' build argument 'cmake_target_skip_unavailable' from command line to 'False'
[0.408s] Level 5:colcon.colcon_core.verb:set package 'point_lio' build argument 'cmake_clean_cache' from command line to 'False'
[0.408s] Level 5:colcon.colcon_core.verb:set package 'point_lio' build argument 'cmake_clean_first' from command line to 'False'
[0.408s] Level 5:colcon.colcon_core.verb:set package 'point_lio' build argument 'cmake_force_configure' from command line to 'False'
[0.408s] Level 5:colcon.colcon_core.verb:set package 'point_lio' build argument 'ament_cmake_args' from command line to 'None'
[0.408s] Level 5:colcon.colcon_core.verb:set package 'point_lio' build argument 'catkin_cmake_args' from command line to 'None'
[0.408s] Level 5:colcon.colcon_core.verb:set package 'point_lio' build argument 'catkin_skip_building_tests' from command line to 'False'
[0.408s] DEBUG:colcon.colcon_core.verb:Building package 'point_lio' with the following arguments: {'ament_cmake_args': None, 'build_base': '/home/victor-22/go2_ws/slam_ws/catkin_point_lio_unilidar/build/point_lio', 'catkin_cmake_args': None, 'catkin_skip_building_tests': False, 'cmake_args': None, 'cmake_clean_cache': False, 'cmake_clean_first': False, 'cmake_force_configure': False, 'cmake_target': None, 'cmake_target_skip_unavailable': False, 'install_base': '/home/victor-22/go2_ws/slam_ws/catkin_point_lio_unilidar/install/point_lio', 'merge_install': False, 'path': '/home/victor-22/go2_ws/slam_ws/catkin_point_lio_unilidar/src/point_lio_ros2', 'symlink_install': False, 'test_result_base': None}
[0.408s] INFO:colcon.colcon_core.executor:Executing jobs using 'parallel' executor
[0.409s] DEBUG:colcon.colcon_parallel_executor.executor.parallel:run_until_complete
[0.409s] INFO:colcon.colcon_ros.task.ament_cmake.build:Building ROS package in '/home/victor-22/go2_ws/slam_ws/catkin_point_lio_unilidar/src/point_lio_ros2' with build type 'ament_cmake'
[0.409s] INFO:colcon.colcon_cmake.task.cmake.build:Building CMake package in '/home/victor-22/go2_ws/slam_ws/catkin_point_lio_unilidar/src/point_lio_ros2'
[0.411s] INFO:colcon.colcon_core.plugin_system:Skipping extension 'colcon_core.shell.bat': Not used on non-Windows systems
[0.412s] INFO:colcon.colcon_core.shell:Skip shell extension 'powershell' for command environment: Not usable outside of PowerShell
[0.412s] DEBUG:colcon.colcon_core.shell:Skip shell extension 'dsv' for command environment
[0.422s] DEBUG:colcon.colcon_core.event_handler.log_command:Invoking command in '/home/victor-22/go2_ws/slam_ws/catkin_point_lio_unilidar/build/point_lio': CMAKE_PREFIX_PATH=${CMAKE_PREFIX_PATH}:/opt/ros/humble /usr/bin/cmake /home/victor-22/go2_ws/slam_ws/catkin_point_lio_unilidar/src/point_lio_ros2 -DCMAKE_INSTALL_PREFIX=/home/victor-22/go2_ws/slam_ws/catkin_point_lio_unilidar/install/point_lio
[2.288s] DEBUG:colcon.colcon_core.event_handler.log_command:Invoked command in '/home/victor-22/go2_ws/slam_ws/catkin_point_lio_unilidar/build/point_lio' returned '0': CMAKE_PREFIX_PATH=${CMAKE_PREFIX_PATH}:/opt/ros/humble /usr/bin/cmake /home/victor-22/go2_ws/slam_ws/catkin_point_lio_unilidar/src/point_lio_ros2 -DCMAKE_INSTALL_PREFIX=/home/victor-22/go2_ws/slam_ws/catkin_point_lio_unilidar/install/point_lio
[2.290s] DEBUG:colcon.colcon_core.event_handler.log_command:Invoking command in '/home/victor-22/go2_ws/slam_ws/catkin_point_lio_unilidar/build/point_lio': CMAKE_PREFIX_PATH=${CMAKE_PREFIX_PATH}:/opt/ros/humble /usr/bin/cmake --build /home/victor-22/go2_ws/slam_ws/catkin_point_lio_unilidar/build/point_lio -- -j8 -l8
[2.398s] DEBUG:colcon.colcon_core.event_handler.log_command:Invoked command in '/home/victor-22/go2_ws/slam_ws/catkin_point_lio_unilidar/build/point_lio' returned '0': CMAKE_PREFIX_PATH=${CMAKE_PREFIX_PATH}:/opt/ros/humble /usr/bin/cmake --build /home/victor-22/go2_ws/slam_ws/catkin_point_lio_unilidar/build/point_lio -- -j8 -l8
[2.409s] DEBUG:colcon.colcon_core.event_handler.log_command:Invoking command in '/home/victor-22/go2_ws/slam_ws/catkin_point_lio_unilidar/build/point_lio': CMAKE_PREFIX_PATH=${CMAKE_PREFIX_PATH}:/opt/ros/humble /usr/bin/cmake --install /home/victor-22/go2_ws/slam_ws/catkin_point_lio_unilidar/build/point_lio
[2.432s] Level 1:colcon.colcon_core.environment:create_environment_scripts_only(point_lio)
[2.432s] DEBUG:colcon.colcon_core.event_handler.log_command:Invoked command in '/home/victor-22/go2_ws/slam_ws/catkin_point_lio_unilidar/build/point_lio' returned '0': CMAKE_PREFIX_PATH=${CMAKE_PREFIX_PATH}:/opt/ros/humble /usr/bin/cmake --install /home/victor-22/go2_ws/slam_ws/catkin_point_lio_unilidar/build/point_lio
[2.435s] Level 1:colcon.colcon_core.environment:checking '/home/victor-22/go2_ws/slam_ws/catkin_point_lio_unilidar/install/point_lio' for CMake module files
[2.436s] Level 1:colcon.colcon_core.environment:checking '/home/victor-22/go2_ws/slam_ws/catkin_point_lio_unilidar/install/point_lio' for CMake config files
[2.436s] Level 1:colcon.colcon_core.shell:create_environment_hook('point_lio', 'cmake_prefix_path')
[2.437s] INFO:colcon.colcon_core.shell:Creating environment hook '/home/victor-22/go2_ws/slam_ws/catkin_point_lio_unilidar/install/point_lio/share/point_lio/hook/cmake_prefix_path.ps1'
[2.437s] INFO:colcon.colcon_core.shell:Creating environment descriptor '/home/victor-22/go2_ws/slam_ws/catkin_point_lio_unilidar/install/point_lio/share/point_lio/hook/cmake_prefix_path.dsv'
[2.438s] INFO:colcon.colcon_core.shell:Creating environment hook '/home/victor-22/go2_ws/slam_ws/catkin_point_lio_unilidar/install/point_lio/share/point_lio/hook/cmake_prefix_path.sh'
[2.439s] Level 1:colcon.colcon_core.environment:checking '/home/victor-22/go2_ws/slam_ws/catkin_point_lio_unilidar/install/point_lio/lib'
[2.439s] Level 1:colcon.colcon_core.environment:checking '/home/victor-22/go2_ws/slam_ws/catkin_point_lio_unilidar/install/point_lio/bin'
[2.439s] Level 1:colcon.colcon_core.environment:checking '/home/victor-22/go2_ws/slam_ws/catkin_point_lio_unilidar/install/point_lio/lib/pkgconfig/point_lio.pc'
[2.440s] Level 1:colcon.colcon_core.environment:checking '/home/victor-22/go2_ws/slam_ws/catkin_point_lio_unilidar/install/point_lio/lib/python3.10/site-packages'
[2.440s] Level 1:colcon.colcon_core.environment:checking '/home/victor-22/go2_ws/slam_ws/catkin_point_lio_unilidar/install/point_lio/bin'
[2.440s] INFO:colcon.colcon_core.shell:Creating package script '/home/victor-22/go2_ws/slam_ws/catkin_point_lio_unilidar/install/point_lio/share/point_lio/package.ps1'
[2.441s] INFO:colcon.colcon_core.shell:Creating package descriptor '/home/victor-22/go2_ws/slam_ws/catkin_point_lio_unilidar/install/point_lio/share/point_lio/package.dsv'
[2.442s] INFO:colcon.colcon_core.shell:Creating package script '/home/victor-22/go2_ws/slam_ws/catkin_point_lio_unilidar/install/point_lio/share/point_lio/package.sh'
[2.443s] INFO:colcon.colcon_core.shell:Creating package script '/home/victor-22/go2_ws/slam_ws/catkin_point_lio_unilidar/install/point_lio/share/point_lio/package.bash'
[2.444s] INFO:colcon.colcon_core.shell:Creating package script '/home/victor-22/go2_ws/slam_ws/catkin_point_lio_unilidar/install/point_lio/share/point_lio/package.zsh'
[2.444s] Level 1:colcon.colcon_core.environment:create_file_with_runtime_dependencies(/home/victor-22/go2_ws/slam_ws/catkin_point_lio_unilidar/install/point_lio/share/colcon-core/packages/point_lio)
[2.445s] Level 1:colcon.colcon_core.environment:create_environment_scripts_only(point_lio)
[2.445s] Level 1:colcon.colcon_core.environment:checking '/home/victor-22/go2_ws/slam_ws/catkin_point_lio_unilidar/install/point_lio' for CMake module files
[2.446s] Level 1:colcon.colcon_core.environment:checking '/home/victor-22/go2_ws/slam_ws/catkin_point_lio_unilidar/install/point_lio' for CMake config files
[2.446s] Level 1:colcon.colcon_core.shell:create_environment_hook('point_lio', 'cmake_prefix_path')
[2.447s] INFO:colcon.colcon_core.shell:Creating environment hook '/home/victor-22/go2_ws/slam_ws/catkin_point_lio_unilidar/install/point_lio/share/point_lio/hook/cmake_prefix_path.ps1'
[2.447s] INFO:colcon.colcon_core.shell:Creating environment descriptor '/home/victor-22/go2_ws/slam_ws/catkin_point_lio_unilidar/install/point_lio/share/point_lio/hook/cmake_prefix_path.dsv'
[2.447s] INFO:colcon.colcon_core.shell:Creating environment hook '/home/victor-22/go2_ws/slam_ws/catkin_point_lio_unilidar/install/point_lio/share/point_lio/hook/cmake_prefix_path.sh'
[2.448s] Level 1:colcon.colcon_core.environment:checking '/home/victor-22/go2_ws/slam_ws/catkin_point_lio_unilidar/install/point_lio/lib'
[2.448s] Level 1:colcon.colcon_core.environment:checking '/home/victor-22/go2_ws/slam_ws/catkin_point_lio_unilidar/install/point_lio/bin'
[2.448s] Level 1:colcon.colcon_core.environment:checking '/home/victor-22/go2_ws/slam_ws/catkin_point_lio_unilidar/install/point_lio/lib/pkgconfig/point_lio.pc'
[2.448s] Level 1:colcon.colcon_core.environment:checking '/home/victor-22/go2_ws/slam_ws/catkin_point_lio_unilidar/install/point_lio/lib/python3.10/site-packages'
[2.449s] Level 1:colcon.colcon_core.environment:checking '/home/victor-22/go2_ws/slam_ws/catkin_point_lio_unilidar/install/point_lio/bin'
[2.449s] INFO:colcon.colcon_core.shell:Creating package script '/home/victor-22/go2_ws/slam_ws/catkin_point_lio_unilidar/install/point_lio/share/point_lio/package.ps1'
[2.450s] INFO:colcon.colcon_core.shell:Creating package descriptor '/home/victor-22/go2_ws/slam_ws/catkin_point_lio_unilidar/install/point_lio/share/point_lio/package.dsv'
[2.451s] INFO:colcon.colcon_core.shell:Creating package script '/home/victor-22/go2_ws/slam_ws/catkin_point_lio_unilidar/install/point_lio/share/point_lio/package.sh'
[2.451s] INFO:colcon.colcon_core.shell:Creating package script '/home/victor-22/go2_ws/slam_ws/catkin_point_lio_unilidar/install/point_lio/share/point_lio/package.bash'
[2.452s] INFO:colcon.colcon_core.shell:Creating package script '/home/victor-22/go2_ws/slam_ws/catkin_point_lio_unilidar/install/point_lio/share/point_lio/package.zsh'
[2.453s] Level 1:colcon.colcon_core.environment:create_file_with_runtime_dependencies(/home/victor-22/go2_ws/slam_ws/catkin_point_lio_unilidar/install/point_lio/share/colcon-core/packages/point_lio)
[2.453s] DEBUG:colcon.colcon_parallel_executor.executor.parallel:closing loop
[2.453s] DEBUG:colcon.colcon_parallel_executor.executor.parallel:loop closed
[2.453s] DEBUG:colcon.colcon_parallel_executor.executor.parallel:run_until_complete finished with '0'
[2.453s] DEBUG:colcon.colcon_core.event_reactor:joining thread
[2.458s] INFO:colcon.colcon_core.plugin_system:Skipping extension 'colcon_notification.desktop_notification.terminal_notifier': Not used on non-Darwin systems
[2.458s] INFO:colcon.colcon_core.plugin_system:Skipping extension 'colcon_notification.desktop_notification.win32': Not used on non-Windows systems
[2.459s] INFO:colcon.colcon_notification.desktop_notification:Sending desktop notification using 'notify2'
[2.470s] DEBUG:colcon.colcon_core.event_reactor:joined thread
[2.471s] INFO:colcon.colcon_core.shell:Creating prefix script '/home/victor-22/go2_ws/slam_ws/catkin_point_lio_unilidar/install/local_setup.ps1'
[2.472s] INFO:colcon.colcon_core.shell:Creating prefix util module '/home/victor-22/go2_ws/slam_ws/catkin_point_lio_unilidar/install/_local_setup_util_ps1.py'
[2.474s] INFO:colcon.colcon_core.shell:Creating prefix chain script '/home/victor-22/go2_ws/slam_ws/catkin_point_lio_unilidar/install/setup.ps1'
[2.476s] INFO:colcon.colcon_core.shell:Creating prefix script '/home/victor-22/go2_ws/slam_ws/catkin_point_lio_unilidar/install/local_setup.sh'
[2.476s] INFO:colcon.colcon_core.shell:Creating prefix util module '/home/victor-22/go2_ws/slam_ws/catkin_point_lio_unilidar/install/_local_setup_util_sh.py'
[2.477s] INFO:colcon.colcon_core.shell:Creating prefix chain script '/home/victor-22/go2_ws/slam_ws/catkin_point_lio_unilidar/install/setup.sh'
[2.478s] INFO:colcon.colcon_core.shell:Creating prefix script '/home/victor-22/go2_ws/slam_ws/catkin_point_lio_unilidar/install/local_setup.bash'
[2.479s] INFO:colcon.colcon_core.shell:Creating prefix chain script '/home/victor-22/go2_ws/slam_ws/catkin_point_lio_unilidar/install/setup.bash'
[2.480s] INFO:colcon.colcon_core.shell:Creating prefix script '/home/victor-22/go2_ws/slam_ws/catkin_point_lio_unilidar/install/local_setup.zsh'
[2.480s] INFO:colcon.colcon_core.shell:Creating prefix chain script '/home/victor-22/go2_ws/slam_ws/catkin_point_lio_unilidar/install/setup.zsh'
