[0mCMake Deprecation Warning at CMakeLists.txt:1 (cmake_minimum_required):
  Compatibility with CMake < 3.10 will be removed from a future version of
  CMake.

  Update the VERSION argument <min> value.  Or, use the <min>...<max> syntax
  to tell CMake that the project requires at least <min> but has been updated
  to work with policies introduced by <max> or earlier.

[0m
-- The C compiler identification is GNU 11.4.0
-- The CXX compiler identification is GNU 11.4.0
-- Detecting C compiler ABI info
-- Detecting C compiler ABI info - done
-- Check for working C compiler: /usr/bin/cc - skipped
-- Detecting C compile features
-- Detecting C compile features - done
-- Detecting CXX compiler ABI info
-- Detecting CXX compiler ABI info - done
-- Check for working CXX compiler: /usr/bin/c++ - skipped
-- Detecting CXX compile features
-- Detecting CXX compile features - done
-- Found ament_cmake: 1.3.12 (/opt/ros/humble/share/ament_cmake/cmake)
-- Found Python3: /usr/bin/python3 (found version "3.10.12") found components: Interpreter
-- Found ament_lint_auto: 0.12.14 (/opt/ros/humble/share/ament_lint_auto/cmake)
-- Added test 'copyright' to check source files copyright and LICENSE
-- Added test 'flake8' to check Python code syntax and style conventions
-- Added test 'lint_cmake' to check CMake code style
-- Added test 'pep257' to check Python code against some of the docstring style conventions in PEP 257
-- Added test 'xmllint' to check XML markup files
-- Configuring done (0.6s)
-- Generating done (0.0s)
-- Build files have been written to: /home/victor-22/go2_ws/slam_ws/cartographer_ws/build/go2_cartographer
-- Install configuration: ""
-- Installing: /home/victor-22/go2_ws/slam_ws/cartographer_ws/install/go2_cartographer/share/go2_cartographer//launch
-- Installing: /home/victor-22/go2_ws/slam_ws/cartographer_ws/install/go2_cartographer/share/go2_cartographer//launch/go2_cartographer.launch.py
-- Installing: /home/victor-22/go2_ws/slam_ws/cartographer_ws/install/go2_cartographer/share/go2_cartographer//launch/__pycache__
-- Installing: /home/victor-22/go2_ws/slam_ws/cartographer_ws/install/go2_cartographer/share/go2_cartographer//launch/__pycache__/go2_cartographer.launch.cpython-310.pyc
-- Installing: /home/victor-22/go2_ws/slam_ws/cartographer_ws/install/go2_cartographer/share/go2_cartographer//launch/occupancy_grid.launch.py
-- Installing: /home/victor-22/go2_ws/slam_ws/cartographer_ws/install/go2_cartographer/share/go2_cartographer//config
-- Installing: /home/victor-22/go2_ws/slam_ws/cartographer_ws/install/go2_cartographer/share/go2_cartographer//config/cartographer_qos.yaml
-- Installing: /home/victor-22/go2_ws/slam_ws/cartographer_ws/install/go2_cartographer/share/go2_cartographer//config/go2_cartographer.lua
-- Installing: /home/victor-22/go2_ws/slam_ws/cartographer_ws/install/go2_cartographer/share/go2_cartographer//rviz
-- Installing: /home/victor-22/go2_ws/slam_ws/cartographer_ws/install/go2_cartographer/share/go2_cartographer//rviz/go2_cartographer.rviz
-- Installing: /home/victor-22/go2_ws/slam_ws/cartographer_ws/install/go2_cartographer/share/ament_index/resource_index/package_run_dependencies/go2_cartographer
-- Installing: /home/victor-22/go2_ws/slam_ws/cartographer_ws/install/go2_cartographer/share/ament_index/resource_index/parent_prefix_path/go2_cartographer
-- Installing: /home/victor-22/go2_ws/slam_ws/cartographer_ws/install/go2_cartographer/share/go2_cartographer/environment/ament_prefix_path.sh
-- Installing: /home/victor-22/go2_ws/slam_ws/cartographer_ws/install/go2_cartographer/share/go2_cartographer/environment/ament_prefix_path.dsv
-- Installing: /home/victor-22/go2_ws/slam_ws/cartographer_ws/install/go2_cartographer/share/go2_cartographer/environment/path.sh
-- Installing: /home/victor-22/go2_ws/slam_ws/cartographer_ws/install/go2_cartographer/share/go2_cartographer/environment/path.dsv
-- Installing: /home/victor-22/go2_ws/slam_ws/cartographer_ws/install/go2_cartographer/share/go2_cartographer/local_setup.bash
-- Installing: /home/victor-22/go2_ws/slam_ws/cartographer_ws/install/go2_cartographer/share/go2_cartographer/local_setup.sh
-- Installing: /home/victor-22/go2_ws/slam_ws/cartographer_ws/install/go2_cartographer/share/go2_cartographer/local_setup.zsh
-- Installing: /home/victor-22/go2_ws/slam_ws/cartographer_ws/install/go2_cartographer/share/go2_cartographer/local_setup.dsv
-- Installing: /home/victor-22/go2_ws/slam_ws/cartographer_ws/install/go2_cartographer/share/go2_cartographer/package.dsv
-- Installing: /home/victor-22/go2_ws/slam_ws/cartographer_ws/install/go2_cartographer/share/ament_index/resource_index/packages/go2_cartographer
-- Installing: /home/victor-22/go2_ws/slam_ws/cartographer_ws/install/go2_cartographer/share/go2_cartographer/cmake/go2_cartographerConfig.cmake
-- Installing: /home/victor-22/go2_ws/slam_ws/cartographer_ws/install/go2_cartographer/share/go2_cartographer/cmake/go2_cartographerConfig-version.cmake
-- Installing: /home/victor-22/go2_ws/slam_ws/cartographer_ws/install/go2_cartographer/share/go2_cartographer/package.xml
