[0.009s] Invoking command in '/home/victor-22/go2_ws/slam_ws/cartographer_ws/build/go2_cartographer': CMAKE_PREFIX_PATH=${CMAKE_PREFIX_PATH}:/opt/ros/humble /home/victor-22/.local/bin/cmake /home/victor-22/go2_ws/slam_ws/cartographer_ws/src/go2_cartographer -DCMAKE_INSTALL_PREFIX=/home/victor-22/go2_ws/slam_ws/cartographer_ws/install/go2_cartographer
[0.084s] [0mCMake Deprecation Warning at CMakeLists.txt:1 (cmake_minimum_required):
[0.084s]   Compatibility with CMake < 3.10 will be removed from a future version of
[0.084s]   CMake.
[0.084s] 
[0.084s]   Update the VERSION argument <min> value.  Or, use the <min>...<max> syntax
[0.084s]   to tell CMake that the project requires at least <min> but has been updated
[0.084s]   to work with policies introduced by <max> or earlier.
[0.084s] 
[0.085s] [0m
[0.124s] -- The C compiler identification is GNU 11.4.0
[0.184s] -- The CXX compiler identification is GNU 11.4.0
[0.192s] -- Detecting C compiler ABI info
[0.243s] -- Detecting C compiler ABI info - done
[0.262s] -- Check for working C compiler: /usr/bin/cc - skipped
[0.262s] -- Detecting C compile features
[0.263s] -- Detecting C compile features - done
[0.275s] -- Detecting CXX compiler ABI info
[0.339s] -- Detecting CXX compiler ABI info - done
[0.358s] -- Check for working CXX compiler: /usr/bin/c++ - skipped
[0.359s] -- Detecting CXX compile features
[0.360s] -- Detecting CXX compile features - done
[0.368s] -- Found ament_cmake: 1.3.12 (/opt/ros/humble/share/ament_cmake/cmake)
[0.499s] -- Found Python3: /usr/bin/python3 (found version "3.10.12") found components: Interpreter
[0.591s] -- Found ament_lint_auto: 0.12.14 (/opt/ros/humble/share/ament_lint_auto/cmake)
[0.671s] -- Added test 'copyright' to check source files copyright and LICENSE
[0.675s] -- Added test 'flake8' to check Python code syntax and style conventions
[0.676s] -- Added test 'lint_cmake' to check CMake code style
[0.677s] -- Added test 'pep257' to check Python code against some of the docstring style conventions in PEP 257
[0.679s] -- Added test 'xmllint' to check XML markup files
[0.681s] -- Configuring done (0.6s)
[0.684s] -- Generating done (0.0s)
[0.685s] -- Build files have been written to: /home/victor-22/go2_ws/slam_ws/cartographer_ws/build/go2_cartographer
[0.691s] Invoked command in '/home/victor-22/go2_ws/slam_ws/cartographer_ws/build/go2_cartographer' returned '0': CMAKE_PREFIX_PATH=${CMAKE_PREFIX_PATH}:/opt/ros/humble /home/victor-22/.local/bin/cmake /home/victor-22/go2_ws/slam_ws/cartographer_ws/src/go2_cartographer -DCMAKE_INSTALL_PREFIX=/home/victor-22/go2_ws/slam_ws/cartographer_ws/install/go2_cartographer
[0.692s] Invoking command in '/home/victor-22/go2_ws/slam_ws/cartographer_ws/build/go2_cartographer': CMAKE_PREFIX_PATH=${CMAKE_PREFIX_PATH}:/opt/ros/humble /home/victor-22/.local/bin/cmake --build /home/victor-22/go2_ws/slam_ws/cartographer_ws/build/go2_cartographer -- -j8 -l8
[0.776s] Invoked command in '/home/victor-22/go2_ws/slam_ws/cartographer_ws/build/go2_cartographer' returned '0': CMAKE_PREFIX_PATH=${CMAKE_PREFIX_PATH}:/opt/ros/humble /home/victor-22/.local/bin/cmake --build /home/victor-22/go2_ws/slam_ws/cartographer_ws/build/go2_cartographer -- -j8 -l8
[0.854s] Invoking command in '/home/victor-22/go2_ws/slam_ws/cartographer_ws/build/go2_cartographer': CMAKE_PREFIX_PATH=${CMAKE_PREFIX_PATH}:/opt/ros/humble /home/victor-22/.local/bin/cmake --install /home/victor-22/go2_ws/slam_ws/cartographer_ws/build/go2_cartographer
[0.928s] -- Install configuration: ""
[0.928s] -- Installing: /home/victor-22/go2_ws/slam_ws/cartographer_ws/install/go2_cartographer/share/go2_cartographer//launch
[0.929s] -- Installing: /home/victor-22/go2_ws/slam_ws/cartographer_ws/install/go2_cartographer/share/go2_cartographer//launch/go2_cartographer.launch.py
[0.929s] -- Installing: /home/victor-22/go2_ws/slam_ws/cartographer_ws/install/go2_cartographer/share/go2_cartographer//launch/__pycache__
[0.929s] -- Installing: /home/victor-22/go2_ws/slam_ws/cartographer_ws/install/go2_cartographer/share/go2_cartographer//launch/__pycache__/go2_cartographer.launch.cpython-310.pyc
[0.929s] -- Installing: /home/victor-22/go2_ws/slam_ws/cartographer_ws/install/go2_cartographer/share/go2_cartographer//launch/occupancy_grid.launch.py
[0.929s] -- Installing: /home/victor-22/go2_ws/slam_ws/cartographer_ws/install/go2_cartographer/share/go2_cartographer//config
[0.929s] -- Installing: /home/victor-22/go2_ws/slam_ws/cartographer_ws/install/go2_cartographer/share/go2_cartographer//config/cartographer_qos.yaml
[0.929s] -- Installing: /home/victor-22/go2_ws/slam_ws/cartographer_ws/install/go2_cartographer/share/go2_cartographer//config/go2_cartographer.lua
[0.929s] -- Installing: /home/victor-22/go2_ws/slam_ws/cartographer_ws/install/go2_cartographer/share/go2_cartographer//rviz
[0.929s] -- Installing: /home/victor-22/go2_ws/slam_ws/cartographer_ws/install/go2_cartographer/share/go2_cartographer//rviz/go2_cartographer.rviz
[0.929s] -- Installing: /home/victor-22/go2_ws/slam_ws/cartographer_ws/install/go2_cartographer/share/ament_index/resource_index/package_run_dependencies/go2_cartographer
[0.929s] -- Installing: /home/victor-22/go2_ws/slam_ws/cartographer_ws/install/go2_cartographer/share/ament_index/resource_index/parent_prefix_path/go2_cartographer
[0.930s] -- Installing: /home/victor-22/go2_ws/slam_ws/cartographer_ws/install/go2_cartographer/share/go2_cartographer/environment/ament_prefix_path.sh
[0.930s] -- Installing: /home/victor-22/go2_ws/slam_ws/cartographer_ws/install/go2_cartographer/share/go2_cartographer/environment/ament_prefix_path.dsv
[0.930s] -- Installing: /home/victor-22/go2_ws/slam_ws/cartographer_ws/install/go2_cartographer/share/go2_cartographer/environment/path.sh
[0.930s] -- Installing: /home/victor-22/go2_ws/slam_ws/cartographer_ws/install/go2_cartographer/share/go2_cartographer/environment/path.dsv
[0.930s] -- Installing: /home/victor-22/go2_ws/slam_ws/cartographer_ws/install/go2_cartographer/share/go2_cartographer/local_setup.bash
[0.930s] -- Installing: /home/victor-22/go2_ws/slam_ws/cartographer_ws/install/go2_cartographer/share/go2_cartographer/local_setup.sh
[0.930s] -- Installing: /home/victor-22/go2_ws/slam_ws/cartographer_ws/install/go2_cartographer/share/go2_cartographer/local_setup.zsh
[0.930s] -- Installing: /home/victor-22/go2_ws/slam_ws/cartographer_ws/install/go2_cartographer/share/go2_cartographer/local_setup.dsv
[0.930s] -- Installing: /home/victor-22/go2_ws/slam_ws/cartographer_ws/install/go2_cartographer/share/go2_cartographer/package.dsv
[0.931s] -- Installing: /home/victor-22/go2_ws/slam_ws/cartographer_ws/install/go2_cartographer/share/ament_index/resource_index/packages/go2_cartographer
[0.931s] -- Installing: /home/victor-22/go2_ws/slam_ws/cartographer_ws/install/go2_cartographer/share/go2_cartographer/cmake/go2_cartographerConfig.cmake
[0.931s] -- Installing: /home/victor-22/go2_ws/slam_ws/cartographer_ws/install/go2_cartographer/share/go2_cartographer/cmake/go2_cartographerConfig-version.cmake
[0.931s] -- Installing: /home/victor-22/go2_ws/slam_ws/cartographer_ws/install/go2_cartographer/share/go2_cartographer/package.xml
[0.932s] Invoked command in '/home/victor-22/go2_ws/slam_ws/cartographer_ws/build/go2_cartographer' returned '0': CMAKE_PREFIX_PATH=${CMAKE_PREFIX_PATH}:/opt/ros/humble /home/victor-22/.local/bin/cmake --install /home/victor-22/go2_ws/slam_ws/cartographer_ws/build/go2_cartographer
