[0.009s] Invoking command in '/home/victor-22/go2_ws/slam_ws/laser_scan_bridge_ws/build/laser_scan_bridge': CMAKE_PREFIX_PATH=${CMAKE_PREFIX_PATH}:/opt/ros/humble /home/victor-22/.local/bin/cmake --build /home/victor-22/go2_ws/slam_ws/laser_scan_bridge_ws/build/laser_scan_bridge -- -j8 -l8
[0.093s] -- Found ament_cmake: 1.3.12 (/opt/ros/humble/share/ament_cmake/cmake)
[0.280s] -- Found rclcpp: 16.0.15 (/opt/ros/humble/share/rclcpp/cmake)
[0.311s] -- Found rosidl_generator_c: 3.1.7 (/opt/ros/humble/share/rosidl_generator_c/cmake)
[0.314s] -- Found rosidl_adapter: 3.1.7 (/opt/ros/humble/share/rosidl_adapter/cmake)
[0.321s] -- Found rosidl_generator_cpp: 3.1.7 (/opt/ros/humble/share/rosidl_generator_cpp/cmake)
[0.334s] -- Using all available rosidl_typesupport_c: rosidl_typesupport_fastrtps_c;rosidl_typesupport_introspection_c
[0.349s] -- Using all available rosidl_typesupport_cpp: rosidl_typesupport_fastrtps_cpp;rosidl_typesupport_introspection_cpp
[0.391s] -- Found rmw_implementation_cmake: 6.1.2 (/opt/ros/humble/share/rmw_implementation_cmake/cmake)
[0.393s] -- Found rmw_cyclonedds_cpp: 1.3.4 (/opt/ros/humble/share/rmw_cyclonedds_cpp/cmake)
[0.415s] -- Using RMW implementation 'rmw_cyclonedds_cpp' as default
[0.483s] -- Found sensor_msgs: 4.9.0 (/opt/ros/humble/share/sensor_msgs/cmake)
[0.529s] -- Found ament_lint_auto: 0.12.14 (/opt/ros/humble/share/ament_lint_auto/cmake)
[0.593s] -- Added test 'copyright' to check source files copyright and LICENSE
[0.594s] -- Added test 'cppcheck' to perform static code analysis on C / C++ code
[0.594s] -- Configured cppcheck include dirs: 
[0.594s] -- Configured cppcheck exclude dirs and/or files: 
[0.595s] -- Added test 'cpplint' to check C / C++ code against the Google style
[0.595s] -- Configured cpplint exclude dirs and/or files: 
[0.595s] -- Added test 'flake8' to check Python code syntax and style conventions
[0.595s] -- Added test 'lint_cmake' to check CMake code style
[0.596s] -- Added test 'pep257' to check Python code against some of the docstring style conventions in PEP 257
[0.596s] -- Added test 'uncrustify' to check C / C++ code style
[0.596s] -- Configured uncrustify additional arguments: 
[0.597s] -- Added test 'xmllint' to check XML markup files
[0.597s] -- Configuring done (0.5s)
[0.612s] -- Generating done (0.0s)
[0.615s] -- Build files have been written to: /home/victor-22/go2_ws/slam_ws/laser_scan_bridge_ws/build/laser_scan_bridge
[0.637s] [100%] Built target scan_subscriber_node
[0.637s] [100%] Built target scan_publisher_node
[0.641s] Invoked command in '/home/victor-22/go2_ws/slam_ws/laser_scan_bridge_ws/build/laser_scan_bridge' returned '0': CMAKE_PREFIX_PATH=${CMAKE_PREFIX_PATH}:/opt/ros/humble /home/victor-22/.local/bin/cmake --build /home/victor-22/go2_ws/slam_ws/laser_scan_bridge_ws/build/laser_scan_bridge -- -j8 -l8
[0.714s] Invoking command in '/home/victor-22/go2_ws/slam_ws/laser_scan_bridge_ws/build/laser_scan_bridge': CMAKE_PREFIX_PATH=${CMAKE_PREFIX_PATH}:/opt/ros/humble /home/victor-22/.local/bin/cmake --install /home/victor-22/go2_ws/slam_ws/laser_scan_bridge_ws/build/laser_scan_bridge
[0.786s] -- Install configuration: ""
[0.786s] -- Up-to-date: /home/victor-22/go2_ws/slam_ws/laser_scan_bridge_ws/install/laser_scan_bridge/lib/laser_scan_bridge/scan_subscriber_node
[0.787s] -- Up-to-date: /home/victor-22/go2_ws/slam_ws/laser_scan_bridge_ws/install/laser_scan_bridge/lib/laser_scan_bridge/scan_publisher_node
[0.787s] -- Up-to-date: /home/victor-22/go2_ws/slam_ws/laser_scan_bridge_ws/install/laser_scan_bridge/share/laser_scan_bridge//launch
[0.787s] -- Installing: /home/victor-22/go2_ws/slam_ws/laser_scan_bridge_ws/install/laser_scan_bridge/share/laser_scan_bridge//launch/bridge_launch.py
[0.787s] -- Installing: /home/victor-22/go2_ws/slam_ws/laser_scan_bridge_ws/install/laser_scan_bridge/share/laser_scan_bridge//config
[0.787s] -- Installing: /home/victor-22/go2_ws/slam_ws/laser_scan_bridge_ws/install/laser_scan_bridge/share/laser_scan_bridge//config/slam_config.yaml
[0.787s] -- Up-to-date: /home/victor-22/go2_ws/slam_ws/laser_scan_bridge_ws/install/laser_scan_bridge/share/ament_index/resource_index/package_run_dependencies/laser_scan_bridge
[0.787s] -- Installing: /home/victor-22/go2_ws/slam_ws/laser_scan_bridge_ws/install/laser_scan_bridge/share/ament_index/resource_index/parent_prefix_path/laser_scan_bridge
[0.787s] -- Up-to-date: /home/victor-22/go2_ws/slam_ws/laser_scan_bridge_ws/install/laser_scan_bridge/share/laser_scan_bridge/environment/ament_prefix_path.sh
[0.787s] -- Installing: /home/victor-22/go2_ws/slam_ws/laser_scan_bridge_ws/install/laser_scan_bridge/share/laser_scan_bridge/environment/ament_prefix_path.dsv
[0.787s] -- Up-to-date: /home/victor-22/go2_ws/slam_ws/laser_scan_bridge_ws/install/laser_scan_bridge/share/laser_scan_bridge/environment/path.sh
[0.787s] -- Installing: /home/victor-22/go2_ws/slam_ws/laser_scan_bridge_ws/install/laser_scan_bridge/share/laser_scan_bridge/environment/path.dsv
[0.788s] -- Up-to-date: /home/victor-22/go2_ws/slam_ws/laser_scan_bridge_ws/install/laser_scan_bridge/share/laser_scan_bridge/local_setup.bash
[0.788s] -- Up-to-date: /home/victor-22/go2_ws/slam_ws/laser_scan_bridge_ws/install/laser_scan_bridge/share/laser_scan_bridge/local_setup.sh
[0.788s] -- Up-to-date: /home/victor-22/go2_ws/slam_ws/laser_scan_bridge_ws/install/laser_scan_bridge/share/laser_scan_bridge/local_setup.zsh
[0.788s] -- Installing: /home/victor-22/go2_ws/slam_ws/laser_scan_bridge_ws/install/laser_scan_bridge/share/laser_scan_bridge/local_setup.dsv
[0.788s] -- Installing: /home/victor-22/go2_ws/slam_ws/laser_scan_bridge_ws/install/laser_scan_bridge/share/laser_scan_bridge/package.dsv
[0.788s] -- Up-to-date: /home/victor-22/go2_ws/slam_ws/laser_scan_bridge_ws/install/laser_scan_bridge/share/ament_index/resource_index/packages/laser_scan_bridge
[0.788s] -- Up-to-date: /home/victor-22/go2_ws/slam_ws/laser_scan_bridge_ws/install/laser_scan_bridge/share/laser_scan_bridge/cmake/laser_scan_bridgeConfig.cmake
[0.788s] -- Up-to-date: /home/victor-22/go2_ws/slam_ws/laser_scan_bridge_ws/install/laser_scan_bridge/share/laser_scan_bridge/cmake/laser_scan_bridgeConfig-version.cmake
[0.788s] -- Up-to-date: /home/victor-22/go2_ws/slam_ws/laser_scan_bridge_ws/install/laser_scan_bridge/share/laser_scan_bridge/package.xml
[0.789s] Invoked command in '/home/victor-22/go2_ws/slam_ws/laser_scan_bridge_ws/build/laser_scan_bridge' returned '0': CMAKE_PREFIX_PATH=${CMAKE_PREFIX_PATH}:/opt/ros/humble /home/victor-22/.local/bin/cmake --install /home/victor-22/go2_ws/slam_ws/laser_scan_bridge_ws/build/laser_scan_bridge
