[0.101s] DEBUG:colcon:Command line arguments: ['/usr/bin/colcon', 'build']
[0.101s] DEBUG:colcon:Parsed command line arguments: Namespace(log_base=None, log_level=None, verb_name='build', build_base='build', install_base='install', merge_install=False, symlink_install=False, test_result_base=None, continue_on_error=False, executor='parallel', parallel_workers=8, event_handlers=None, ignore_user_meta=False, metas=['./colcon.meta'], base_paths=['.'], packages_ignore=None, packages_ignore_regex=None, paths=None, packages_up_to=None, packages_up_to_regex=None, packages_above=None, packages_above_and_dependencies=None, packages_above_depth=None, packages_select_by_dep=None, packages_skip_by_dep=None, packages_skip_up_to=None, packages_select_build_failed=False, packages_skip_build_finished=False, packages_select_test_failures=False, packages_skip_test_passed=False, packages_select=None, packages_skip=None, packages_select_regex=None, packages_skip_regex=None, packages_start=None, packages_end=None, allow_overriding=[], cmake_args=None, cmake_target=None, cmake_target_skip_unavailable=False, cmake_clean_cache=False, cmake_clean_first=False, cmake_force_configure=False, ament_cmake_args=None, catkin_cmake_args=None, catkin_skip_building_tests=False, mixin_files=None, mixin=None, verb_parser=<colcon_mixin.mixin.mixin_argument.MixinArgumentDecorator object at 0x777da9d1e2c0>, verb_extension=<colcon_core.verb.build.BuildVerb object at 0x777da9d1d900>, main=<bound method BuildVerb.main of <colcon_core.verb.build.BuildVerb object at 0x777da9d1d900>>, mixin_verb=('build',))
[0.244s] Level 1:colcon.colcon_core.package_discovery:discover_packages(colcon_meta) check parameters
[0.245s] Level 1:colcon.colcon_core.package_discovery:discover_packages(recursive) check parameters
[0.245s] Level 1:colcon.colcon_core.package_discovery:discover_packages(ignore) check parameters
[0.245s] Level 1:colcon.colcon_core.package_discovery:discover_packages(path) check parameters
[0.245s] Level 1:colcon.colcon_core.package_discovery:discover_packages(colcon_meta) discover
[0.245s] Level 1:colcon.colcon_core.package_discovery:discover_packages(recursive) discover
[0.245s] INFO:colcon.colcon_core.package_discovery:Crawling recursively for packages in '/home/victor-22/go2_ws/slam_ws/flatten_point_cloud_ws'
[0.245s] Level 1:colcon.colcon_core.package_identification:_identify(.) by extensions ['ignore', 'ignore_ament_install']
[0.245s] Level 1:colcon.colcon_core.package_identification:_identify(.) by extension 'ignore'
[0.245s] Level 1:colcon.colcon_core.package_identification:_identify(.) by extension 'ignore_ament_install'
[0.245s] Level 1:colcon.colcon_core.package_identification:_identify(.) by extensions ['colcon_pkg']
[0.245s] Level 1:colcon.colcon_core.package_identification:_identify(.) by extension 'colcon_pkg'
[0.245s] Level 1:colcon.colcon_core.package_identification:_identify(.) by extensions ['colcon_meta']
[0.245s] Level 1:colcon.colcon_core.package_identification:_identify(.) by extension 'colcon_meta'
[0.245s] Level 1:colcon.colcon_core.package_identification:_identify(.) by extensions ['ros']
[0.245s] Level 1:colcon.colcon_core.package_identification:_identify(.) by extension 'ros'
[0.257s] DEBUG:colcon.colcon_core.package_identification:Package '.' with type 'ros.ament_cmake' and name 'flatten_pointcloud'
[0.257s] Level 1:colcon.colcon_core.package_discovery:discover_packages(recursive) using defaults
[0.257s] Level 1:colcon.colcon_core.package_discovery:discover_packages(ignore) discover
[0.257s] Level 1:colcon.colcon_core.package_discovery:discover_packages(ignore) using defaults
[0.257s] Level 1:colcon.colcon_core.package_discovery:discover_packages(path) discover
[0.257s] Level 1:colcon.colcon_core.package_discovery:discover_packages(path) using defaults
[0.287s] Level 1:colcon.colcon_core.package_discovery:discover_packages(prefix_path) check parameters
[0.287s] Level 1:colcon.colcon_core.package_discovery:discover_packages(prefix_path) discover
[0.289s] DEBUG:colcon.colcon_installed_package_information.package_discovery:Found 3 installed packages in /home/victor-22/unitree_ros2/cyclonedds_ws/install
[0.290s] DEBUG:colcon.colcon_installed_package_information.package_discovery:Found 282 installed packages in /opt/ros/humble
[0.291s] Level 1:colcon.colcon_core.package_discovery:discover_packages(prefix_path) using defaults
[0.327s] Level 5:colcon.colcon_core.verb:set package 'flatten_pointcloud' build argument 'cmake_args' from command line to 'None'
[0.327s] Level 5:colcon.colcon_core.verb:set package 'flatten_pointcloud' build argument 'cmake_target' from command line to 'None'
[0.327s] Level 5:colcon.colcon_core.verb:set package 'flatten_pointcloud' build argument 'cmake_target_skip_unavailable' from command line to 'False'
[0.327s] Level 5:colcon.colcon_core.verb:set package 'flatten_pointcloud' build argument 'cmake_clean_cache' from command line to 'False'
[0.327s] Level 5:colcon.colcon_core.verb:set package 'flatten_pointcloud' build argument 'cmake_clean_first' from command line to 'False'
[0.327s] Level 5:colcon.colcon_core.verb:set package 'flatten_pointcloud' build argument 'cmake_force_configure' from command line to 'False'
[0.327s] Level 5:colcon.colcon_core.verb:set package 'flatten_pointcloud' build argument 'ament_cmake_args' from command line to 'None'
[0.327s] Level 5:colcon.colcon_core.verb:set package 'flatten_pointcloud' build argument 'catkin_cmake_args' from command line to 'None'
[0.327s] Level 5:colcon.colcon_core.verb:set package 'flatten_pointcloud' build argument 'catkin_skip_building_tests' from command line to 'False'
[0.327s] DEBUG:colcon.colcon_core.verb:Building package 'flatten_pointcloud' with the following arguments: {'ament_cmake_args': None, 'build_base': '/home/victor-22/go2_ws/slam_ws/flatten_point_cloud_ws/build/flatten_pointcloud', 'catkin_cmake_args': None, 'catkin_skip_building_tests': False, 'cmake_args': None, 'cmake_clean_cache': False, 'cmake_clean_first': False, 'cmake_force_configure': False, 'cmake_target': None, 'cmake_target_skip_unavailable': False, 'install_base': '/home/victor-22/go2_ws/slam_ws/flatten_point_cloud_ws/install/flatten_pointcloud', 'merge_install': False, 'path': '/home/victor-22/go2_ws/slam_ws/flatten_point_cloud_ws', 'symlink_install': False, 'test_result_base': None}
[0.328s] INFO:colcon.colcon_core.executor:Executing jobs using 'parallel' executor
[0.328s] DEBUG:colcon.colcon_parallel_executor.executor.parallel:run_until_complete
[0.329s] INFO:colcon.colcon_ros.task.ament_cmake.build:Building ROS package in '/home/victor-22/go2_ws/slam_ws/flatten_point_cloud_ws' with build type 'ament_cmake'
[0.329s] INFO:colcon.colcon_cmake.task.cmake.build:Building CMake package in '/home/victor-22/go2_ws/slam_ws/flatten_point_cloud_ws'
[0.330s] INFO:colcon.colcon_core.plugin_system:Skipping extension 'colcon_core.shell.bat': Not used on non-Windows systems
[0.331s] INFO:colcon.colcon_core.shell:Skip shell extension 'powershell' for command environment: Not usable outside of PowerShell
[0.331s] DEBUG:colcon.colcon_core.shell:Skip shell extension 'dsv' for command environment
[0.337s] DEBUG:colcon.colcon_core.event_handler.log_command:Invoking command in '/home/victor-22/go2_ws/slam_ws/flatten_point_cloud_ws/build/flatten_pointcloud': CMAKE_PREFIX_PATH=${CMAKE_PREFIX_PATH}:/opt/ros/humble /home/victor-22/.local/bin/cmake /home/victor-22/go2_ws/slam_ws/flatten_point_cloud_ws -DCMAKE_INSTALL_PREFIX=/home/victor-22/go2_ws/slam_ws/flatten_point_cloud_ws/install/flatten_pointcloud
[0.950s] DEBUG:colcon.colcon_core.event_handler.log_command:Invoked command in '/home/victor-22/go2_ws/slam_ws/flatten_point_cloud_ws/build/flatten_pointcloud' returned '0': CMAKE_PREFIX_PATH=${CMAKE_PREFIX_PATH}:/opt/ros/humble /home/victor-22/.local/bin/cmake /home/victor-22/go2_ws/slam_ws/flatten_point_cloud_ws -DCMAKE_INSTALL_PREFIX=/home/victor-22/go2_ws/slam_ws/flatten_point_cloud_ws/install/flatten_pointcloud
[0.952s] DEBUG:colcon.colcon_core.event_handler.log_command:Invoking command in '/home/victor-22/go2_ws/slam_ws/flatten_point_cloud_ws/build/flatten_pointcloud': CMAKE_PREFIX_PATH=${CMAKE_PREFIX_PATH}:/opt/ros/humble /home/victor-22/.local/bin/cmake --build /home/victor-22/go2_ws/slam_ws/flatten_point_cloud_ws/build/flatten_pointcloud -- -j8 -l8
[13.606s] DEBUG:colcon.colcon_core.event_handler.log_command:Invoked command in '/home/victor-22/go2_ws/slam_ws/flatten_point_cloud_ws/build/flatten_pointcloud' returned '0': CMAKE_PREFIX_PATH=${CMAKE_PREFIX_PATH}:/opt/ros/humble /home/victor-22/.local/bin/cmake --build /home/victor-22/go2_ws/slam_ws/flatten_point_cloud_ws/build/flatten_pointcloud -- -j8 -l8
[13.698s] DEBUG:colcon.colcon_core.event_handler.log_command:Invoking command in '/home/victor-22/go2_ws/slam_ws/flatten_point_cloud_ws/build/flatten_pointcloud': CMAKE_PREFIX_PATH=${CMAKE_PREFIX_PATH}:/opt/ros/humble /home/victor-22/.local/bin/cmake --install /home/victor-22/go2_ws/slam_ws/flatten_point_cloud_ws/build/flatten_pointcloud
[13.778s] Level 1:colcon.colcon_core.environment:create_environment_scripts_only(flatten_pointcloud)
[13.778s] DEBUG:colcon.colcon_core.event_handler.log_command:Invoked command in '/home/victor-22/go2_ws/slam_ws/flatten_point_cloud_ws/build/flatten_pointcloud' returned '0': CMAKE_PREFIX_PATH=${CMAKE_PREFIX_PATH}:/opt/ros/humble /home/victor-22/.local/bin/cmake --install /home/victor-22/go2_ws/slam_ws/flatten_point_cloud_ws/build/flatten_pointcloud
[13.783s] Level 1:colcon.colcon_core.environment:checking '/home/victor-22/go2_ws/slam_ws/flatten_point_cloud_ws/install/flatten_pointcloud' for CMake module files
[13.783s] Level 1:colcon.colcon_core.environment:checking '/home/victor-22/go2_ws/slam_ws/flatten_point_cloud_ws/install/flatten_pointcloud' for CMake config files
[13.784s] Level 1:colcon.colcon_core.shell:create_environment_hook('flatten_pointcloud', 'cmake_prefix_path')
[13.784s] INFO:colcon.colcon_core.shell:Creating environment hook '/home/victor-22/go2_ws/slam_ws/flatten_point_cloud_ws/install/flatten_pointcloud/share/flatten_pointcloud/hook/cmake_prefix_path.ps1'
[13.785s] INFO:colcon.colcon_core.shell:Creating environment descriptor '/home/victor-22/go2_ws/slam_ws/flatten_point_cloud_ws/install/flatten_pointcloud/share/flatten_pointcloud/hook/cmake_prefix_path.dsv'
[13.785s] INFO:colcon.colcon_core.shell:Creating environment hook '/home/victor-22/go2_ws/slam_ws/flatten_point_cloud_ws/install/flatten_pointcloud/share/flatten_pointcloud/hook/cmake_prefix_path.sh'
[13.786s] Level 1:colcon.colcon_core.environment:checking '/home/victor-22/go2_ws/slam_ws/flatten_point_cloud_ws/install/flatten_pointcloud/lib'
[13.786s] Level 1:colcon.colcon_core.environment:checking '/home/victor-22/go2_ws/slam_ws/flatten_point_cloud_ws/install/flatten_pointcloud/bin'
[13.786s] Level 1:colcon.colcon_core.environment:checking '/home/victor-22/go2_ws/slam_ws/flatten_point_cloud_ws/install/flatten_pointcloud/lib/pkgconfig/flatten_pointcloud.pc'
[13.787s] Level 1:colcon.colcon_core.environment:checking '/home/victor-22/go2_ws/slam_ws/flatten_point_cloud_ws/install/flatten_pointcloud/lib/python3.10/site-packages'
[13.787s] Level 1:colcon.colcon_core.environment:checking '/home/victor-22/go2_ws/slam_ws/flatten_point_cloud_ws/install/flatten_pointcloud/bin'
[13.787s] INFO:colcon.colcon_core.shell:Creating package script '/home/victor-22/go2_ws/slam_ws/flatten_point_cloud_ws/install/flatten_pointcloud/share/flatten_pointcloud/package.ps1'
[13.788s] INFO:colcon.colcon_core.shell:Creating package descriptor '/home/victor-22/go2_ws/slam_ws/flatten_point_cloud_ws/install/flatten_pointcloud/share/flatten_pointcloud/package.dsv'
[13.788s] INFO:colcon.colcon_core.shell:Creating package script '/home/victor-22/go2_ws/slam_ws/flatten_point_cloud_ws/install/flatten_pointcloud/share/flatten_pointcloud/package.sh'
[13.789s] INFO:colcon.colcon_core.shell:Creating package script '/home/victor-22/go2_ws/slam_ws/flatten_point_cloud_ws/install/flatten_pointcloud/share/flatten_pointcloud/package.bash'
[13.790s] INFO:colcon.colcon_core.shell:Creating package script '/home/victor-22/go2_ws/slam_ws/flatten_point_cloud_ws/install/flatten_pointcloud/share/flatten_pointcloud/package.zsh'
[13.791s] Level 1:colcon.colcon_core.environment:create_file_with_runtime_dependencies(/home/victor-22/go2_ws/slam_ws/flatten_point_cloud_ws/install/flatten_pointcloud/share/colcon-core/packages/flatten_pointcloud)
[13.791s] Level 1:colcon.colcon_core.environment:create_environment_scripts_only(flatten_pointcloud)
[13.791s] Level 1:colcon.colcon_core.environment:checking '/home/victor-22/go2_ws/slam_ws/flatten_point_cloud_ws/install/flatten_pointcloud' for CMake module files
[13.792s] Level 1:colcon.colcon_core.environment:checking '/home/victor-22/go2_ws/slam_ws/flatten_point_cloud_ws/install/flatten_pointcloud' for CMake config files
[13.792s] Level 1:colcon.colcon_core.shell:create_environment_hook('flatten_pointcloud', 'cmake_prefix_path')
[13.792s] INFO:colcon.colcon_core.shell:Creating environment hook '/home/victor-22/go2_ws/slam_ws/flatten_point_cloud_ws/install/flatten_pointcloud/share/flatten_pointcloud/hook/cmake_prefix_path.ps1'
[13.793s] INFO:colcon.colcon_core.shell:Creating environment descriptor '/home/victor-22/go2_ws/slam_ws/flatten_point_cloud_ws/install/flatten_pointcloud/share/flatten_pointcloud/hook/cmake_prefix_path.dsv'
[13.793s] INFO:colcon.colcon_core.shell:Creating environment hook '/home/victor-22/go2_ws/slam_ws/flatten_point_cloud_ws/install/flatten_pointcloud/share/flatten_pointcloud/hook/cmake_prefix_path.sh'
[13.793s] Level 1:colcon.colcon_core.environment:checking '/home/victor-22/go2_ws/slam_ws/flatten_point_cloud_ws/install/flatten_pointcloud/lib'
[13.794s] Level 1:colcon.colcon_core.environment:checking '/home/victor-22/go2_ws/slam_ws/flatten_point_cloud_ws/install/flatten_pointcloud/bin'
[13.794s] Level 1:colcon.colcon_core.environment:checking '/home/victor-22/go2_ws/slam_ws/flatten_point_cloud_ws/install/flatten_pointcloud/lib/pkgconfig/flatten_pointcloud.pc'
[13.794s] Level 1:colcon.colcon_core.environment:checking '/home/victor-22/go2_ws/slam_ws/flatten_point_cloud_ws/install/flatten_pointcloud/lib/python3.10/site-packages'
[13.794s] Level 1:colcon.colcon_core.environment:checking '/home/victor-22/go2_ws/slam_ws/flatten_point_cloud_ws/install/flatten_pointcloud/bin'
[13.794s] INFO:colcon.colcon_core.shell:Creating package script '/home/victor-22/go2_ws/slam_ws/flatten_point_cloud_ws/install/flatten_pointcloud/share/flatten_pointcloud/package.ps1'
[13.795s] INFO:colcon.colcon_core.shell:Creating package descriptor '/home/victor-22/go2_ws/slam_ws/flatten_point_cloud_ws/install/flatten_pointcloud/share/flatten_pointcloud/package.dsv'
[13.795s] INFO:colcon.colcon_core.shell:Creating package script '/home/victor-22/go2_ws/slam_ws/flatten_point_cloud_ws/install/flatten_pointcloud/share/flatten_pointcloud/package.sh'
[13.796s] INFO:colcon.colcon_core.shell:Creating package script '/home/victor-22/go2_ws/slam_ws/flatten_point_cloud_ws/install/flatten_pointcloud/share/flatten_pointcloud/package.bash'
[13.796s] INFO:colcon.colcon_core.shell:Creating package script '/home/victor-22/go2_ws/slam_ws/flatten_point_cloud_ws/install/flatten_pointcloud/share/flatten_pointcloud/package.zsh'
[13.796s] Level 1:colcon.colcon_core.environment:create_file_with_runtime_dependencies(/home/victor-22/go2_ws/slam_ws/flatten_point_cloud_ws/install/flatten_pointcloud/share/colcon-core/packages/flatten_pointcloud)
[13.797s] DEBUG:colcon.colcon_parallel_executor.executor.parallel:closing loop
[13.797s] DEBUG:colcon.colcon_parallel_executor.executor.parallel:loop closed
[13.797s] DEBUG:colcon.colcon_parallel_executor.executor.parallel:run_until_complete finished with '0'
[13.797s] DEBUG:colcon.colcon_core.event_reactor:joining thread
[13.805s] INFO:colcon.colcon_core.plugin_system:Skipping extension 'colcon_notification.desktop_notification.terminal_notifier': Not used on non-Darwin systems
[13.805s] INFO:colcon.colcon_core.plugin_system:Skipping extension 'colcon_notification.desktop_notification.win32': Not used on non-Windows systems
[13.805s] INFO:colcon.colcon_notification.desktop_notification:Sending desktop notification using 'notify2'
[13.816s] DEBUG:colcon.colcon_core.event_reactor:joined thread
[13.816s] INFO:colcon.colcon_core.shell:Creating prefix script '/home/victor-22/go2_ws/slam_ws/flatten_point_cloud_ws/install/local_setup.ps1'
[13.817s] INFO:colcon.colcon_core.shell:Creating prefix util module '/home/victor-22/go2_ws/slam_ws/flatten_point_cloud_ws/install/_local_setup_util_ps1.py'
[13.819s] INFO:colcon.colcon_core.shell:Creating prefix chain script '/home/victor-22/go2_ws/slam_ws/flatten_point_cloud_ws/install/setup.ps1'
[13.821s] INFO:colcon.colcon_core.shell:Creating prefix script '/home/victor-22/go2_ws/slam_ws/flatten_point_cloud_ws/install/local_setup.sh'
[13.822s] INFO:colcon.colcon_core.shell:Creating prefix util module '/home/victor-22/go2_ws/slam_ws/flatten_point_cloud_ws/install/_local_setup_util_sh.py'
[13.822s] INFO:colcon.colcon_core.shell:Creating prefix chain script '/home/victor-22/go2_ws/slam_ws/flatten_point_cloud_ws/install/setup.sh'
[13.824s] INFO:colcon.colcon_core.shell:Creating prefix script '/home/victor-22/go2_ws/slam_ws/flatten_point_cloud_ws/install/local_setup.bash'
[13.825s] INFO:colcon.colcon_core.shell:Creating prefix chain script '/home/victor-22/go2_ws/slam_ws/flatten_point_cloud_ws/install/setup.bash'
[13.826s] INFO:colcon.colcon_core.shell:Creating prefix script '/home/victor-22/go2_ws/slam_ws/flatten_point_cloud_ws/install/local_setup.zsh'
[13.826s] INFO:colcon.colcon_core.shell:Creating prefix chain script '/home/victor-22/go2_ws/slam_ws/flatten_point_cloud_ws/install/setup.zsh'
