[0.009s] Invoking command in '/home/victor-22/go2_ws/slam_ws/flatten_point_cloud_ws/build/flatten_pointcloud': CMAKE_PREFIX_PATH=${CMAKE_PREFIX_PATH}:/opt/ros/humble /home/victor-22/.local/bin/cmake /home/victor-22/go2_ws/slam_ws/flatten_point_cloud_ws -DCMAKE_INSTALL_PREFIX=/home/victor-22/go2_ws/slam_ws/flatten_point_cloud_ws/install/flatten_pointcloud
[0.098s] [0mCMake Deprecation Warning at CMakeLists.txt:1 (cmake_minimum_required):
[0.098s]   Compatibility with CMake < 3.10 will be removed from a future version of
[0.098s]   CMake.
[0.098s] 
[0.098s]   Update the VERSION argument <min> value.  Or, use the <min>...<max> syntax
[0.098s]   to tell CMake that the project requires at least <min> but has been updated
[0.098s]   to work with policies introduced by <max> or earlier.
[0.098s] 
[0.098s] [0m
[0.155s] -- The C compiler identification is GNU 11.4.0
[0.218s] -- The CXX compiler identification is GNU 11.4.0
[0.228s] -- Detecting C compiler ABI info
[0.278s] -- Detecting C compiler ABI info - done
[0.294s] -- Check for working C compiler: /usr/bin/cc - skipped
[0.295s] -- Detecting C compile features
[0.296s] -- Detecting C compile features - done
[0.308s] -- Detecting CXX compiler ABI info
[0.368s] -- Detecting CXX compiler ABI info - done
[0.385s] -- Check for working CXX compiler: /usr/bin/c++ - skipped
[0.385s] -- Detecting CXX compile features
[0.385s] -- Detecting CXX compile features - done
[0.396s] -- Found ament_cmake: 1.3.12 (/opt/ros/humble/share/ament_cmake/cmake)
[0.517s] -- Found Python3: /usr/bin/python3 (found version "3.10.12") found components: Interpreter
[0.615s] -- Found rclcpp: 16.0.15 (/opt/ros/humble/share/rclcpp/cmake)
[0.670s] -- Found rosidl_generator_c: 3.1.7 (/opt/ros/humble/share/rosidl_generator_c/cmake)
[0.675s] -- Found rosidl_adapter: 3.1.7 (/opt/ros/humble/share/rosidl_adapter/cmake)
[0.686s] -- Found rosidl_generator_cpp: 3.1.7 (/opt/ros/humble/share/rosidl_generator_cpp/cmake)
[0.704s] -- Using all available rosidl_typesupport_c: rosidl_typesupport_fastrtps_c;rosidl_typesupport_introspection_c
[0.725s] -- Using all available rosidl_typesupport_cpp: rosidl_typesupport_fastrtps_cpp;rosidl_typesupport_introspection_cpp
[0.787s] -- Found rmw_implementation_cmake: 6.1.2 (/opt/ros/humble/share/rmw_implementation_cmake/cmake)
[0.790s] -- Found rmw_cyclonedds_cpp: 1.3.4 (/opt/ros/humble/share/rmw_cyclonedds_cpp/cmake)
[0.822s] -- Using RMW implementation 'rmw_cyclonedds_cpp' as default
[0.836s] -- Performing Test CMAKE_HAVE_LIBC_PTHREAD
[0.889s] -- Performing Test CMAKE_HAVE_LIBC_PTHREAD - Success
[0.890s] -- Found Threads: TRUE
[0.971s] -- Found sensor_msgs: 4.9.0 (/opt/ros/humble/share/sensor_msgs/cmake)
[1.020s] -- Found nav_msgs: 4.9.0 (/opt/ros/humble/share/nav_msgs/cmake)
[1.051s] -- Found ament_lint_auto: 0.12.14 (/opt/ros/humble/share/ament_lint_auto/cmake)
[1.130s] -- Added test 'copyright' to check source files copyright and LICENSE
[1.134s] -- Added test 'cppcheck' to perform static code analysis on C / C++ code
[1.134s] -- Configured cppcheck include dirs: 
[1.134s] -- Configured cppcheck exclude dirs and/or files: 
[1.138s] -- Added test 'cpplint' to check C / C++ code against the Google style
[1.138s] -- Configured cpplint exclude dirs and/or files: 
[1.139s] -- Added test 'flake8' to check Python code syntax and style conventions
[1.141s] -- Added test 'lint_cmake' to check CMake code style
[1.142s] -- Added test 'pep257' to check Python code against some of the docstring style conventions in PEP 257
[1.146s] -- Added test 'uncrustify' to check C / C++ code style
[1.146s] -- Configured uncrustify additional arguments: 
[1.147s] -- Added test 'xmllint' to check XML markup files
[1.149s] -- Configuring done (1.1s)
[1.151s] [31mCMake Error at CMakeLists.txt:21 (add_executable):
[1.151s]   Cannot find source file:
[1.151s] 
[1.152s]     src/flatten_node.cpp
[1.152s] 
[1.152s]   Tried extensions .c .C .c++ .cc .cpp .cxx .cu .mpp .m .M .mm .ixx .cppm
[1.152s]   .ccm .cxxm .c++m .h .hh .h++ .hm .hpp .hxx .in .txx .f .F .for .f77 .f90
[1.152s]   .f95 .f03 .hip .ispc
[1.152s] 
[1.152s] [0m
[1.153s] [31mCMake Error at CMakeLists.txt:21 (add_executable):
[1.153s]   No SOURCES given to target: flatten_node
[1.153s] 
[1.153s] [0m
[1.154s] [0mCMake Generate step failed.  Build files cannot be regenerated correctly.[0m
[1.161s] Invoked command in '/home/victor-22/go2_ws/slam_ws/flatten_point_cloud_ws/build/flatten_pointcloud' returned '1': CMAKE_PREFIX_PATH=${CMAKE_PREFIX_PATH}:/opt/ros/humble /home/victor-22/.local/bin/cmake /home/victor-22/go2_ws/slam_ws/flatten_point_cloud_ws -DCMAKE_INSTALL_PREFIX=/home/victor-22/go2_ws/slam_ws/flatten_point_cloud_ws/install/flatten_pointcloud
