[0mCMake Deprecation Warning at CMakeLists.txt:1 (cmake_minimum_required):
  Compatibility with CMake < 3.10 will be removed from a future version of
  CMake.

  Update the VERSION argument <min> value.  Or, use the <min>...<max> syntax
  to tell CMake that the project requires at least <min> but has been updated
  to work with policies introduced by <max> or earlier.

[0m
-- Found ament_cmake: 1.3.12 (/opt/ros/humble/share/ament_cmake/cmake)
-- Found rclcpp: 16.0.15 (/opt/ros/humble/share/rclcpp/cmake)
-- Found rosidl_generator_c: 3.1.7 (/opt/ros/humble/share/rosidl_generator_c/cmake)
-- Found rosidl_adapter: 3.1.7 (/opt/ros/humble/share/rosidl_adapter/cmake)
-- Found rosidl_generator_cpp: 3.1.7 (/opt/ros/humble/share/rosidl_generator_cpp/cmake)
-- Using all available rosidl_typesupport_c: rosidl_typesupport_fastrtps_c;rosidl_typesupport_introspection_c
-- Using all available rosidl_typesupport_cpp: rosidl_typesupport_fastrtps_cpp;rosidl_typesupport_introspection_cpp
-- Found rmw_implementation_cmake: 6.1.2 (/opt/ros/humble/share/rmw_implementation_cmake/cmake)
-- Found rmw_cyclonedds_cpp: 1.3.4 (/opt/ros/humble/share/rmw_cyclonedds_cpp/cmake)
-- Using RMW implementation 'rmw_cyclonedds_cpp' as default
-- Found sensor_msgs: 4.9.0 (/opt/ros/humble/share/sensor_msgs/cmake)
-- Found nav_msgs: 4.9.0 (/opt/ros/humble/share/nav_msgs/cmake)
-- Found ament_lint_auto: 0.12.14 (/opt/ros/humble/share/ament_lint_auto/cmake)
-- Added test 'copyright' to check source files copyright and LICENSE
-- Added test 'cppcheck' to perform static code analysis on C / C++ code
-- Configured cppcheck include dirs: 
-- Configured cppcheck exclude dirs and/or files: 
-- Added test 'cpplint' to check C / C++ code against the Google style
-- Configured cpplint exclude dirs and/or files: 
-- Added test 'flake8' to check Python code syntax and style conventions
-- Added test 'lint_cmake' to check CMake code style
-- Added test 'pep257' to check Python code against some of the docstring style conventions in PEP 257
-- Added test 'uncrustify' to check C / C++ code style
-- Configured uncrustify additional arguments: 
-- Added test 'xmllint' to check XML markup files
-- Configuring done (0.5s)
-- Generating done (0.0s)
-- Build files have been written to: /home/victor-22/go2_ws/slam_ws/flatten_point_cloud_ws/build/flatten_pointcloud
[ 50%] [32mBuilding CXX object CMakeFiles/flatten_node.dir/src/flatten_node.cpp.o[0m
[100%] [1m[32mLinking CXX executable flatten_node[0m
[100%] Built target flatten_node
-- Install configuration: ""
-- Installing: /home/victor-22/go2_ws/slam_ws/flatten_point_cloud_ws/install/flatten_pointcloud/lib/flatten_pointcloud/flatten_node
-- Set non-toolchain portion of runtime path of "/home/victor-22/go2_ws/slam_ws/flatten_point_cloud_ws/install/flatten_pointcloud/lib/flatten_pointcloud/flatten_node" to ""
-- Installing: /home/victor-22/go2_ws/slam_ws/flatten_point_cloud_ws/install/flatten_pointcloud/share/flatten_pointcloud/launch
-- Installing: /home/victor-22/go2_ws/slam_ws/flatten_point_cloud_ws/install/flatten_pointcloud/share/flatten_pointcloud/launch/flatten_launch.py
-- Installing: /home/victor-22/go2_ws/slam_ws/flatten_point_cloud_ws/install/flatten_pointcloud/share/flatten_pointcloud/config
-- Installing: /home/victor-22/go2_ws/slam_ws/flatten_point_cloud_ws/install/flatten_pointcloud/share/flatten_pointcloud/config/flatten_params.yaml
-- Installing: /home/victor-22/go2_ws/slam_ws/flatten_point_cloud_ws/install/flatten_pointcloud/share/ament_index/resource_index/package_run_dependencies/flatten_pointcloud
-- Installing: /home/victor-22/go2_ws/slam_ws/flatten_point_cloud_ws/install/flatten_pointcloud/share/ament_index/resource_index/parent_prefix_path/flatten_pointcloud
-- Installing: /home/victor-22/go2_ws/slam_ws/flatten_point_cloud_ws/install/flatten_pointcloud/share/flatten_pointcloud/environment/ament_prefix_path.sh
-- Installing: /home/victor-22/go2_ws/slam_ws/flatten_point_cloud_ws/install/flatten_pointcloud/share/flatten_pointcloud/environment/ament_prefix_path.dsv
-- Installing: /home/victor-22/go2_ws/slam_ws/flatten_point_cloud_ws/install/flatten_pointcloud/share/flatten_pointcloud/environment/path.sh
-- Installing: /home/victor-22/go2_ws/slam_ws/flatten_point_cloud_ws/install/flatten_pointcloud/share/flatten_pointcloud/environment/path.dsv
-- Installing: /home/victor-22/go2_ws/slam_ws/flatten_point_cloud_ws/install/flatten_pointcloud/share/flatten_pointcloud/local_setup.bash
-- Installing: /home/victor-22/go2_ws/slam_ws/flatten_point_cloud_ws/install/flatten_pointcloud/share/flatten_pointcloud/local_setup.sh
-- Installing: /home/victor-22/go2_ws/slam_ws/flatten_point_cloud_ws/install/flatten_pointcloud/share/flatten_pointcloud/local_setup.zsh
-- Installing: /home/victor-22/go2_ws/slam_ws/flatten_point_cloud_ws/install/flatten_pointcloud/share/flatten_pointcloud/local_setup.dsv
-- Installing: /home/victor-22/go2_ws/slam_ws/flatten_point_cloud_ws/install/flatten_pointcloud/share/flatten_pointcloud/package.dsv
-- Installing: /home/victor-22/go2_ws/slam_ws/flatten_point_cloud_ws/install/flatten_pointcloud/share/ament_index/resource_index/packages/flatten_pointcloud
-- Installing: /home/victor-22/go2_ws/slam_ws/flatten_point_cloud_ws/install/flatten_pointcloud/share/flatten_pointcloud/cmake/flatten_pointcloudConfig.cmake
-- Installing: /home/victor-22/go2_ws/slam_ws/flatten_point_cloud_ws/install/flatten_pointcloud/share/flatten_pointcloud/cmake/flatten_pointcloudConfig-version.cmake
-- Installing: /home/victor-22/go2_ws/slam_ws/flatten_point_cloud_ws/install/flatten_pointcloud/share/flatten_pointcloud/package.xml
