[0.008s] Invoking command in '/home/victor-22/go2_ws/slam_ws/flatten_point_cloud_ws/build/flatten_pointcloud': CMAKE_PREFIX_PATH=${CMAKE_PREFIX_PATH}:/opt/ros/humble /home/victor-22/.local/bin/cmake /home/victor-22/go2_ws/slam_ws/flatten_point_cloud_ws -DCMAKE_INSTALL_PREFIX=/home/victor-22/go2_ws/slam_ws/flatten_point_cloud_ws/install/flatten_pointcloud
[0.080s] [0mCMake Deprecation Warning at CMakeLists.txt:1 (cmake_minimum_required):
[0.080s]   Compatibility with CMake < 3.10 will be removed from a future version of
[0.080s]   CMake.
[0.080s] 
[0.080s]   Update the VERSION argument <min> value.  Or, use the <min>...<max> syntax
[0.080s]   to tell CMake that the project requires at least <min> but has been updated
[0.080s]   to work with policies introduced by <max> or earlier.
[0.080s] 
[0.080s] [0m
[0.086s] -- Found ament_cmake: 1.3.12 (/opt/ros/humble/share/ament_cmake/cmake)
[0.266s] -- Found rclcpp: 16.0.15 (/opt/ros/humble/share/rclcpp/cmake)
[0.297s] -- Found rosidl_generator_c: 3.1.7 (/opt/ros/humble/share/rosidl_generator_c/cmake)
[0.300s] -- Found rosidl_adapter: 3.1.7 (/opt/ros/humble/share/rosidl_adapter/cmake)
[0.306s] -- Found rosidl_generator_cpp: 3.1.7 (/opt/ros/humble/share/rosidl_generator_cpp/cmake)
[0.317s] -- Using all available rosidl_typesupport_c: rosidl_typesupport_fastrtps_c;rosidl_typesupport_introspection_c
[0.332s] -- Using all available rosidl_typesupport_cpp: rosidl_typesupport_fastrtps_cpp;rosidl_typesupport_introspection_cpp
[0.371s] -- Found rmw_implementation_cmake: 6.1.2 (/opt/ros/humble/share/rmw_implementation_cmake/cmake)
[0.373s] -- Found rmw_cyclonedds_cpp: 1.3.4 (/opt/ros/humble/share/rmw_cyclonedds_cpp/cmake)
[0.393s] -- Using RMW implementation 'rmw_cyclonedds_cpp' as default
[0.455s] -- Found sensor_msgs: 4.9.0 (/opt/ros/humble/share/sensor_msgs/cmake)
[0.495s] -- Found nav_msgs: 4.9.0 (/opt/ros/humble/share/nav_msgs/cmake)
[0.519s] -- Found ament_lint_auto: 0.12.14 (/opt/ros/humble/share/ament_lint_auto/cmake)
[0.582s] -- Added test 'copyright' to check source files copyright and LICENSE
[0.587s] -- Added test 'cppcheck' to perform static code analysis on C / C++ code
[0.587s] -- Configured cppcheck include dirs: 
[0.587s] -- Configured cppcheck exclude dirs and/or files: 
[0.592s] -- Added test 'cpplint' to check C / C++ code against the Google style
[0.592s] -- Configured cpplint exclude dirs and/or files: 
[0.593s] -- Added test 'flake8' to check Python code syntax and style conventions
[0.594s] -- Added test 'lint_cmake' to check CMake code style
[0.595s] -- Added test 'pep257' to check Python code against some of the docstring style conventions in PEP 257
[0.600s] -- Added test 'uncrustify' to check C / C++ code style
[0.600s] -- Configured uncrustify additional arguments: 
[0.600s] -- Added test 'xmllint' to check XML markup files
[0.601s] -- Configuring done (0.5s)
[0.613s] -- Generating done (0.0s)
[0.616s] -- Build files have been written to: /home/victor-22/go2_ws/slam_ws/flatten_point_cloud_ws/build/flatten_pointcloud
[0.621s] Invoked command in '/home/victor-22/go2_ws/slam_ws/flatten_point_cloud_ws/build/flatten_pointcloud' returned '0': CMAKE_PREFIX_PATH=${CMAKE_PREFIX_PATH}:/opt/ros/humble /home/victor-22/.local/bin/cmake /home/victor-22/go2_ws/slam_ws/flatten_point_cloud_ws -DCMAKE_INSTALL_PREFIX=/home/victor-22/go2_ws/slam_ws/flatten_point_cloud_ws/install/flatten_pointcloud
[0.623s] Invoking command in '/home/victor-22/go2_ws/slam_ws/flatten_point_cloud_ws/build/flatten_pointcloud': CMAKE_PREFIX_PATH=${CMAKE_PREFIX_PATH}:/opt/ros/humble /home/victor-22/.local/bin/cmake --build /home/victor-22/go2_ws/slam_ws/flatten_point_cloud_ws/build/flatten_pointcloud -- -j8 -l8
[0.709s] [ 50%] [32mBuilding CXX object CMakeFiles/flatten_node.dir/src/flatten_node.cpp.o[0m
[12.599s] [100%] [1m[32mLinking CXX executable flatten_node[0m
[13.271s] [100%] Built target flatten_node
[13.277s] Invoked command in '/home/victor-22/go2_ws/slam_ws/flatten_point_cloud_ws/build/flatten_pointcloud' returned '0': CMAKE_PREFIX_PATH=${CMAKE_PREFIX_PATH}:/opt/ros/humble /home/victor-22/.local/bin/cmake --build /home/victor-22/go2_ws/slam_ws/flatten_point_cloud_ws/build/flatten_pointcloud -- -j8 -l8
[13.369s] Invoking command in '/home/victor-22/go2_ws/slam_ws/flatten_point_cloud_ws/build/flatten_pointcloud': CMAKE_PREFIX_PATH=${CMAKE_PREFIX_PATH}:/opt/ros/humble /home/victor-22/.local/bin/cmake --install /home/victor-22/go2_ws/slam_ws/flatten_point_cloud_ws/build/flatten_pointcloud
[13.441s] -- Install configuration: ""
[13.441s] -- Installing: /home/victor-22/go2_ws/slam_ws/flatten_point_cloud_ws/install/flatten_pointcloud/lib/flatten_pointcloud/flatten_node
[13.445s] -- Set non-toolchain portion of runtime path of "/home/victor-22/go2_ws/slam_ws/flatten_point_cloud_ws/install/flatten_pointcloud/lib/flatten_pointcloud/flatten_node" to ""
[13.445s] -- Installing: /home/victor-22/go2_ws/slam_ws/flatten_point_cloud_ws/install/flatten_pointcloud/share/flatten_pointcloud/launch
[13.445s] -- Installing: /home/victor-22/go2_ws/slam_ws/flatten_point_cloud_ws/install/flatten_pointcloud/share/flatten_pointcloud/launch/flatten_launch.py
[13.445s] -- Installing: /home/victor-22/go2_ws/slam_ws/flatten_point_cloud_ws/install/flatten_pointcloud/share/flatten_pointcloud/config
[13.445s] -- Installing: /home/victor-22/go2_ws/slam_ws/flatten_point_cloud_ws/install/flatten_pointcloud/share/flatten_pointcloud/config/flatten_params.yaml
[13.446s] -- Installing: /home/victor-22/go2_ws/slam_ws/flatten_point_cloud_ws/install/flatten_pointcloud/share/ament_index/resource_index/package_run_dependencies/flatten_pointcloud
[13.446s] -- Installing: /home/victor-22/go2_ws/slam_ws/flatten_point_cloud_ws/install/flatten_pointcloud/share/ament_index/resource_index/parent_prefix_path/flatten_pointcloud
[13.446s] -- Installing: /home/victor-22/go2_ws/slam_ws/flatten_point_cloud_ws/install/flatten_pointcloud/share/flatten_pointcloud/environment/ament_prefix_path.sh
[13.446s] -- Installing: /home/victor-22/go2_ws/slam_ws/flatten_point_cloud_ws/install/flatten_pointcloud/share/flatten_pointcloud/environment/ament_prefix_path.dsv
[13.446s] -- Installing: /home/victor-22/go2_ws/slam_ws/flatten_point_cloud_ws/install/flatten_pointcloud/share/flatten_pointcloud/environment/path.sh
[13.446s] -- Installing: /home/victor-22/go2_ws/slam_ws/flatten_point_cloud_ws/install/flatten_pointcloud/share/flatten_pointcloud/environment/path.dsv
[13.446s] -- Installing: /home/victor-22/go2_ws/slam_ws/flatten_point_cloud_ws/install/flatten_pointcloud/share/flatten_pointcloud/local_setup.bash
[13.446s] -- Installing: /home/victor-22/go2_ws/slam_ws/flatten_point_cloud_ws/install/flatten_pointcloud/share/flatten_pointcloud/local_setup.sh
[13.447s] -- Installing: /home/victor-22/go2_ws/slam_ws/flatten_point_cloud_ws/install/flatten_pointcloud/share/flatten_pointcloud/local_setup.zsh
[13.447s] -- Installing: /home/victor-22/go2_ws/slam_ws/flatten_point_cloud_ws/install/flatten_pointcloud/share/flatten_pointcloud/local_setup.dsv
[13.447s] -- Installing: /home/victor-22/go2_ws/slam_ws/flatten_point_cloud_ws/install/flatten_pointcloud/share/flatten_pointcloud/package.dsv
[13.447s] -- Installing: /home/victor-22/go2_ws/slam_ws/flatten_point_cloud_ws/install/flatten_pointcloud/share/ament_index/resource_index/packages/flatten_pointcloud
[13.447s] -- Installing: /home/victor-22/go2_ws/slam_ws/flatten_point_cloud_ws/install/flatten_pointcloud/share/flatten_pointcloud/cmake/flatten_pointcloudConfig.cmake
[13.447s] -- Installing: /home/victor-22/go2_ws/slam_ws/flatten_point_cloud_ws/install/flatten_pointcloud/share/flatten_pointcloud/cmake/flatten_pointcloudConfig-version.cmake
[13.447s] -- Installing: /home/victor-22/go2_ws/slam_ws/flatten_point_cloud_ws/install/flatten_pointcloud/share/flatten_pointcloud/package.xml
[13.449s] Invoked command in '/home/victor-22/go2_ws/slam_ws/flatten_point_cloud_ws/build/flatten_pointcloud' returned '0': CMAKE_PREFIX_PATH=${CMAKE_PREFIX_PATH}:/opt/ros/humble /home/victor-22/.local/bin/cmake --install /home/victor-22/go2_ws/slam_ws/flatten_point_cloud_ws/build/flatten_pointcloud
