-- The C compiler identification is GNU 11.4.0
-- The CXX compiler identification is GNU 11.4.0
-- Detecting C compiler ABI info
-- Detecting C compiler ABI info - done
-- Check for working C compiler: /usr/bin/cc - skipped
-- Detecting C compile features
-- Detecting C compile features - done
-- Detecting CXX compiler ABI info
-- Detecting CXX compiler ABI info - done
-- Check for working CXX compiler: /usr/bin/c++ - skipped
-- Detecting CXX compile features
-- Detecting CXX compile features - done
-- Found ament_cmake: 1.3.12 (/opt/ros/humble/share/ament_cmake/cmake)
-- Found Python3: /usr/bin/python3 (found version "3.10.12") found components: Interpreter
-- Found rclcpp: 16.0.15 (/opt/ros/humble/share/rclcpp/cmake)
-- Found rosidl_generator_c: 3.1.7 (/opt/ros/humble/share/rosidl_generator_c/cmake)
-- Found rosidl_adapter: 3.1.7 (/opt/ros/humble/share/rosidl_adapter/cmake)
-- Found rosidl_generator_cpp: 3.1.7 (/opt/ros/humble/share/rosidl_generator_cpp/cmake)
-- Using all available rosidl_typesupport_c: rosidl_typesupport_fastrtps_c;rosidl_typesupport_introspection_c
-- Using all available rosidl_typesupport_cpp: rosidl_typesupport_fastrtps_cpp;rosidl_typesupport_introspection_cpp
-- Found rmw_implementation_cmake: 6.1.2 (/opt/ros/humble/share/rmw_implementation_cmake/cmake)
-- Found rmw_cyclonedds_cpp: 1.3.4 (/opt/ros/humble/share/rmw_cyclonedds_cpp/cmake)
-- Using RMW implementation 'rmw_cyclonedds_cpp' as default
-- Performing Test CMAKE_HAVE_LIBC_PTHREAD
-- Performing Test CMAKE_HAVE_LIBC_PTHREAD - Success
-- Found Threads: TRUE
-- Found sensor_msgs: 4.9.0 (/opt/ros/humble/share/sensor_msgs/cmake)
-- Found ament_lint_auto: 0.12.14 (/opt/ros/humble/share/ament_lint_auto/cmake)
-- Added test 'copyright' to check source files copyright and LICENSE
-- Added test 'cppcheck' to perform static code analysis on C / C++ code
-- Configured cppcheck include dirs: 
-- Configured cppcheck exclude dirs and/or files: 
-- Added test 'cpplint' to check C / C++ code against the Google style
-- Configured cpplint exclude dirs and/or files: 
-- Added test 'flake8' to check Python code syntax and style conventions
-- Added test 'lint_cmake' to check CMake code style
-- Added test 'pep257' to check Python code against some of the docstring style conventions in PEP 257
-- Added test 'uncrustify' to check C / C++ code style
-- Configured uncrustify additional arguments: 
-- Added test 'xmllint' to check XML markup files
-- Configuring done (0.9s)
-- Generating done (0.0s)
-- Build files have been written to: /home/victor-22/go2_ws/slam_ws/laser_scan_bridge_ws/build/laser_scan_bridge
[ 50%] [32mBuilding CXX object CMakeFiles/scan_subscriber_node.dir/src/scan_subscriber_node.cpp.o[0m
[ 50%] [32mBuilding CXX object CMakeFiles/scan_publisher_node.dir/src/scan_publisher_node.cpp.o[0m
[ 75%] [1m[32mLinking CXX executable scan_publisher_node[0m
[ 75%] Built target scan_publisher_node
[100%] [1m[32mLinking CXX executable scan_subscriber_node[0m
[100%] Built target scan_subscriber_node
-- Install configuration: ""
-- Installing: /home/victor-22/go2_ws/slam_ws/laser_scan_bridge_ws/install/laser_scan_bridge/lib/laser_scan_bridge/scan_subscriber_node
-- Set non-toolchain portion of runtime path of "/home/victor-22/go2_ws/slam_ws/laser_scan_bridge_ws/install/laser_scan_bridge/lib/laser_scan_bridge/scan_subscriber_node" to ""
-- Installing: /home/victor-22/go2_ws/slam_ws/laser_scan_bridge_ws/install/laser_scan_bridge/lib/laser_scan_bridge/scan_publisher_node
-- Set non-toolchain portion of runtime path of "/home/victor-22/go2_ws/slam_ws/laser_scan_bridge_ws/install/laser_scan_bridge/lib/laser_scan_bridge/scan_publisher_node" to ""
-- Installing: /home/victor-22/go2_ws/slam_ws/laser_scan_bridge_ws/install/laser_scan_bridge/share/laser_scan_bridge//launch
-- Installing: /home/victor-22/go2_ws/slam_ws/laser_scan_bridge_ws/install/laser_scan_bridge/share/laser_scan_bridge//launch/bridge_launch.py
-- Installing: /home/victor-22/go2_ws/slam_ws/laser_scan_bridge_ws/install/laser_scan_bridge/share/ament_index/resource_index/package_run_dependencies/laser_scan_bridge
-- Installing: /home/victor-22/go2_ws/slam_ws/laser_scan_bridge_ws/install/laser_scan_bridge/share/ament_index/resource_index/parent_prefix_path/laser_scan_bridge
-- Installing: /home/victor-22/go2_ws/slam_ws/laser_scan_bridge_ws/install/laser_scan_bridge/share/laser_scan_bridge/environment/ament_prefix_path.sh
-- Installing: /home/victor-22/go2_ws/slam_ws/laser_scan_bridge_ws/install/laser_scan_bridge/share/laser_scan_bridge/environment/ament_prefix_path.dsv
-- Installing: /home/victor-22/go2_ws/slam_ws/laser_scan_bridge_ws/install/laser_scan_bridge/share/laser_scan_bridge/environment/path.sh
-- Installing: /home/victor-22/go2_ws/slam_ws/laser_scan_bridge_ws/install/laser_scan_bridge/share/laser_scan_bridge/environment/path.dsv
-- Installing: /home/victor-22/go2_ws/slam_ws/laser_scan_bridge_ws/install/laser_scan_bridge/share/laser_scan_bridge/local_setup.bash
-- Installing: /home/victor-22/go2_ws/slam_ws/laser_scan_bridge_ws/install/laser_scan_bridge/share/laser_scan_bridge/local_setup.sh
-- Installing: /home/victor-22/go2_ws/slam_ws/laser_scan_bridge_ws/install/laser_scan_bridge/share/laser_scan_bridge/local_setup.zsh
-- Installing: /home/victor-22/go2_ws/slam_ws/laser_scan_bridge_ws/install/laser_scan_bridge/share/laser_scan_bridge/local_setup.dsv
-- Installing: /home/victor-22/go2_ws/slam_ws/laser_scan_bridge_ws/install/laser_scan_bridge/share/laser_scan_bridge/package.dsv
-- Installing: /home/victor-22/go2_ws/slam_ws/laser_scan_bridge_ws/install/laser_scan_bridge/share/ament_index/resource_index/packages/laser_scan_bridge
-- Installing: /home/victor-22/go2_ws/slam_ws/laser_scan_bridge_ws/install/laser_scan_bridge/share/laser_scan_bridge/cmake/laser_scan_bridgeConfig.cmake
-- Installing: /home/victor-22/go2_ws/slam_ws/laser_scan_bridge_ws/install/laser_scan_bridge/share/laser_scan_bridge/cmake/laser_scan_bridgeConfig-version.cmake
-- Installing: /home/victor-22/go2_ws/slam_ws/laser_scan_bridge_ws/install/laser_scan_bridge/share/laser_scan_bridge/package.xml
