[0.008s] Invoking command in '/home/victor-22/go2_ws/slam_ws/laser_scan_bridge_ws/build/laser_scan_bridge': CMAKE_PREFIX_PATH=${CMAKE_PREFIX_PATH}:/opt/ros/humble /home/victor-22/.local/bin/cmake /home/victor-22/go2_ws/slam_ws/laser_scan_bridge_ws/src -DCMAKE_INSTALL_PREFIX=/home/victor-22/go2_ws/slam_ws/laser_scan_bridge_ws/install/laser_scan_bridge
[0.118s] -- The C compiler identification is GNU 11.4.0
[0.175s] -- The CXX compiler identification is GNU 11.4.0
[0.182s] -- Detecting C compiler ABI info
[0.230s] -- Detecting C compiler ABI info - done
[0.246s] -- Check for working C compiler: /usr/bin/cc - skipped
[0.246s] -- Detecting C compile features
[0.247s] -- Detecting C compile features - done
[0.257s] -- Detecting CXX compiler ABI info
[0.316s] -- Detecting CXX compiler ABI info - done
[0.332s] -- Check for working CXX compiler: /usr/bin/c++ - skipped
[0.332s] -- Detecting CXX compile features
[0.333s] -- Detecting CXX compile features - done
[0.340s] -- Found ament_cmake: 1.3.12 (/opt/ros/humble/share/ament_cmake/cmake)
[0.460s] -- Found Python3: /usr/bin/python3 (found version "3.10.12") found components: Interpreter
[0.544s] -- Found rclcpp: 16.0.15 (/opt/ros/humble/share/rclcpp/cmake)
[0.587s] -- Found rosidl_generator_c: 3.1.7 (/opt/ros/humble/share/rosidl_generator_c/cmake)
[0.592s] -- Found rosidl_adapter: 3.1.7 (/opt/ros/humble/share/rosidl_adapter/cmake)
[0.601s] -- Found rosidl_generator_cpp: 3.1.7 (/opt/ros/humble/share/rosidl_generator_cpp/cmake)
[0.614s] -- Using all available rosidl_typesupport_c: rosidl_typesupport_fastrtps_c;rosidl_typesupport_introspection_c
[0.632s] -- Using all available rosidl_typesupport_cpp: rosidl_typesupport_fastrtps_cpp;rosidl_typesupport_introspection_cpp
[0.684s] -- Found rmw_implementation_cmake: 6.1.2 (/opt/ros/humble/share/rmw_implementation_cmake/cmake)
[0.686s] -- Found rmw_cyclonedds_cpp: 1.3.4 (/opt/ros/humble/share/rmw_cyclonedds_cpp/cmake)
[0.712s] -- Using RMW implementation 'rmw_cyclonedds_cpp' as default
[0.720s] -- Performing Test CMAKE_HAVE_LIBC_PTHREAD
[0.771s] -- Performing Test CMAKE_HAVE_LIBC_PTHREAD - Success
[0.772s] -- Found Threads: TRUE
[0.842s] -- Found sensor_msgs: 4.9.0 (/opt/ros/humble/share/sensor_msgs/cmake)
[0.887s] -- Found ament_lint_auto: 0.12.14 (/opt/ros/humble/share/ament_lint_auto/cmake)
[0.964s] -- Added test 'copyright' to check source files copyright and LICENSE
[0.965s] -- Added test 'cppcheck' to perform static code analysis on C / C++ code
[0.965s] -- Configured cppcheck include dirs: 
[0.965s] -- Configured cppcheck exclude dirs and/or files: 
[0.966s] -- Added test 'cpplint' to check C / C++ code against the Google style
[0.966s] -- Configured cpplint exclude dirs and/or files: 
[0.967s] -- Added test 'flake8' to check Python code syntax and style conventions
[0.967s] -- Added test 'lint_cmake' to check CMake code style
[0.968s] -- Added test 'pep257' to check Python code against some of the docstring style conventions in PEP 257
[0.969s] -- Added test 'uncrustify' to check C / C++ code style
[0.969s] -- Configured uncrustify additional arguments: 
[0.969s] -- Added test 'xmllint' to check XML markup files
[0.971s] -- Configuring done (0.9s)
[0.985s] -- Generating done (0.0s)
[0.988s] -- Build files have been written to: /home/victor-22/go2_ws/slam_ws/laser_scan_bridge_ws/build/laser_scan_bridge
[0.997s] Invoked command in '/home/victor-22/go2_ws/slam_ws/laser_scan_bridge_ws/build/laser_scan_bridge' returned '0': CMAKE_PREFIX_PATH=${CMAKE_PREFIX_PATH}:/opt/ros/humble /home/victor-22/.local/bin/cmake /home/victor-22/go2_ws/slam_ws/laser_scan_bridge_ws/src -DCMAKE_INSTALL_PREFIX=/home/victor-22/go2_ws/slam_ws/laser_scan_bridge_ws/install/laser_scan_bridge
[0.999s] Invoking command in '/home/victor-22/go2_ws/slam_ws/laser_scan_bridge_ws/build/laser_scan_bridge': CMAKE_PREFIX_PATH=${CMAKE_PREFIX_PATH}:/opt/ros/humble /home/victor-22/.local/bin/cmake --build /home/victor-22/go2_ws/slam_ws/laser_scan_bridge_ws/build/laser_scan_bridge -- -j8 -l8
[1.087s] [ 50%] [32mBuilding CXX object CMakeFiles/scan_subscriber_node.dir/src/scan_subscriber_node.cpp.o[0m
[1.087s] [ 50%] [32mBuilding CXX object CMakeFiles/scan_publisher_node.dir/src/scan_publisher_node.cpp.o[0m
[5.904s] [ 75%] [1m[32mLinking CXX executable scan_publisher_node[0m
[6.126s] [ 75%] Built target scan_publisher_node
[9.985s] [100%] [1m[32mLinking CXX executable scan_subscriber_node[0m
[10.400s] [100%] Built target scan_subscriber_node
[10.406s] Invoked command in '/home/victor-22/go2_ws/slam_ws/laser_scan_bridge_ws/build/laser_scan_bridge' returned '0': CMAKE_PREFIX_PATH=${CMAKE_PREFIX_PATH}:/opt/ros/humble /home/victor-22/.local/bin/cmake --build /home/victor-22/go2_ws/slam_ws/laser_scan_bridge_ws/build/laser_scan_bridge -- -j8 -l8
[10.488s] Invoking command in '/home/victor-22/go2_ws/slam_ws/laser_scan_bridge_ws/build/laser_scan_bridge': CMAKE_PREFIX_PATH=${CMAKE_PREFIX_PATH}:/opt/ros/humble /home/victor-22/.local/bin/cmake --install /home/victor-22/go2_ws/slam_ws/laser_scan_bridge_ws/build/laser_scan_bridge
[10.558s] -- Install configuration: ""
[10.558s] -- Installing: /home/victor-22/go2_ws/slam_ws/laser_scan_bridge_ws/install/laser_scan_bridge/lib/laser_scan_bridge/scan_subscriber_node
[10.560s] -- Set non-toolchain portion of runtime path of "/home/victor-22/go2_ws/slam_ws/laser_scan_bridge_ws/install/laser_scan_bridge/lib/laser_scan_bridge/scan_subscriber_node" to ""
[10.561s] -- Installing: /home/victor-22/go2_ws/slam_ws/laser_scan_bridge_ws/install/laser_scan_bridge/lib/laser_scan_bridge/scan_publisher_node
[10.561s] -- Set non-toolchain portion of runtime path of "/home/victor-22/go2_ws/slam_ws/laser_scan_bridge_ws/install/laser_scan_bridge/lib/laser_scan_bridge/scan_publisher_node" to ""
[10.561s] -- Installing: /home/victor-22/go2_ws/slam_ws/laser_scan_bridge_ws/install/laser_scan_bridge/share/laser_scan_bridge//launch
[10.561s] -- Installing: /home/victor-22/go2_ws/slam_ws/laser_scan_bridge_ws/install/laser_scan_bridge/share/laser_scan_bridge//launch/bridge_launch.py
[10.562s] -- Installing: /home/victor-22/go2_ws/slam_ws/laser_scan_bridge_ws/install/laser_scan_bridge/share/ament_index/resource_index/package_run_dependencies/laser_scan_bridge
[10.562s] -- Installing: /home/victor-22/go2_ws/slam_ws/laser_scan_bridge_ws/install/laser_scan_bridge/share/ament_index/resource_index/parent_prefix_path/laser_scan_bridge
[10.562s] -- Installing: /home/victor-22/go2_ws/slam_ws/laser_scan_bridge_ws/install/laser_scan_bridge/share/laser_scan_bridge/environment/ament_prefix_path.sh
[10.562s] -- Installing: /home/victor-22/go2_ws/slam_ws/laser_scan_bridge_ws/install/laser_scan_bridge/share/laser_scan_bridge/environment/ament_prefix_path.dsv
[10.562s] -- Installing: /home/victor-22/go2_ws/slam_ws/laser_scan_bridge_ws/install/laser_scan_bridge/share/laser_scan_bridge/environment/path.sh
[10.562s] -- Installing: /home/victor-22/go2_ws/slam_ws/laser_scan_bridge_ws/install/laser_scan_bridge/share/laser_scan_bridge/environment/path.dsv
[10.562s] -- Installing: /home/victor-22/go2_ws/slam_ws/laser_scan_bridge_ws/install/laser_scan_bridge/share/laser_scan_bridge/local_setup.bash
[10.562s] -- Installing: /home/victor-22/go2_ws/slam_ws/laser_scan_bridge_ws/install/laser_scan_bridge/share/laser_scan_bridge/local_setup.sh
[10.562s] -- Installing: /home/victor-22/go2_ws/slam_ws/laser_scan_bridge_ws/install/laser_scan_bridge/share/laser_scan_bridge/local_setup.zsh
[10.562s] -- Installing: /home/victor-22/go2_ws/slam_ws/laser_scan_bridge_ws/install/laser_scan_bridge/share/laser_scan_bridge/local_setup.dsv
[10.562s] -- Installing: /home/victor-22/go2_ws/slam_ws/laser_scan_bridge_ws/install/laser_scan_bridge/share/laser_scan_bridge/package.dsv
[10.562s] -- Installing: /home/victor-22/go2_ws/slam_ws/laser_scan_bridge_ws/install/laser_scan_bridge/share/ament_index/resource_index/packages/laser_scan_bridge
[10.563s] -- Installing: /home/victor-22/go2_ws/slam_ws/laser_scan_bridge_ws/install/laser_scan_bridge/share/laser_scan_bridge/cmake/laser_scan_bridgeConfig.cmake
[10.563s] -- Installing: /home/victor-22/go2_ws/slam_ws/laser_scan_bridge_ws/install/laser_scan_bridge/share/laser_scan_bridge/cmake/laser_scan_bridgeConfig-version.cmake
[10.563s] -- Installing: /home/victor-22/go2_ws/slam_ws/laser_scan_bridge_ws/install/laser_scan_bridge/share/laser_scan_bridge/package.xml
[10.564s] Invoked command in '/home/victor-22/go2_ws/slam_ws/laser_scan_bridge_ws/build/laser_scan_bridge' returned '0': CMAKE_PREFIX_PATH=${CMAKE_PREFIX_PATH}:/opt/ros/humble /home/victor-22/.local/bin/cmake --install /home/victor-22/go2_ws/slam_ws/laser_scan_bridge_ws/build/laser_scan_bridge
