[0.012s] Invoking command in '/home/victor-22/go2_ws/slam_ws/flatten_point_cloud_ws/build/flatten_pointcloud': CMAKE_PREFIX_PATH=${CMAKE_PREFIX_PATH}:/opt/ros/humble /home/victor-22/.local/bin/cmake --build /home/victor-22/go2_ws/slam_ws/flatten_point_cloud_ws/build/flatten_pointcloud -- -j8 -l8
[0.122s] [ 50%] [32mBuilding CXX object CMakeFiles/flatten_node.dir/src/flatten_node.cpp.o[0m
[12.702s] [100%] [1m[32mLinking CXX executable flatten_node[0m
[13.368s] [100%] Built target flatten_node
[13.374s] Invoked command in '/home/victor-22/go2_ws/slam_ws/flatten_point_cloud_ws/build/flatten_pointcloud' returned '0': CMAKE_PREFIX_PATH=${CMAKE_PREFIX_PATH}:/opt/ros/humble /home/victor-22/.local/bin/cmake --build /home/victor-22/go2_ws/slam_ws/flatten_point_cloud_ws/build/flatten_pointcloud -- -j8 -l8
[13.457s] Invoking command in '/home/victor-22/go2_ws/slam_ws/flatten_point_cloud_ws/build/flatten_pointcloud': CMAKE_PREFIX_PATH=${CMAKE_PREFIX_PATH}:/opt/ros/humble /home/victor-22/.local/bin/cmake --install /home/victor-22/go2_ws/slam_ws/flatten_point_cloud_ws/build/flatten_pointcloud
[13.531s] -- Install configuration: ""
[13.532s] -- Installing: /home/victor-22/go2_ws/slam_ws/flatten_point_cloud_ws/install/flatten_pointcloud/lib/flatten_pointcloud/flatten_node
[13.536s] -- Set non-toolchain portion of runtime path of "/home/victor-22/go2_ws/slam_ws/flatten_point_cloud_ws/install/flatten_pointcloud/lib/flatten_pointcloud/flatten_node" to ""
[13.536s] -- Up-to-date: /home/victor-22/go2_ws/slam_ws/flatten_point_cloud_ws/install/flatten_pointcloud/share/flatten_pointcloud/launch
[13.536s] -- Up-to-date: /home/victor-22/go2_ws/slam_ws/flatten_point_cloud_ws/install/flatten_pointcloud/share/flatten_pointcloud/launch/flatten_launch.py
[13.536s] -- Up-to-date: /home/victor-22/go2_ws/slam_ws/flatten_point_cloud_ws/install/flatten_pointcloud/share/flatten_pointcloud/config
[13.536s] -- Installing: /home/victor-22/go2_ws/slam_ws/flatten_point_cloud_ws/install/flatten_pointcloud/share/flatten_pointcloud/config/flatten_params.yaml
[13.536s] -- Up-to-date: /home/victor-22/go2_ws/slam_ws/flatten_point_cloud_ws/install/flatten_pointcloud/share/ament_index/resource_index/package_run_dependencies/flatten_pointcloud
[13.536s] -- Up-to-date: /home/victor-22/go2_ws/slam_ws/flatten_point_cloud_ws/install/flatten_pointcloud/share/ament_index/resource_index/parent_prefix_path/flatten_pointcloud
[13.536s] -- Up-to-date: /home/victor-22/go2_ws/slam_ws/flatten_point_cloud_ws/install/flatten_pointcloud/share/flatten_pointcloud/environment/ament_prefix_path.sh
[13.536s] -- Up-to-date: /home/victor-22/go2_ws/slam_ws/flatten_point_cloud_ws/install/flatten_pointcloud/share/flatten_pointcloud/environment/ament_prefix_path.dsv
[13.537s] -- Up-to-date: /home/victor-22/go2_ws/slam_ws/flatten_point_cloud_ws/install/flatten_pointcloud/share/flatten_pointcloud/environment/path.sh
[13.537s] -- Up-to-date: /home/victor-22/go2_ws/slam_ws/flatten_point_cloud_ws/install/flatten_pointcloud/share/flatten_pointcloud/environment/path.dsv
[13.537s] -- Up-to-date: /home/victor-22/go2_ws/slam_ws/flatten_point_cloud_ws/install/flatten_pointcloud/share/flatten_pointcloud/local_setup.bash
[13.537s] -- Up-to-date: /home/victor-22/go2_ws/slam_ws/flatten_point_cloud_ws/install/flatten_pointcloud/share/flatten_pointcloud/local_setup.sh
[13.537s] -- Up-to-date: /home/victor-22/go2_ws/slam_ws/flatten_point_cloud_ws/install/flatten_pointcloud/share/flatten_pointcloud/local_setup.zsh
[13.537s] -- Up-to-date: /home/victor-22/go2_ws/slam_ws/flatten_point_cloud_ws/install/flatten_pointcloud/share/flatten_pointcloud/local_setup.dsv
[13.537s] -- Installing: /home/victor-22/go2_ws/slam_ws/flatten_point_cloud_ws/install/flatten_pointcloud/share/flatten_pointcloud/package.dsv
[13.537s] -- Up-to-date: /home/victor-22/go2_ws/slam_ws/flatten_point_cloud_ws/install/flatten_pointcloud/share/ament_index/resource_index/packages/flatten_pointcloud
[13.537s] -- Up-to-date: /home/victor-22/go2_ws/slam_ws/flatten_point_cloud_ws/install/flatten_pointcloud/share/flatten_pointcloud/cmake/flatten_pointcloudConfig.cmake
[13.537s] -- Up-to-date: /home/victor-22/go2_ws/slam_ws/flatten_point_cloud_ws/install/flatten_pointcloud/share/flatten_pointcloud/cmake/flatten_pointcloudConfig-version.cmake
[13.537s] -- Up-to-date: /home/victor-22/go2_ws/slam_ws/flatten_point_cloud_ws/install/flatten_pointcloud/share/flatten_pointcloud/package.xml
[13.538s] Invoked command in '/home/victor-22/go2_ws/slam_ws/flatten_point_cloud_ws/build/flatten_pointcloud' returned '0': CMAKE_PREFIX_PATH=${CMAKE_PREFIX_PATH}:/opt/ros/humble /home/victor-22/.local/bin/cmake --install /home/victor-22/go2_ws/slam_ws/flatten_point_cloud_ws/build/flatten_pointcloud
