[0.108s] DEBUG:colcon:Command line arguments: ['/usr/bin/colcon', 'build', '--symlink-install']
[0.108s] DEBUG:colcon:Parsed command line arguments: Namespace(log_base=None, log_level=None, verb_name='build', build_base='build', install_base='install', merge_install=False, symlink_install=True, test_result_base=None, continue_on_error=False, executor='parallel', parallel_workers=8, event_handlers=None, ignore_user_meta=False, metas=['./colcon.meta'], base_paths=['.'], packages_ignore=None, packages_ignore_regex=None, paths=None, packages_up_to=None, packages_up_to_regex=None, packages_above=None, packages_above_and_dependencies=None, packages_above_depth=None, packages_select_by_dep=None, packages_skip_by_dep=None, packages_skip_up_to=None, packages_select_build_failed=False, packages_skip_build_finished=False, packages_select_test_failures=False, packages_skip_test_passed=False, packages_select=None, packages_skip=None, packages_select_regex=None, packages_skip_regex=None, packages_start=None, packages_end=None, allow_overriding=[], cmake_args=None, cmake_target=None, cmake_target_skip_unavailable=False, cmake_clean_cache=False, cmake_clean_first=False, cmake_force_configure=False, ament_cmake_args=None, catkin_cmake_args=None, catkin_skip_building_tests=False, mixin_files=None, mixin=None, verb_parser=<colcon_mixin.mixin.mixin_argument.MixinArgumentDecorator object at 0x71f1e47d4f10>, verb_extension=<colcon_core.verb.build.BuildVerb object at 0x71f1e47d4550>, main=<bound method BuildVerb.main of <colcon_core.verb.build.BuildVerb object at 0x71f1e47d4550>>, mixin_verb=('build',))
[0.266s] Level 1:colcon.colcon_core.package_discovery:discover_packages(colcon_meta) check parameters
[0.267s] Level 1:colcon.colcon_core.package_discovery:discover_packages(recursive) check parameters
[0.267s] Level 1:colcon.colcon_core.package_discovery:discover_packages(ignore) check parameters
[0.267s] Level 1:colcon.colcon_core.package_discovery:discover_packages(path) check parameters
[0.267s] Level 1:colcon.colcon_core.package_discovery:discover_packages(colcon_meta) discover
[0.267s] Level 1:colcon.colcon_core.package_discovery:discover_packages(recursive) discover
[0.267s] INFO:colcon.colcon_core.package_discovery:Crawling recursively for packages in '/home/victor-22/go2_ws/slam_ws/catkin_point_lio_unilidar'
[0.267s] Level 1:colcon.colcon_core.package_identification:_identify(.) by extensions ['ignore', 'ignore_ament_install']
[0.267s] Level 1:colcon.colcon_core.package_identification:_identify(.) by extension 'ignore'
[0.267s] Level 1:colcon.colcon_core.package_identification:_identify(.) by extension 'ignore_ament_install'
[0.267s] Level 1:colcon.colcon_core.package_identification:_identify(.) by extensions ['colcon_pkg']
[0.267s] Level 1:colcon.colcon_core.package_identification:_identify(.) by extension 'colcon_pkg'
[0.267s] Level 1:colcon.colcon_core.package_identification:_identify(.) by extensions ['colcon_meta']
[0.267s] Level 1:colcon.colcon_core.package_identification:_identify(.) by extension 'colcon_meta'
[0.267s] Level 1:colcon.colcon_core.package_identification:_identify(.) by extensions ['ros']
[0.267s] Level 1:colcon.colcon_core.package_identification:_identify(.) by extension 'ros'
[0.278s] Level 1:colcon.colcon_core.package_identification:_identify(.) by extensions ['cmake', 'python']
[0.278s] Level 1:colcon.colcon_core.package_identification:_identify(.) by extension 'cmake'
[0.278s] Level 1:colcon.colcon_core.package_identification:_identify(.) by extension 'python'
[0.278s] Level 1:colcon.colcon_core.package_identification:_identify(.) by extensions ['python_setup_py']
[0.278s] Level 1:colcon.colcon_core.package_identification:_identify(.) by extension 'python_setup_py'
[0.278s] Level 1:colcon.colcon_core.package_identification:_identify(build) by extensions ['ignore', 'ignore_ament_install']
[0.278s] Level 1:colcon.colcon_core.package_identification:_identify(build) by extension 'ignore'
[0.278s] Level 1:colcon.colcon_core.package_identification:_identify(build) ignored
[0.278s] Level 1:colcon.colcon_core.package_identification:_identify(install) by extensions ['ignore', 'ignore_ament_install']
[0.279s] Level 1:colcon.colcon_core.package_identification:_identify(install) by extension 'ignore'
[0.279s] Level 1:colcon.colcon_core.package_identification:_identify(install) ignored
[0.279s] Level 1:colcon.colcon_core.package_identification:_identify(log) by extensions ['ignore', 'ignore_ament_install']
[0.279s] Level 1:colcon.colcon_core.package_identification:_identify(log) by extension 'ignore'
[0.279s] Level 1:colcon.colcon_core.package_identification:_identify(log) ignored
[0.279s] Level 1:colcon.colcon_core.package_identification:_identify(src) by extensions ['ignore', 'ignore_ament_install']
[0.279s] Level 1:colcon.colcon_core.package_identification:_identify(src) by extension 'ignore'
[0.279s] Level 1:colcon.colcon_core.package_identification:_identify(src) by extension 'ignore_ament_install'
[0.279s] Level 1:colcon.colcon_core.package_identification:_identify(src) by extensions ['colcon_pkg']
[0.279s] Level 1:colcon.colcon_core.package_identification:_identify(src) by extension 'colcon_pkg'
[0.279s] Level 1:colcon.colcon_core.package_identification:_identify(src) by extensions ['colcon_meta']
[0.279s] Level 1:colcon.colcon_core.package_identification:_identify(src) by extension 'colcon_meta'
[0.279s] Level 1:colcon.colcon_core.package_identification:_identify(src) by extensions ['ros']
[0.279s] Level 1:colcon.colcon_core.package_identification:_identify(src) by extension 'ros'
[0.279s] Level 1:colcon.colcon_core.package_identification:_identify(src) by extensions ['cmake', 'python']
[0.279s] Level 1:colcon.colcon_core.package_identification:_identify(src) by extension 'cmake'
[0.279s] Level 1:colcon.colcon_core.package_identification:_identify(src) by extension 'python'
[0.279s] Level 1:colcon.colcon_core.package_identification:_identify(src) by extensions ['python_setup_py']
[0.279s] Level 1:colcon.colcon_core.package_identification:_identify(src) by extension 'python_setup_py'
[0.279s] Level 1:colcon.colcon_core.package_identification:_identify(src/point_lio_ros2) by extensions ['ignore', 'ignore_ament_install']
[0.280s] Level 1:colcon.colcon_core.package_identification:_identify(src/point_lio_ros2) by extension 'ignore'
[0.280s] Level 1:colcon.colcon_core.package_identification:_identify(src/point_lio_ros2) by extension 'ignore_ament_install'
[0.280s] Level 1:colcon.colcon_core.package_identification:_identify(src/point_lio_ros2) by extensions ['colcon_pkg']
[0.280s] Level 1:colcon.colcon_core.package_identification:_identify(src/point_lio_ros2) by extension 'colcon_pkg'
[0.280s] Level 1:colcon.colcon_core.package_identification:_identify(src/point_lio_ros2) by extensions ['colcon_meta']
[0.280s] Level 1:colcon.colcon_core.package_identification:_identify(src/point_lio_ros2) by extension 'colcon_meta'
[0.280s] Level 1:colcon.colcon_core.package_identification:_identify(src/point_lio_ros2) by extensions ['ros']
[0.280s] Level 1:colcon.colcon_core.package_identification:_identify(src/point_lio_ros2) by extension 'ros'
[0.283s] DEBUG:colcon.colcon_core.package_identification:Package 'src/point_lio_ros2' with type 'ros.ament_cmake' and name 'point_lio'
[0.283s] Level 1:colcon.colcon_core.package_discovery:discover_packages(recursive) using defaults
[0.283s] Level 1:colcon.colcon_core.package_discovery:discover_packages(ignore) discover
[0.283s] Level 1:colcon.colcon_core.package_discovery:discover_packages(ignore) using defaults
[0.283s] Level 1:colcon.colcon_core.package_discovery:discover_packages(path) discover
[0.283s] Level 1:colcon.colcon_core.package_discovery:discover_packages(path) using defaults
[0.315s] Level 1:colcon.colcon_core.package_discovery:discover_packages(prefix_path) check parameters
[0.315s] Level 1:colcon.colcon_core.package_discovery:discover_packages(prefix_path) discover
[0.316s] WARNING:colcon.colcon_core.prefix_path.colcon:The path '/home/victor-22/go2_ws/slam_ws/unilidar_sdk/unitree_lidar_ros2/src/catkin_point_lio_unilidar/install' in the environment variable COLCON_PREFIX_PATH doesn't exist
[0.316s] WARNING:colcon.colcon_ros.prefix_path.ament:The path '/home/victor-22/go2_ws/slam_ws/unilidar_sdk/unitree_lidar_ros2/src/catkin_point_lio_unilidar/install/point_lio' in the environment variable AMENT_PREFIX_PATH doesn't exist
[0.316s] WARNING:colcon.colcon_ros.prefix_path.catkin:The path '/home/victor-22/go2_ws/slam_ws/unilidar_sdk/unitree_lidar_ros2/src/catkin_point_lio_unilidar/install/point_lio' in the environment variable CMAKE_PREFIX_PATH doesn't exist
[0.318s] DEBUG:colcon.colcon_installed_package_information.package_discovery:Found 274 installed packages in /opt/ros/humble
[0.319s] Level 1:colcon.colcon_core.package_discovery:discover_packages(prefix_path) using defaults
[0.358s] Level 5:colcon.colcon_core.verb:set package 'point_lio' build argument 'cmake_args' from command line to 'None'
[0.358s] Level 5:colcon.colcon_core.verb:set package 'point_lio' build argument 'cmake_target' from command line to 'None'
[0.358s] Level 5:colcon.colcon_core.verb:set package 'point_lio' build argument 'cmake_target_skip_unavailable' from command line to 'False'
[0.358s] Level 5:colcon.colcon_core.verb:set package 'point_lio' build argument 'cmake_clean_cache' from command line to 'False'
[0.358s] Level 5:colcon.colcon_core.verb:set package 'point_lio' build argument 'cmake_clean_first' from command line to 'False'
[0.358s] Level 5:colcon.colcon_core.verb:set package 'point_lio' build argument 'cmake_force_configure' from command line to 'False'
[0.358s] Level 5:colcon.colcon_core.verb:set package 'point_lio' build argument 'ament_cmake_args' from command line to 'None'
[0.358s] Level 5:colcon.colcon_core.verb:set package 'point_lio' build argument 'catkin_cmake_args' from command line to 'None'
[0.358s] Level 5:colcon.colcon_core.verb:set package 'point_lio' build argument 'catkin_skip_building_tests' from command line to 'False'
[0.358s] DEBUG:colcon.colcon_core.verb:Building package 'point_lio' with the following arguments: {'ament_cmake_args': None, 'build_base': '/home/victor-22/go2_ws/slam_ws/catkin_point_lio_unilidar/build/point_lio', 'catkin_cmake_args': None, 'catkin_skip_building_tests': False, 'cmake_args': None, 'cmake_clean_cache': False, 'cmake_clean_first': False, 'cmake_force_configure': False, 'cmake_target': None, 'cmake_target_skip_unavailable': False, 'install_base': '/home/victor-22/go2_ws/slam_ws/catkin_point_lio_unilidar/install/point_lio', 'merge_install': False, 'path': '/home/victor-22/go2_ws/slam_ws/catkin_point_lio_unilidar/src/point_lio_ros2', 'symlink_install': True, 'test_result_base': None}
[0.359s] INFO:colcon.colcon_core.executor:Executing jobs using 'parallel' executor
[0.360s] DEBUG:colcon.colcon_parallel_executor.executor.parallel:run_until_complete
[0.360s] INFO:colcon.colcon_ros.task.ament_cmake.build:Building ROS package in '/home/victor-22/go2_ws/slam_ws/catkin_point_lio_unilidar/src/point_lio_ros2' with build type 'ament_cmake'
[0.360s] INFO:colcon.colcon_cmake.task.cmake.build:Building CMake package in '/home/victor-22/go2_ws/slam_ws/catkin_point_lio_unilidar/src/point_lio_ros2'
[0.362s] INFO:colcon.colcon_core.plugin_system:Skipping extension 'colcon_core.shell.bat': Not used on non-Windows systems
[0.362s] INFO:colcon.colcon_core.shell:Skip shell extension 'powershell' for command environment: Not usable outside of PowerShell
[0.362s] DEBUG:colcon.colcon_core.shell:Skip shell extension 'dsv' for command environment
[0.368s] DEBUG:colcon.colcon_core.event_handler.log_command:Invoking command in '/home/victor-22/go2_ws/slam_ws/catkin_point_lio_unilidar/build/point_lio': CMAKE_PREFIX_PATH=${CMAKE_PREFIX_PATH}:/opt/ros/humble /usr/bin/cmake /home/victor-22/go2_ws/slam_ws/catkin_point_lio_unilidar/src/point_lio_ros2 -DAMENT_CMAKE_SYMLINK_INSTALL=1 -DCMAKE_INSTALL_PREFIX=/home/victor-22/go2_ws/slam_ws/catkin_point_lio_unilidar/install/point_lio
[3.601s] DEBUG:colcon.colcon_core.event_handler.log_command:Invoked command in '/home/victor-22/go2_ws/slam_ws/catkin_point_lio_unilidar/build/point_lio' returned '0': CMAKE_PREFIX_PATH=${CMAKE_PREFIX_PATH}:/opt/ros/humble /usr/bin/cmake /home/victor-22/go2_ws/slam_ws/catkin_point_lio_unilidar/src/point_lio_ros2 -DAMENT_CMAKE_SYMLINK_INSTALL=1 -DCMAKE_INSTALL_PREFIX=/home/victor-22/go2_ws/slam_ws/catkin_point_lio_unilidar/install/point_lio
[3.603s] DEBUG:colcon.colcon_core.event_handler.log_command:Invoking command in '/home/victor-22/go2_ws/slam_ws/catkin_point_lio_unilidar/build/point_lio': CMAKE_PREFIX_PATH=${CMAKE_PREFIX_PATH}:/opt/ros/humble /usr/bin/cmake --build /home/victor-22/go2_ws/slam_ws/catkin_point_lio_unilidar/build/point_lio -- -j8 -l8
[70.258s] DEBUG:colcon.colcon_core.event_handler.log_command:Invoked command in '/home/victor-22/go2_ws/slam_ws/catkin_point_lio_unilidar/build/point_lio' returned '0': CMAKE_PREFIX_PATH=${CMAKE_PREFIX_PATH}:/opt/ros/humble /usr/bin/cmake --build /home/victor-22/go2_ws/slam_ws/catkin_point_lio_unilidar/build/point_lio -- -j8 -l8
[70.271s] DEBUG:colcon.colcon_core.event_handler.log_command:Invoking command in '/home/victor-22/go2_ws/slam_ws/catkin_point_lio_unilidar/build/point_lio': CMAKE_PREFIX_PATH=${CMAKE_PREFIX_PATH}:/opt/ros/humble /usr/bin/cmake --install /home/victor-22/go2_ws/slam_ws/catkin_point_lio_unilidar/build/point_lio
[70.600s] Level 1:colcon.colcon_core.environment:create_environment_scripts_only(point_lio)
[70.601s] DEBUG:colcon.colcon_core.event_handler.log_command:Invoked command in '/home/victor-22/go2_ws/slam_ws/catkin_point_lio_unilidar/build/point_lio' returned '0': CMAKE_PREFIX_PATH=${CMAKE_PREFIX_PATH}:/opt/ros/humble /usr/bin/cmake --install /home/victor-22/go2_ws/slam_ws/catkin_point_lio_unilidar/build/point_lio
[70.607s] Level 1:colcon.colcon_core.environment:checking '/home/victor-22/go2_ws/slam_ws/catkin_point_lio_unilidar/install/point_lio' for CMake module files
[70.607s] Level 1:colcon.colcon_core.environment:checking '/home/victor-22/go2_ws/slam_ws/catkin_point_lio_unilidar/install/point_lio' for CMake config files
[70.608s] Level 1:colcon.colcon_core.shell:create_environment_hook('point_lio', 'cmake_prefix_path')
[70.608s] INFO:colcon.colcon_core.shell:Creating environment hook '/home/victor-22/go2_ws/slam_ws/catkin_point_lio_unilidar/install/point_lio/share/point_lio/hook/cmake_prefix_path.ps1'
[70.609s] INFO:colcon.colcon_core.shell:Creating environment descriptor '/home/victor-22/go2_ws/slam_ws/catkin_point_lio_unilidar/install/point_lio/share/point_lio/hook/cmake_prefix_path.dsv'
[70.610s] INFO:colcon.colcon_core.shell:Creating environment hook '/home/victor-22/go2_ws/slam_ws/catkin_point_lio_unilidar/install/point_lio/share/point_lio/hook/cmake_prefix_path.sh'
[70.611s] Level 1:colcon.colcon_core.environment:checking '/home/victor-22/go2_ws/slam_ws/catkin_point_lio_unilidar/install/point_lio/lib'
[70.611s] Level 1:colcon.colcon_core.environment:checking '/home/victor-22/go2_ws/slam_ws/catkin_point_lio_unilidar/install/point_lio/bin'
[70.611s] Level 1:colcon.colcon_core.environment:checking '/home/victor-22/go2_ws/slam_ws/catkin_point_lio_unilidar/install/point_lio/lib/pkgconfig/point_lio.pc'
[70.611s] Level 1:colcon.colcon_core.environment:checking '/home/victor-22/go2_ws/slam_ws/catkin_point_lio_unilidar/install/point_lio/lib/python3.10/site-packages'
[70.612s] Level 1:colcon.colcon_core.environment:checking '/home/victor-22/go2_ws/slam_ws/catkin_point_lio_unilidar/install/point_lio/bin'
[70.612s] INFO:colcon.colcon_core.shell:Creating package script '/home/victor-22/go2_ws/slam_ws/catkin_point_lio_unilidar/install/point_lio/share/point_lio/package.ps1'
[70.613s] INFO:colcon.colcon_core.shell:Creating package descriptor '/home/victor-22/go2_ws/slam_ws/catkin_point_lio_unilidar/install/point_lio/share/point_lio/package.dsv'
[70.614s] INFO:colcon.colcon_core.shell:Creating package script '/home/victor-22/go2_ws/slam_ws/catkin_point_lio_unilidar/install/point_lio/share/point_lio/package.sh'
[70.614s] INFO:colcon.colcon_core.shell:Creating package script '/home/victor-22/go2_ws/slam_ws/catkin_point_lio_unilidar/install/point_lio/share/point_lio/package.bash'
[70.615s] INFO:colcon.colcon_core.shell:Creating package script '/home/victor-22/go2_ws/slam_ws/catkin_point_lio_unilidar/install/point_lio/share/point_lio/package.zsh'
[70.616s] Level 1:colcon.colcon_core.environment:create_file_with_runtime_dependencies(/home/victor-22/go2_ws/slam_ws/catkin_point_lio_unilidar/install/point_lio/share/colcon-core/packages/point_lio)
[70.617s] Level 1:colcon.colcon_core.environment:create_environment_scripts_only(point_lio)
[70.617s] Level 1:colcon.colcon_core.environment:checking '/home/victor-22/go2_ws/slam_ws/catkin_point_lio_unilidar/install/point_lio' for CMake module files
[70.618s] Level 1:colcon.colcon_core.environment:checking '/home/victor-22/go2_ws/slam_ws/catkin_point_lio_unilidar/install/point_lio' for CMake config files
[70.618s] Level 1:colcon.colcon_core.shell:create_environment_hook('point_lio', 'cmake_prefix_path')
[70.618s] INFO:colcon.colcon_core.shell:Creating environment hook '/home/victor-22/go2_ws/slam_ws/catkin_point_lio_unilidar/install/point_lio/share/point_lio/hook/cmake_prefix_path.ps1'
[70.619s] INFO:colcon.colcon_core.shell:Creating environment descriptor '/home/victor-22/go2_ws/slam_ws/catkin_point_lio_unilidar/install/point_lio/share/point_lio/hook/cmake_prefix_path.dsv'
[70.619s] INFO:colcon.colcon_core.shell:Creating environment hook '/home/victor-22/go2_ws/slam_ws/catkin_point_lio_unilidar/install/point_lio/share/point_lio/hook/cmake_prefix_path.sh'
[70.620s] Level 1:colcon.colcon_core.environment:checking '/home/victor-22/go2_ws/slam_ws/catkin_point_lio_unilidar/install/point_lio/lib'
[70.620s] Level 1:colcon.colcon_core.environment:checking '/home/victor-22/go2_ws/slam_ws/catkin_point_lio_unilidar/install/point_lio/bin'
[70.620s] Level 1:colcon.colcon_core.environment:checking '/home/victor-22/go2_ws/slam_ws/catkin_point_lio_unilidar/install/point_lio/lib/pkgconfig/point_lio.pc'
[70.620s] Level 1:colcon.colcon_core.environment:checking '/home/victor-22/go2_ws/slam_ws/catkin_point_lio_unilidar/install/point_lio/lib/python3.10/site-packages'
[70.621s] Level 1:colcon.colcon_core.environment:checking '/home/victor-22/go2_ws/slam_ws/catkin_point_lio_unilidar/install/point_lio/bin'
[70.621s] INFO:colcon.colcon_core.shell:Creating package script '/home/victor-22/go2_ws/slam_ws/catkin_point_lio_unilidar/install/point_lio/share/point_lio/package.ps1'
[70.622s] INFO:colcon.colcon_core.shell:Creating package descriptor '/home/victor-22/go2_ws/slam_ws/catkin_point_lio_unilidar/install/point_lio/share/point_lio/package.dsv'
[70.623s] INFO:colcon.colcon_core.shell:Creating package script '/home/victor-22/go2_ws/slam_ws/catkin_point_lio_unilidar/install/point_lio/share/point_lio/package.sh'
[70.624s] INFO:colcon.colcon_core.shell:Creating package script '/home/victor-22/go2_ws/slam_ws/catkin_point_lio_unilidar/install/point_lio/share/point_lio/package.bash'
[70.624s] INFO:colcon.colcon_core.shell:Creating package script '/home/victor-22/go2_ws/slam_ws/catkin_point_lio_unilidar/install/point_lio/share/point_lio/package.zsh'
[70.625s] Level 1:colcon.colcon_core.environment:create_file_with_runtime_dependencies(/home/victor-22/go2_ws/slam_ws/catkin_point_lio_unilidar/install/point_lio/share/colcon-core/packages/point_lio)
[70.625s] DEBUG:colcon.colcon_parallel_executor.executor.parallel:closing loop
[70.626s] DEBUG:colcon.colcon_parallel_executor.executor.parallel:loop closed
[70.626s] DEBUG:colcon.colcon_parallel_executor.executor.parallel:run_until_complete finished with '0'
[70.626s] DEBUG:colcon.colcon_core.event_reactor:joining thread
[70.633s] INFO:colcon.colcon_core.plugin_system:Skipping extension 'colcon_notification.desktop_notification.terminal_notifier': Not used on non-Darwin systems
[70.634s] INFO:colcon.colcon_core.plugin_system:Skipping extension 'colcon_notification.desktop_notification.win32': Not used on non-Windows systems
[70.634s] INFO:colcon.colcon_notification.desktop_notification:Sending desktop notification using 'notify2'
[70.649s] DEBUG:colcon.colcon_core.event_reactor:joined thread
[70.649s] INFO:colcon.colcon_core.shell:Creating prefix script '/home/victor-22/go2_ws/slam_ws/catkin_point_lio_unilidar/install/local_setup.ps1'
[70.650s] INFO:colcon.colcon_core.shell:Creating prefix util module '/home/victor-22/go2_ws/slam_ws/catkin_point_lio_unilidar/install/_local_setup_util_ps1.py'
[70.652s] INFO:colcon.colcon_core.shell:Creating prefix chain script '/home/victor-22/go2_ws/slam_ws/catkin_point_lio_unilidar/install/setup.ps1'
[70.653s] INFO:colcon.colcon_core.shell:Creating prefix script '/home/victor-22/go2_ws/slam_ws/catkin_point_lio_unilidar/install/local_setup.sh'
[70.654s] INFO:colcon.colcon_core.shell:Creating prefix util module '/home/victor-22/go2_ws/slam_ws/catkin_point_lio_unilidar/install/_local_setup_util_sh.py'
[70.655s] INFO:colcon.colcon_core.shell:Creating prefix chain script '/home/victor-22/go2_ws/slam_ws/catkin_point_lio_unilidar/install/setup.sh'
[70.656s] INFO:colcon.colcon_core.shell:Creating prefix script '/home/victor-22/go2_ws/slam_ws/catkin_point_lio_unilidar/install/local_setup.bash'
[70.658s] INFO:colcon.colcon_core.shell:Creating prefix chain script '/home/victor-22/go2_ws/slam_ws/catkin_point_lio_unilidar/install/setup.bash'
[70.660s] INFO:colcon.colcon_core.shell:Creating prefix script '/home/victor-22/go2_ws/slam_ws/catkin_point_lio_unilidar/install/local_setup.zsh'
[70.661s] INFO:colcon.colcon_core.shell:Creating prefix chain script '/home/victor-22/go2_ws/slam_ws/catkin_point_lio_unilidar/install/setup.zsh'
