[0.011s] Invoking command in '/home/victor-22/go2_ws/slam_ws/cartographer_ws/build/go2_cartographer': CMAKE_PREFIX_PATH=${CMAKE_PREFIX_PATH}:/opt/ros/humble /home/victor-22/.local/bin/cmake --build /home/victor-22/go2_ws/slam_ws/cartographer_ws/build/go2_cartographer -- -j8 -l8
[0.117s] [0mCMake Deprecation Warning at CMakeLists.txt:1 (cmake_minimum_required):
[0.117s]   Compatibility with CMake < 3.10 will be removed from a future version of
[0.118s]   CMake.
[0.118s] 
[0.118s]   Update the VERSION argument <min> value.  Or, use the <min>...<max> syntax
[0.118s]   to tell CMake that the project requires at least <min> but has been updated
[0.118s]   to work with policies introduced by <max> or earlier.
[0.118s] 
[0.118s] [0m
[0.129s] -- Found ament_cmake: 1.3.12 (/opt/ros/humble/share/ament_cmake/cmake)
[0.319s] -- Found ament_lint_auto: 0.12.14 (/opt/ros/humble/share/ament_lint_auto/cmake)
[0.386s] -- Added test 'copyright' to check source files copyright and LICENSE
[0.391s] -- Added test 'flake8' to check Python code syntax and style conventions
[0.391s] -- Added test 'lint_cmake' to check CMake code style
[0.392s] -- Added test 'pep257' to check Python code against some of the docstring style conventions in PEP 257
[0.394s] -- Added test 'xmllint' to check XML markup files
[0.396s] -- Configuring done (0.3s)
[0.401s] -- Generating done (0.0s)
[0.403s] -- Build files have been written to: /home/victor-22/go2_ws/slam_ws/cartographer_ws/build/go2_cartographer
[0.411s] Invoked command in '/home/victor-22/go2_ws/slam_ws/cartographer_ws/build/go2_cartographer' returned '0': CMAKE_PREFIX_PATH=${CMAKE_PREFIX_PATH}:/opt/ros/humble /home/victor-22/.local/bin/cmake --build /home/victor-22/go2_ws/slam_ws/cartographer_ws/build/go2_cartographer -- -j8 -l8
[0.483s] Invoking command in '/home/victor-22/go2_ws/slam_ws/cartographer_ws/build/go2_cartographer': CMAKE_PREFIX_PATH=${CMAKE_PREFIX_PATH}:/opt/ros/humble /home/victor-22/.local/bin/cmake --install /home/victor-22/go2_ws/slam_ws/cartographer_ws/build/go2_cartographer
[0.552s] -- Install configuration: ""
[0.554s] -- Up-to-date: /home/victor-22/go2_ws/slam_ws/cartographer_ws/install/go2_cartographer/share/go2_cartographer//launch
[0.554s] -- Up-to-date: /home/victor-22/go2_ws/slam_ws/cartographer_ws/install/go2_cartographer/share/go2_cartographer//launch/go2_cartographer.launch.py
[0.554s] -- Up-to-date: /home/victor-22/go2_ws/slam_ws/cartographer_ws/install/go2_cartographer/share/go2_cartographer//launch/__pycache__
[0.554s] -- Up-to-date: /home/victor-22/go2_ws/slam_ws/cartographer_ws/install/go2_cartographer/share/go2_cartographer//launch/__pycache__/go2_cartographer.launch.cpython-310.pyc
[0.554s] -- Up-to-date: /home/victor-22/go2_ws/slam_ws/cartographer_ws/install/go2_cartographer/share/go2_cartographer//launch/occupancy_grid.launch.py
[0.555s] -- Up-to-date: /home/victor-22/go2_ws/slam_ws/cartographer_ws/install/go2_cartographer/share/go2_cartographer//config
[0.555s] -- Up-to-date: /home/victor-22/go2_ws/slam_ws/cartographer_ws/install/go2_cartographer/share/go2_cartographer//config/cartographer_qos.yaml
[0.555s] -- Installing: /home/victor-22/go2_ws/slam_ws/cartographer_ws/install/go2_cartographer/share/go2_cartographer//config/go2_cartographer.lua
[0.555s] -- Up-to-date: /home/victor-22/go2_ws/slam_ws/cartographer_ws/install/go2_cartographer/share/go2_cartographer//rviz
[0.555s] -- Up-to-date: /home/victor-22/go2_ws/slam_ws/cartographer_ws/install/go2_cartographer/share/go2_cartographer//rviz/go2_cartographer.rviz
[0.555s] -- Up-to-date: /home/victor-22/go2_ws/slam_ws/cartographer_ws/install/go2_cartographer/share/ament_index/resource_index/package_run_dependencies/go2_cartographer
[0.555s] -- Installing: /home/victor-22/go2_ws/slam_ws/cartographer_ws/install/go2_cartographer/share/ament_index/resource_index/parent_prefix_path/go2_cartographer
[0.555s] -- Up-to-date: /home/victor-22/go2_ws/slam_ws/cartographer_ws/install/go2_cartographer/share/go2_cartographer/environment/ament_prefix_path.sh
[0.555s] -- Installing: /home/victor-22/go2_ws/slam_ws/cartographer_ws/install/go2_cartographer/share/go2_cartographer/environment/ament_prefix_path.dsv
[0.555s] -- Up-to-date: /home/victor-22/go2_ws/slam_ws/cartographer_ws/install/go2_cartographer/share/go2_cartographer/environment/path.sh
[0.555s] -- Installing: /home/victor-22/go2_ws/slam_ws/cartographer_ws/install/go2_cartographer/share/go2_cartographer/environment/path.dsv
[0.555s] -- Up-to-date: /home/victor-22/go2_ws/slam_ws/cartographer_ws/install/go2_cartographer/share/go2_cartographer/local_setup.bash
[0.555s] -- Up-to-date: /home/victor-22/go2_ws/slam_ws/cartographer_ws/install/go2_cartographer/share/go2_cartographer/local_setup.sh
[0.555s] -- Up-to-date: /home/victor-22/go2_ws/slam_ws/cartographer_ws/install/go2_cartographer/share/go2_cartographer/local_setup.zsh
[0.555s] -- Installing: /home/victor-22/go2_ws/slam_ws/cartographer_ws/install/go2_cartographer/share/go2_cartographer/local_setup.dsv
[0.556s] -- Installing: /home/victor-22/go2_ws/slam_ws/cartographer_ws/install/go2_cartographer/share/go2_cartographer/package.dsv
[0.556s] -- Up-to-date: /home/victor-22/go2_ws/slam_ws/cartographer_ws/install/go2_cartographer/share/ament_index/resource_index/packages/go2_cartographer
[0.556s] -- Up-to-date: /home/victor-22/go2_ws/slam_ws/cartographer_ws/install/go2_cartographer/share/go2_cartographer/cmake/go2_cartographerConfig.cmake
[0.556s] -- Up-to-date: /home/victor-22/go2_ws/slam_ws/cartographer_ws/install/go2_cartographer/share/go2_cartographer/cmake/go2_cartographerConfig-version.cmake
[0.556s] -- Up-to-date: /home/victor-22/go2_ws/slam_ws/cartographer_ws/install/go2_cartographer/share/go2_cartographer/package.xml
[0.557s] Invoked command in '/home/victor-22/go2_ws/slam_ws/cartographer_ws/build/go2_cartographer' returned '0': CMAKE_PREFIX_PATH=${CMAKE_PREFIX_PATH}:/opt/ros/humble /home/victor-22/.local/bin/cmake --install /home/victor-22/go2_ws/slam_ws/cartographer_ws/build/go2_cartographer
