-- Install configuration: ""
-- Up-to-date: /home/victor-22/go2_ws/slam_ws/cartographer_ws/install/go2_cartographer/share/go2_cartographer//launch
-- Up-to-date: /home/victor-22/go2_ws/slam_ws/cartographer_ws/install/go2_cartographer/share/go2_cartographer//launch/go2_cartographer.launch.py
-- Up-to-date: /home/victor-22/go2_ws/slam_ws/cartographer_ws/install/go2_cartographer/share/go2_cartographer//launch/__pycache__
-- Installing: /home/victor-22/go2_ws/slam_ws/cartographer_ws/install/go2_cartographer/share/go2_cartographer//launch/__pycache__/go2_cartographer.launch.cpython-310.pyc
-- Up-to-date: /home/victor-22/go2_ws/slam_ws/cartographer_ws/install/go2_cartographer/share/go2_cartographer//launch/occupancy_grid.launch.py
-- Up-to-date: /home/victor-22/go2_ws/slam_ws/cartographer_ws/install/go2_cartographer/share/go2_cartographer//config
-- Up-to-date: /home/victor-22/go2_ws/slam_ws/cartographer_ws/install/go2_cartographer/share/go2_cartographer//config/cartographer_qos.yaml
-- Up-to-date: /home/victor-22/go2_ws/slam_ws/cartographer_ws/install/go2_cartographer/share/go2_cartographer//config/go2_cartographer.lua
-- Up-to-date: /home/victor-22/go2_ws/slam_ws/cartographer_ws/install/go2_cartographer/share/go2_cartographer//rviz
-- Up-to-date: /home/victor-22/go2_ws/slam_ws/cartographer_ws/install/go2_cartographer/share/go2_cartographer//rviz/go2_cartographer.rviz
-- Up-to-date: /home/victor-22/go2_ws/slam_ws/cartographer_ws/install/go2_cartographer/share/ament_index/resource_index/package_run_dependencies/go2_cartographer
-- Up-to-date: /home/victor-22/go2_ws/slam_ws/cartographer_ws/install/go2_cartographer/share/ament_index/resource_index/parent_prefix_path/go2_cartographer
-- Up-to-date: /home/victor-22/go2_ws/slam_ws/cartographer_ws/install/go2_cartographer/share/go2_cartographer/environment/ament_prefix_path.sh
-- Up-to-date: /home/victor-22/go2_ws/slam_ws/cartographer_ws/install/go2_cartographer/share/go2_cartographer/environment/ament_prefix_path.dsv
-- Up-to-date: /home/victor-22/go2_ws/slam_ws/cartographer_ws/install/go2_cartographer/share/go2_cartographer/environment/path.sh
-- Up-to-date: /home/victor-22/go2_ws/slam_ws/cartographer_ws/install/go2_cartographer/share/go2_cartographer/environment/path.dsv
-- Up-to-date: /home/victor-22/go2_ws/slam_ws/cartographer_ws/install/go2_cartographer/share/go2_cartographer/local_setup.bash
-- Up-to-date: /home/victor-22/go2_ws/slam_ws/cartographer_ws/install/go2_cartographer/share/go2_cartographer/local_setup.sh
-- Up-to-date: /home/victor-22/go2_ws/slam_ws/cartographer_ws/install/go2_cartographer/share/go2_cartographer/local_setup.zsh
-- Up-to-date: /home/victor-22/go2_ws/slam_ws/cartographer_ws/install/go2_cartographer/share/go2_cartographer/local_setup.dsv
-- Up-to-date: /home/victor-22/go2_ws/slam_ws/cartographer_ws/install/go2_cartographer/share/go2_cartographer/package.dsv
-- Up-to-date: /home/victor-22/go2_ws/slam_ws/cartographer_ws/install/go2_cartographer/share/ament_index/resource_index/packages/go2_cartographer
-- Up-to-date: /home/victor-22/go2_ws/slam_ws/cartographer_ws/install/go2_cartographer/share/go2_cartographer/cmake/go2_cartographerConfig.cmake
-- Up-to-date: /home/victor-22/go2_ws/slam_ws/cartographer_ws/install/go2_cartographer/share/go2_cartographer/cmake/go2_cartographerConfig-version.cmake
-- Up-to-date: /home/victor-22/go2_ws/slam_ws/cartographer_ws/install/go2_cartographer/share/go2_cartographer/package.xml
