[0.013s] Invoking command in '/home/victor-22/go2_ws/slam_ws/cartographer_ws/build/go2_cartographer': CMAKE_PREFIX_PATH=${CMAKE_PREFIX_PATH}:/opt/ros/humble /home/victor-22/.local/bin/cmake --build /home/victor-22/go2_ws/slam_ws/cartographer_ws/build/go2_cartographer -- -j8 -l8
[0.130s] Invoked command in '/home/victor-22/go2_ws/slam_ws/cartographer_ws/build/go2_cartographer' returned '0': CMAKE_PREFIX_PATH=${CMAKE_PREFIX_PATH}:/opt/ros/humble /home/victor-22/.local/bin/cmake --build /home/victor-22/go2_ws/slam_ws/cartographer_ws/build/go2_cartographer -- -j8 -l8
[0.216s] Invoking command in '/home/victor-22/go2_ws/slam_ws/cartographer_ws/build/go2_cartographer': CMAKE_PREFIX_PATH=${CMAKE_PREFIX_PATH}:/opt/ros/humble /home/victor-22/.local/bin/cmake --install /home/victor-22/go2_ws/slam_ws/cartographer_ws/build/go2_cartographer
[0.297s] -- Install configuration: ""
[0.298s] -- Up-to-date: /home/victor-22/go2_ws/slam_ws/cartographer_ws/install/go2_cartographer/share/go2_cartographer//launch
[0.298s] -- Up-to-date: /home/victor-22/go2_ws/slam_ws/cartographer_ws/install/go2_cartographer/share/go2_cartographer//launch/go2_cartographer.launch.py
[0.298s] -- Up-to-date: /home/victor-22/go2_ws/slam_ws/cartographer_ws/install/go2_cartographer/share/go2_cartographer//launch/__pycache__
[0.298s] -- Installing: /home/victor-22/go2_ws/slam_ws/cartographer_ws/install/go2_cartographer/share/go2_cartographer//launch/__pycache__/go2_cartographer.launch.cpython-310.pyc
[0.298s] -- Up-to-date: /home/victor-22/go2_ws/slam_ws/cartographer_ws/install/go2_cartographer/share/go2_cartographer//launch/occupancy_grid.launch.py
[0.298s] -- Up-to-date: /home/victor-22/go2_ws/slam_ws/cartographer_ws/install/go2_cartographer/share/go2_cartographer//config
[0.298s] -- Up-to-date: /home/victor-22/go2_ws/slam_ws/cartographer_ws/install/go2_cartographer/share/go2_cartographer//config/cartographer_qos.yaml
[0.298s] -- Up-to-date: /home/victor-22/go2_ws/slam_ws/cartographer_ws/install/go2_cartographer/share/go2_cartographer//config/go2_cartographer.lua
[0.298s] -- Up-to-date: /home/victor-22/go2_ws/slam_ws/cartographer_ws/install/go2_cartographer/share/go2_cartographer//rviz
[0.299s] -- Up-to-date: /home/victor-22/go2_ws/slam_ws/cartographer_ws/install/go2_cartographer/share/go2_cartographer//rviz/go2_cartographer.rviz
[0.299s] -- Up-to-date: /home/victor-22/go2_ws/slam_ws/cartographer_ws/install/go2_cartographer/share/ament_index/resource_index/package_run_dependencies/go2_cartographer
[0.299s] -- Up-to-date: /home/victor-22/go2_ws/slam_ws/cartographer_ws/install/go2_cartographer/share/ament_index/resource_index/parent_prefix_path/go2_cartographer
[0.299s] -- Up-to-date: /home/victor-22/go2_ws/slam_ws/cartographer_ws/install/go2_cartographer/share/go2_cartographer/environment/ament_prefix_path.sh
[0.299s] -- Up-to-date: /home/victor-22/go2_ws/slam_ws/cartographer_ws/install/go2_cartographer/share/go2_cartographer/environment/ament_prefix_path.dsv
[0.299s] -- Up-to-date: /home/victor-22/go2_ws/slam_ws/cartographer_ws/install/go2_cartographer/share/go2_cartographer/environment/path.sh
[0.299s] -- Up-to-date: /home/victor-22/go2_ws/slam_ws/cartographer_ws/install/go2_cartographer/share/go2_cartographer/environment/path.dsv
[0.299s] -- Up-to-date: /home/victor-22/go2_ws/slam_ws/cartographer_ws/install/go2_cartographer/share/go2_cartographer/local_setup.bash
[0.300s] -- Up-to-date: /home/victor-22/go2_ws/slam_ws/cartographer_ws/install/go2_cartographer/share/go2_cartographer/local_setup.sh
[0.300s] -- Up-to-date: /home/victor-22/go2_ws/slam_ws/cartographer_ws/install/go2_cartographer/share/go2_cartographer/local_setup.zsh
[0.300s] -- Up-to-date: /home/victor-22/go2_ws/slam_ws/cartographer_ws/install/go2_cartographer/share/go2_cartographer/local_setup.dsv
[0.300s] -- Up-to-date: /home/victor-22/go2_ws/slam_ws/cartographer_ws/install/go2_cartographer/share/go2_cartographer/package.dsv
[0.300s] -- Up-to-date: /home/victor-22/go2_ws/slam_ws/cartographer_ws/install/go2_cartographer/share/ament_index/resource_index/packages/go2_cartographer
[0.300s] -- Up-to-date: /home/victor-22/go2_ws/slam_ws/cartographer_ws/install/go2_cartographer/share/go2_cartographer/cmake/go2_cartographerConfig.cmake
[0.300s] -- Up-to-date: /home/victor-22/go2_ws/slam_ws/cartographer_ws/install/go2_cartographer/share/go2_cartographer/cmake/go2_cartographerConfig-version.cmake
[0.300s] -- Up-to-date: /home/victor-22/go2_ws/slam_ws/cartographer_ws/install/go2_cartographer/share/go2_cartographer/package.xml
[0.301s] Invoked command in '/home/victor-22/go2_ws/slam_ws/cartographer_ws/build/go2_cartographer' returned '0': CMAKE_PREFIX_PATH=${CMAKE_PREFIX_PATH}:/opt/ros/humble /home/victor-22/.local/bin/cmake --install /home/victor-22/go2_ws/slam_ws/cartographer_ws/build/go2_cartographer
